Training using device: cuda
Creating test environment 'simple_spread_v3' to get agent information...
error: XDG_RUNTIME_DIR not set in the environment.
Original action sizes: [5, 5, 5]
Original observation sizes: [18, 18, 18]
Action bounds for each agent:
  ['agent_0', 'agent_1', 'agent_2']: [[0.0, 0.0, 0.0], [1.0, 1.0, 1.0]]
All agents have the same action bounds.
Using action bounds from agent_0: [0.0, 1.0]
Padded action sizes: [5, 5, 5]
Padded observation sizes: [18, 18, 18]
Environment: simple_spread_v3
Number of agents: 3
Agent names: ['agent_0', 'agent_1', 'agent_2']
Creating single 'simple_spread_v3' environment...
error: XDG_RUNTIME_DIR not set in the environment.
Agent Groups: [0, 0, 0]
📁 Training data will be saved to: ./runs/simple_spread_v3/baseline_spread_40k
Start Training: simple_spread_v3 | Mode: MLP | Agents: 3
Ep 50 | Avg Score: -262.15 | Noise: 1.00 | Time: 36s
Ep 100 | Avg Score: -249.36 | Noise: 1.00 | Time: 89s
Ep 150 | Avg Score: -230.16 | Noise: 0.99 | Time: 142s
Ep 200 | Avg Score: -226.59 | Noise: 0.99 | Time: 195s
Ep 250 | Avg Score: -219.20 | Noise: 0.99 | Time: 246s
Ep 300 | Avg Score: -216.39 | Noise: 0.99 | Time: 298s
Ep 350 | Avg Score: -213.20 | Noise: 0.99 | Time: 349s
Ep 400 | Avg Score: -211.69 | Noise: 0.99 | Time: 402s
Ep 450 | Avg Score: -222.19 | Noise: 0.98 | Time: 454s
Ep 500 | Avg Score: -227.03 | Noise: 0.98 | Time: 506s
Ep 550 | Avg Score: -220.30 | Noise: 0.98 | Time: 559s
Ep 600 | Avg Score: -217.85 | Noise: 0.98 | Time: 612s
Ep 650 | Avg Score: -212.18 | Noise: 0.98 | Time: 664s
Ep 700 | Avg Score: -198.95 | Noise: 0.98 | Time: 717s
Ep 750 | Avg Score: -199.85 | Noise: 0.97 | Time: 770s
Ep 800 | Avg Score: -209.08 | Noise: 0.97 | Time: 822s
Ep 850 | Avg Score: -211.56 | Noise: 0.97 | Time: 874s
Ep 900 | Avg Score: -208.71 | Noise: 0.97 | Time: 927s
Ep 950 | Avg Score: -213.61 | Noise: 0.97 | Time: 979s
Ep 1000 | Avg Score: -209.88 | Noise: 0.97 | Time: 1032s
Models saved to ./runs/simple_spread_v3/baseline_spread_40k/model.pt
Ep 1050 | Avg Score: -199.82 | Noise: 0.96 | Time: 1085s
Ep 1100 | Avg Score: -197.17 | Noise: 0.96 | Time: 1137s
Ep 1150 | Avg Score: -191.67 | Noise: 0.96 | Time: 1190s
Ep 1200 | Avg Score: -182.73 | Noise: 0.96 | Time: 1243s
Ep 1250 | Avg Score: -185.85 | Noise: 0.96 | Time: 1295s
Ep 1300 | Avg Score: -183.39 | Noise: 0.96 | Time: 1348s
Ep 1350 | Avg Score: -180.37 | Noise: 0.95 | Time: 1400s
Ep 1400 | Avg Score: -193.49 | Noise: 0.95 | Time: 1453s
Ep 1450 | Avg Score: -195.41 | Noise: 0.95 | Time: 1505s
Ep 1500 | Avg Score: -176.29 | Noise: 0.95 | Time: 1559s
Ep 1550 | Avg Score: -168.12 | Noise: 0.95 | Time: 1611s
Ep 1600 | Avg Score: -177.82 | Noise: 0.95 | Time: 1664s
Ep 1650 | Avg Score: -179.02 | Noise: 0.94 | Time: 1716s
Ep 1700 | Avg Score: -179.21 | Noise: 0.94 | Time: 1769s
Ep 1750 | Avg Score: -178.04 | Noise: 0.94 | Time: 1820s
Ep 1800 | Avg Score: -180.63 | Noise: 0.94 | Time: 1872s
Ep 1850 | Avg Score: -185.50 | Noise: 0.94 | Time: 1925s
Ep 1900 | Avg Score: -185.56 | Noise: 0.94 | Time: 1978s
Ep 1950 | Avg Score: -199.91 | Noise: 0.94 | Time: 2030s
Ep 2000 | Avg Score: -202.06 | Noise: 0.93 | Time: 2083s
Models saved to ./runs/simple_spread_v3/baseline_spread_40k/model.pt
Ep 2050 | Avg Score: -209.82 | Noise: 0.93 | Time: 2136s
Ep 2100 | Avg Score: -212.13 | Noise: 0.93 | Time: 2189s
Ep 2150 | Avg Score: -195.51 | Noise: 0.93 | Time: 2241s
Ep 2200 | Avg Score: -197.67 | Noise: 0.93 | Time: 2294s
Ep 2250 | Avg Score: -203.54 | Noise: 0.93 | Time: 2347s
Ep 2300 | Avg Score: -197.05 | Noise: 0.92 | Time: 2400s
Ep 2350 | Avg Score: -196.21 | Noise: 0.92 | Time: 2453s
Ep 2400 | Avg Score: -206.00 | Noise: 0.92 | Time: 2507s
Ep 2450 | Avg Score: -203.53 | Noise: 0.92 | Time: 2561s
Ep 2500 | Avg Score: -199.94 | Noise: 0.92 | Time: 2614s
Ep 2550 | Avg Score: -206.87 | Noise: 0.92 | Time: 2667s
Ep 2600 | Avg Score: -216.83 | Noise: 0.91 | Time: 2720s
Ep 2650 | Avg Score: -225.52 | Noise: 0.91 | Time: 2774s
Ep 2700 | Avg Score: -223.04 | Noise: 0.91 | Time: 2826s
Ep 2750 | Avg Score: -221.35 | Noise: 0.91 | Time: 2879s
Ep 2800 | Avg Score: -216.71 | Noise: 0.91 | Time: 2932s
Ep 2850 | Avg Score: -210.20 | Noise: 0.91 | Time: 2984s
Ep 2900 | Avg Score: -200.63 | Noise: 0.90 | Time: 3037s
Ep 2950 | Avg Score: -194.46 | Noise: 0.90 | Time: 3091s
Ep 3000 | Avg Score: -198.62 | Noise: 0.90 | Time: 3144s
Models saved to ./runs/simple_spread_v3/baseline_spread_40k/model.pt
Ep 3050 | Avg Score: -195.55 | Noise: 0.90 | Time: 3197s
Ep 3100 | Avg Score: -201.14 | Noise: 0.90 | Time: 3250s
Ep 3150 | Avg Score: -215.07 | Noise: 0.90 | Time: 3303s
Ep 3200 | Avg Score: -232.67 | Noise: 0.89 | Time: 3356s
Ep 3250 | Avg Score: -227.06 | Noise: 0.89 | Time: 3409s
Ep 3300 | Avg Score: -220.44 | Noise: 0.89 | Time: 3462s
Ep 3350 | Avg Score: -244.15 | Noise: 0.89 | Time: 3515s
Ep 3400 | Avg Score: -242.35 | Noise: 0.89 | Time: 3567s
Ep 3450 | Avg Score: -227.82 | Noise: 0.89 | Time: 3620s
Ep 3500 | Avg Score: -230.58 | Noise: 0.88 | Time: 3672s
Ep 3550 | Avg Score: -221.52 | Noise: 0.88 | Time: 3725s
Ep 3600 | Avg Score: -209.76 | Noise: 0.88 | Time: 3777s
Ep 3650 | Avg Score: -222.04 | Noise: 0.88 | Time: 3830s
Ep 3700 | Avg Score: -227.76 | Noise: 0.88 | Time: 3883s
Ep 3750 | Avg Score: -216.19 | Noise: 0.88 | Time: 3936s
Ep 3800 | Avg Score: -211.01 | Noise: 0.87 | Time: 3990s
Ep 3850 | Avg Score: -205.33 | Noise: 0.87 | Time: 4043s
Ep 3900 | Avg Score: -196.55 | Noise: 0.87 | Time: 4096s
Ep 3950 | Avg Score: -195.45 | Noise: 0.87 | Time: 4150s
Ep 4000 | Avg Score: -194.31 | Noise: 0.87 | Time: 4204s
Models saved to ./runs/simple_spread_v3/baseline_spread_40k/model.pt
Ep 4050 | Avg Score: -201.37 | Noise: 0.86 | Time: 4258s
Ep 4100 | Avg Score: -214.06 | Noise: 0.86 | Time: 4306s
Ep 4150 | Avg Score: -203.08 | Noise: 0.86 | Time: 4360s
Ep 4200 | Avg Score: -200.89 | Noise: 0.86 | Time: 4413s
Ep 4250 | Avg Score: -201.60 | Noise: 0.86 | Time: 4467s
Ep 4300 | Avg Score: -210.15 | Noise: 0.86 | Time: 4520s
Ep 4350 | Avg Score: -208.25 | Noise: 0.85 | Time: 4574s
Ep 4400 | Avg Score: -178.92 | Noise: 0.85 | Time: 4627s
Ep 4450 | Avg Score: -181.77 | Noise: 0.85 | Time: 4680s
Ep 4500 | Avg Score: -196.72 | Noise: 0.85 | Time: 4733s
Ep 4550 | Avg Score: -191.20 | Noise: 0.85 | Time: 4786s
Ep 4600 | Avg Score: -182.82 | Noise: 0.85 | Time: 4838s
Ep 4650 | Avg Score: -183.64 | Noise: 0.84 | Time: 4892s
Ep 4700 | Avg Score: -187.35 | Noise: 0.84 | Time: 4945s
Ep 4750 | Avg Score: -192.79 | Noise: 0.84 | Time: 4998s
Ep 4800 | Avg Score: -204.33 | Noise: 0.84 | Time: 5051s
Ep 4850 | Avg Score: -203.57 | Noise: 0.84 | Time: 5104s
Ep 4900 | Avg Score: -199.10 | Noise: 0.84 | Time: 5157s
Ep 4950 | Avg Score: -196.03 | Noise: 0.83 | Time: 5209s
Ep 5000 | Avg Score: -205.51 | Noise: 0.83 | Time: 5262s
Models saved to ./runs/simple_spread_v3/baseline_spread_40k/model.pt
Ep 5050 | Avg Score: -214.47 | Noise: 0.83 | Time: 5314s
Ep 5100 | Avg Score: -211.10 | Noise: 0.83 | Time: 5367s
Ep 5150 | Avg Score: -207.26 | Noise: 0.83 | Time: 5419s
Ep 5200 | Avg Score: -203.19 | Noise: 0.83 | Time: 5471s
Ep 5250 | Avg Score: -198.75 | Noise: 0.82 | Time: 5523s
Ep 5300 | Avg Score: -188.94 | Noise: 0.82 | Time: 5576s
Ep 5350 | Avg Score: -183.46 | Noise: 0.82 | Time: 5625s
Ep 5400 | Avg Score: -178.30 | Noise: 0.82 | Time: 5671s
Ep 5450 | Avg Score: -172.96 | Noise: 0.82 | Time: 5718s
Ep 5500 | Avg Score: -177.39 | Noise: 0.82 | Time: 5765s
Ep 5550 | Avg Score: -188.19 | Noise: 0.81 | Time: 5812s
Ep 5600 | Avg Score: -183.30 | Noise: 0.81 | Time: 5857s
Ep 5650 | Avg Score: -170.44 | Noise: 0.81 | Time: 5903s
Ep 5700 | Avg Score: -159.98 | Noise: 0.81 | Time: 5948s
Ep 5750 | Avg Score: -166.55 | Noise: 0.81 | Time: 5999s
Ep 5800 | Avg Score: -177.33 | Noise: 0.81 | Time: 6052s
Ep 5850 | Avg Score: -178.02 | Noise: 0.80 | Time: 6105s
Ep 5900 | Avg Score: -178.27 | Noise: 0.80 | Time: 6158s
Ep 5950 | Avg Score: -178.08 | Noise: 0.80 | Time: 6210s
Ep 6000 | Avg Score: -171.72 | Noise: 0.80 | Time: 6263s
Models saved to ./runs/simple_spread_v3/baseline_spread_40k/model.pt
Ep 6050 | Avg Score: -166.89 | Noise: 0.80 | Time: 6316s
Ep 6100 | Avg Score: -166.44 | Noise: 0.80 | Time: 6369s
Ep 6150 | Avg Score: -162.14 | Noise: 0.80 | Time: 6422s
Ep 6200 | Avg Score: -161.68 | Noise: 0.79 | Time: 6475s
Ep 6250 | Avg Score: -160.14 | Noise: 0.79 | Time: 6528s
Ep 6300 | Avg Score: -155.97 | Noise: 0.79 | Time: 6581s
Ep 6350 | Avg Score: -167.07 | Noise: 0.79 | Time: 6634s
Ep 6400 | Avg Score: -174.77 | Noise: 0.79 | Time: 6687s
Ep 6450 | Avg Score: -165.05 | Noise: 0.79 | Time: 6740s
Ep 6500 | Avg Score: -182.68 | Noise: 0.78 | Time: 6793s
Ep 6550 | Avg Score: -187.53 | Noise: 0.78 | Time: 6841s
Ep 6600 | Avg Score: -165.45 | Noise: 0.78 | Time: 6894s
Ep 6650 | Avg Score: -169.05 | Noise: 0.78 | Time: 6947s
Ep 6700 | Avg Score: -180.44 | Noise: 0.78 | Time: 7000s
Ep 6750 | Avg Score: -178.64 | Noise: 0.78 | Time: 7053s
Ep 6800 | Avg Score: -177.41 | Noise: 0.77 | Time: 7106s
Ep 6850 | Avg Score: -172.59 | Noise: 0.77 | Time: 7159s
Ep 6900 | Avg Score: -170.37 | Noise: 0.77 | Time: 7211s
Ep 6950 | Avg Score: -174.90 | Noise: 0.77 | Time: 7264s
Ep 7000 | Avg Score: -166.42 | Noise: 0.77 | Time: 7316s
Models saved to ./runs/simple_spread_v3/baseline_spread_40k/model.pt
Ep 7050 | Avg Score: -163.64 | Noise: 0.77 | Time: 7369s
Ep 7100 | Avg Score: -166.18 | Noise: 0.76 | Time: 7422s
Ep 7150 | Avg Score: -166.88 | Noise: 0.76 | Time: 7476s
Ep 7200 | Avg Score: -170.67 | Noise: 0.76 | Time: 7528s
Ep 7250 | Avg Score: -167.40 | Noise: 0.76 | Time: 7582s
Ep 7300 | Avg Score: -153.69 | Noise: 0.76 | Time: 7635s
Ep 7350 | Avg Score: -141.43 | Noise: 0.76 | Time: 7687s
Ep 7400 | Avg Score: -141.62 | Noise: 0.75 | Time: 7740s
Ep 7450 | Avg Score: -142.89 | Noise: 0.75 | Time: 7794s
Ep 7500 | Avg Score: -142.48 | Noise: 0.75 | Time: 7847s
Ep 7550 | Avg Score: -141.39 | Noise: 0.75 | Time: 7899s
Ep 7600 | Avg Score: -141.81 | Noise: 0.75 | Time: 7952s
Ep 7650 | Avg Score: -144.74 | Noise: 0.74 | Time: 8005s
Ep 7700 | Avg Score: -146.96 | Noise: 0.74 | Time: 8058s
Ep 7750 | Avg Score: -151.09 | Noise: 0.74 | Time: 8111s
Ep 7800 | Avg Score: -148.94 | Noise: 0.74 | Time: 8164s
Ep 7850 | Avg Score: -147.12 | Noise: 0.74 | Time: 8218s
Ep 7900 | Avg Score: -145.60 | Noise: 0.74 | Time: 8271s
Ep 7950 | Avg Score: -143.75 | Noise: 0.73 | Time: 8324s
Ep 8000 | Avg Score: -144.86 | Noise: 0.73 | Time: 8378s
Models saved to ./runs/simple_spread_v3/baseline_spread_40k/model.pt
Ep 8050 | Avg Score: -141.84 | Noise: 0.73 | Time: 8431s
Ep 8100 | Avg Score: -139.73 | Noise: 0.73 | Time: 8484s
Ep 8150 | Avg Score: -141.88 | Noise: 0.73 | Time: 8538s
Ep 8200 | Avg Score: -144.31 | Noise: 0.73 | Time: 8591s
Ep 8250 | Avg Score: -151.61 | Noise: 0.72 | Time: 8645s
Ep 8300 | Avg Score: -149.82 | Noise: 0.72 | Time: 8698s
Ep 8350 | Avg Score: -145.03 | Noise: 0.72 | Time: 8751s
Ep 8400 | Avg Score: -145.43 | Noise: 0.72 | Time: 8804s
Ep 8450 | Avg Score: -150.75 | Noise: 0.72 | Time: 8857s
Ep 8500 | Avg Score: -149.17 | Noise: 0.72 | Time: 8910s
Ep 8550 | Avg Score: -143.22 | Noise: 0.72 | Time: 8961s
Ep 8600 | Avg Score: -144.34 | Noise: 0.71 | Time: 9007s
Ep 8650 | Avg Score: -150.87 | Noise: 0.71 | Time: 9053s
Ep 8700 | Avg Score: -156.84 | Noise: 0.71 | Time: 9105s
Ep 8750 | Avg Score: -155.58 | Noise: 0.71 | Time: 9158s
Ep 8800 | Avg Score: -163.69 | Noise: 0.71 | Time: 9212s
Ep 8850 | Avg Score: -160.96 | Noise: 0.71 | Time: 9264s
Ep 8900 | Avg Score: -155.35 | Noise: 0.70 | Time: 9316s
Ep 8950 | Avg Score: -153.39 | Noise: 0.70 | Time: 9369s
Ep 9000 | Avg Score: -141.97 | Noise: 0.70 | Time: 9421s
Models saved to ./runs/simple_spread_v3/baseline_spread_40k/model.pt
Ep 9050 | Avg Score: -134.37 | Noise: 0.70 | Time: 9474s
Ep 9100 | Avg Score: -133.85 | Noise: 0.70 | Time: 9528s
Ep 9150 | Avg Score: -139.48 | Noise: 0.70 | Time: 9581s
Ep 9200 | Avg Score: -143.04 | Noise: 0.69 | Time: 9634s
Ep 9250 | Avg Score: -141.07 | Noise: 0.69 | Time: 9688s
Ep 9300 | Avg Score: -138.82 | Noise: 0.69 | Time: 9741s
Ep 9350 | Avg Score: -135.83 | Noise: 0.69 | Time: 9794s
Ep 9400 | Avg Score: -137.27 | Noise: 0.69 | Time: 9848s
Ep 9450 | Avg Score: -140.26 | Noise: 0.69 | Time: 9901s
Ep 9500 | Avg Score: -144.46 | Noise: 0.68 | Time: 9955s
Ep 9550 | Avg Score: -149.52 | Noise: 0.68 | Time: 10008s
Ep 9600 | Avg Score: -149.58 | Noise: 0.68 | Time: 10062s
Ep 9650 | Avg Score: -147.84 | Noise: 0.68 | Time: 10115s
Ep 9700 | Avg Score: -144.00 | Noise: 0.68 | Time: 10169s
Ep 9750 | Avg Score: -141.36 | Noise: 0.68 | Time: 10223s
Ep 9800 | Avg Score: -140.60 | Noise: 0.67 | Time: 10276s
Ep 9850 | Avg Score: -140.67 | Noise: 0.67 | Time: 10330s
Ep 9900 | Avg Score: -138.44 | Noise: 0.67 | Time: 10383s
Ep 9950 | Avg Score: -132.19 | Noise: 0.67 | Time: 10436s
Ep 10000 | Avg Score: -137.46 | Noise: 0.67 | Time: 10489s
Models saved to ./runs/simple_spread_v3/baseline_spread_40k/model.pt
Ep 10050 | Avg Score: -138.11 | Noise: 0.67 | Time: 10542s
Ep 10100 | Avg Score: -128.72 | Noise: 0.66 | Time: 10594s
Ep 10150 | Avg Score: -135.86 | Noise: 0.66 | Time: 10647s
Ep 10200 | Avg Score: -134.19 | Noise: 0.66 | Time: 10700s
Ep 10250 | Avg Score: -126.17 | Noise: 0.66 | Time: 10753s
Ep 10300 | Avg Score: -133.19 | Noise: 0.66 | Time: 10805s
Ep 10350 | Avg Score: -133.03 | Noise: 0.66 | Time: 10858s
Ep 10400 | Avg Score: -127.92 | Noise: 0.65 | Time: 10911s
Ep 10450 | Avg Score: -130.58 | Noise: 0.65 | Time: 10964s
Ep 10500 | Avg Score: -125.84 | Noise: 0.65 | Time: 11017s
Ep 10550 | Avg Score: -120.44 | Noise: 0.65 | Time: 11070s
Ep 10600 | Avg Score: -122.97 | Noise: 0.65 | Time: 11123s
Ep 10650 | Avg Score: -125.95 | Noise: 0.65 | Time: 11177s
Ep 10700 | Avg Score: -128.62 | Noise: 0.64 | Time: 11230s
Ep 10750 | Avg Score: -129.93 | Noise: 0.64 | Time: 11284s
Ep 10800 | Avg Score: -127.56 | Noise: 0.64 | Time: 11337s
Ep 10850 | Avg Score: -133.26 | Noise: 0.64 | Time: 11391s
Ep 10900 | Avg Score: -143.25 | Noise: 0.64 | Time: 11444s
Ep 10950 | Avg Score: -142.17 | Noise: 0.64 | Time: 11497s
Ep 11000 | Avg Score: -136.03 | Noise: 0.63 | Time: 11550s
Models saved to ./runs/simple_spread_v3/baseline_spread_40k/model.pt
Ep 11050 | Avg Score: -133.09 | Noise: 0.63 | Time: 11602s
Ep 11100 | Avg Score: -131.06 | Noise: 0.63 | Time: 11655s
Ep 11150 | Avg Score: -130.53 | Noise: 0.63 | Time: 11708s
Ep 11200 | Avg Score: -134.22 | Noise: 0.63 | Time: 11761s
Ep 11250 | Avg Score: -129.66 | Noise: 0.62 | Time: 11813s
Ep 11300 | Avg Score: -127.48 | Noise: 0.62 | Time: 11865s
Ep 11350 | Avg Score: -129.54 | Noise: 0.62 | Time: 11919s
Ep 11400 | Avg Score: -124.63 | Noise: 0.62 | Time: 11972s
Ep 11450 | Avg Score: -124.19 | Noise: 0.62 | Time: 12026s
Ep 11500 | Avg Score: -121.65 | Noise: 0.62 | Time: 12079s
Ep 11550 | Avg Score: -119.20 | Noise: 0.61 | Time: 12133s
Ep 11600 | Avg Score: -127.21 | Noise: 0.61 | Time: 12186s
Ep 11650 | Avg Score: -129.74 | Noise: 0.61 | Time: 12239s
Ep 11700 | Avg Score: -125.32 | Noise: 0.61 | Time: 12293s
Ep 11750 | Avg Score: -119.69 | Noise: 0.61 | Time: 12346s
Ep 11800 | Avg Score: -116.16 | Noise: 0.61 | Time: 12400s
Ep 11850 | Avg Score: -117.78 | Noise: 0.60 | Time: 12453s
Ep 11900 | Avg Score: -122.24 | Noise: 0.60 | Time: 12506s
Ep 11950 | Avg Score: -121.69 | Noise: 0.60 | Time: 12559s
Ep 12000 | Avg Score: -121.84 | Noise: 0.60 | Time: 12612s
Models saved to ./runs/simple_spread_v3/baseline_spread_40k/model.pt
Ep 12050 | Avg Score: -123.48 | Noise: 0.60 | Time: 12665s
Ep 12100 | Avg Score: -119.89 | Noise: 0.60 | Time: 12718s
Ep 12150 | Avg Score: -116.11 | Noise: 0.59 | Time: 12772s
Ep 12200 | Avg Score: -116.38 | Noise: 0.59 | Time: 12825s
Ep 12250 | Avg Score: -122.99 | Noise: 0.59 | Time: 12878s
Ep 12300 | Avg Score: -123.89 | Noise: 0.59 | Time: 12931s
Ep 12350 | Avg Score: -117.84 | Noise: 0.59 | Time: 12984s
Ep 12400 | Avg Score: -119.69 | Noise: 0.59 | Time: 13037s
Ep 12450 | Avg Score: -120.87 | Noise: 0.58 | Time: 13090s
Ep 12500 | Avg Score: -117.29 | Noise: 0.58 | Time: 13143s
Ep 12550 | Avg Score: -120.17 | Noise: 0.58 | Time: 13195s
Ep 12600 | Avg Score: -120.86 | Noise: 0.58 | Time: 13248s
Ep 12650 | Avg Score: -120.69 | Noise: 0.58 | Time: 13301s
Ep 12700 | Avg Score: -123.98 | Noise: 0.58 | Time: 13355s
Ep 12750 | Avg Score: -119.48 | Noise: 0.57 | Time: 13409s
Ep 12800 | Avg Score: -115.95 | Noise: 0.57 | Time: 13462s
Ep 12850 | Avg Score: -123.26 | Noise: 0.57 | Time: 13516s
Ep 12900 | Avg Score: -130.84 | Noise: 0.57 | Time: 13569s
Ep 12950 | Avg Score: -144.97 | Noise: 0.57 | Time: 13622s
Ep 13000 | Avg Score: -142.92 | Noise: 0.57 | Time: 13676s
Models saved to ./runs/simple_spread_v3/baseline_spread_40k/model.pt
Ep 13050 | Avg Score: -137.63 | Noise: 0.56 | Time: 13729s
Ep 13100 | Avg Score: -130.39 | Noise: 0.56 | Time: 13781s
Ep 13150 | Avg Score: -117.72 | Noise: 0.56 | Time: 13834s
Ep 13200 | Avg Score: -117.43 | Noise: 0.56 | Time: 13887s
Ep 13250 | Avg Score: -113.18 | Noise: 0.56 | Time: 13941s
Ep 13300 | Avg Score: -113.44 | Noise: 0.56 | Time: 13994s
Ep 13350 | Avg Score: -118.26 | Noise: 0.55 | Time: 14048s
Ep 13400 | Avg Score: -124.15 | Noise: 0.55 | Time: 14102s
Ep 13450 | Avg Score: -128.51 | Noise: 0.55 | Time: 14156s
Ep 13500 | Avg Score: -124.47 | Noise: 0.55 | Time: 14210s
Ep 13550 | Avg Score: -122.33 | Noise: 0.55 | Time: 14263s
Ep 13600 | Avg Score: -121.20 | Noise: 0.55 | Time: 14317s
Ep 13650 | Avg Score: -119.84 | Noise: 0.54 | Time: 14370s
Ep 13700 | Avg Score: -125.55 | Noise: 0.54 | Time: 14423s
Ep 13750 | Avg Score: -124.37 | Noise: 0.54 | Time: 14477s
Ep 13800 | Avg Score: -122.99 | Noise: 0.54 | Time: 14531s
Ep 13850 | Avg Score: -119.07 | Noise: 0.54 | Time: 14584s
Ep 13900 | Avg Score: -115.80 | Noise: 0.54 | Time: 14638s
Ep 13950 | Avg Score: -118.02 | Noise: 0.53 | Time: 14691s
Ep 14000 | Avg Score: -114.88 | Noise: 0.53 | Time: 14745s
Models saved to ./runs/simple_spread_v3/baseline_spread_40k/model.pt
Ep 14050 | Avg Score: -108.70 | Noise: 0.53 | Time: 14798s
Ep 14100 | Avg Score: -110.91 | Noise: 0.53 | Time: 14850s
Ep 14150 | Avg Score: -118.34 | Noise: 0.53 | Time: 14904s
Ep 14200 | Avg Score: -120.10 | Noise: 0.53 | Time: 14957s
Ep 14250 | Avg Score: -127.64 | Noise: 0.53 | Time: 15010s
Ep 14300 | Avg Score: -130.16 | Noise: 0.52 | Time: 15063s
Ep 14350 | Avg Score: -122.29 | Noise: 0.52 | Time: 15115s
Ep 14400 | Avg Score: -117.87 | Noise: 0.52 | Time: 15167s
Ep 14450 | Avg Score: -116.16 | Noise: 0.52 | Time: 15220s
Ep 14500 | Avg Score: -115.19 | Noise: 0.52 | Time: 15272s
Ep 14550 | Avg Score: -110.30 | Noise: 0.52 | Time: 15325s
Ep 14600 | Avg Score: -108.26 | Noise: 0.51 | Time: 15379s
Ep 14650 | Avg Score: -107.91 | Noise: 0.51 | Time: 15432s
Ep 14700 | Avg Score: -110.51 | Noise: 0.51 | Time: 15484s
Ep 14750 | Avg Score: -117.01 | Noise: 0.51 | Time: 15538s
Ep 14800 | Avg Score: -117.43 | Noise: 0.51 | Time: 15592s
Ep 14850 | Avg Score: -110.80 | Noise: 0.51 | Time: 15645s
Ep 14900 | Avg Score: -106.00 | Noise: 0.50 | Time: 15698s
Ep 14950 | Avg Score: -102.70 | Noise: 0.50 | Time: 15751s
Ep 15000 | Avg Score: -111.01 | Noise: 0.50 | Time: 15803s
Models saved to ./runs/simple_spread_v3/baseline_spread_40k/model.pt
Ep 15050 | Avg Score: -110.62 | Noise: 0.50 | Time: 15856s
Ep 15100 | Avg Score: -102.38 | Noise: 0.50 | Time: 15910s
Ep 15150 | Avg Score: -113.65 | Noise: 0.49 | Time: 15962s
Ep 15200 | Avg Score: -110.74 | Noise: 0.49 | Time: 16015s
Ep 15250 | Avg Score: -109.57 | Noise: 0.49 | Time: 16068s
Ep 15300 | Avg Score: -118.75 | Noise: 0.49 | Time: 16120s
Ep 15350 | Avg Score: -121.56 | Noise: 0.49 | Time: 16172s
Ep 15400 | Avg Score: -126.95 | Noise: 0.49 | Time: 16224s
Ep 15450 | Avg Score: -127.01 | Noise: 0.48 | Time: 16277s
Ep 15500 | Avg Score: -119.88 | Noise: 0.48 | Time: 16330s
Ep 15550 | Avg Score: -113.68 | Noise: 0.48 | Time: 16383s
Ep 15600 | Avg Score: -111.67 | Noise: 0.48 | Time: 16436s
Ep 15650 | Avg Score: -109.63 | Noise: 0.48 | Time: 16490s
Ep 15700 | Avg Score: -104.25 | Noise: 0.48 | Time: 16543s
Ep 15750 | Avg Score: -106.36 | Noise: 0.47 | Time: 16596s
Ep 15800 | Avg Score: -111.48 | Noise: 0.47 | Time: 16649s
Ep 15850 | Avg Score: -109.59 | Noise: 0.47 | Time: 16702s
Ep 15900 | Avg Score: -107.23 | Noise: 0.47 | Time: 16755s
Ep 15950 | Avg Score: -99.65 | Noise: 0.47 | Time: 16809s
Ep 16000 | Avg Score: -101.11 | Noise: 0.47 | Time: 16862s
Models saved to ./runs/simple_spread_v3/baseline_spread_40k/model.pt
Ep 16050 | Avg Score: -105.28 | Noise: 0.46 | Time: 16915s
Ep 16100 | Avg Score: -102.91 | Noise: 0.46 | Time: 16967s
Ep 16150 | Avg Score: -104.51 | Noise: 0.46 | Time: 17021s
Ep 16200 | Avg Score: -100.21 | Noise: 0.46 | Time: 17073s
Ep 16250 | Avg Score: -104.90 | Noise: 0.46 | Time: 17126s
Ep 16300 | Avg Score: -109.11 | Noise: 0.46 | Time: 17178s
Ep 16350 | Avg Score: -106.29 | Noise: 0.45 | Time: 17230s
Ep 16400 | Avg Score: -105.82 | Noise: 0.45 | Time: 17282s
Ep 16450 | Avg Score: -108.16 | Noise: 0.45 | Time: 17334s
Ep 16500 | Avg Score: -112.36 | Noise: 0.45 | Time: 17387s
Ep 16550 | Avg Score: -110.30 | Noise: 0.45 | Time: 17439s
Ep 16600 | Avg Score: -105.62 | Noise: 0.45 | Time: 17491s
Ep 16650 | Avg Score: -103.67 | Noise: 0.44 | Time: 17543s
Ep 16700 | Avg Score: -109.16 | Noise: 0.44 | Time: 17596s
Ep 16750 | Avg Score: -111.59 | Noise: 0.44 | Time: 17648s
Ep 16800 | Avg Score: -110.19 | Noise: 0.44 | Time: 17699s
Ep 16850 | Avg Score: -103.74 | Noise: 0.44 | Time: 17751s
Ep 16900 | Avg Score: -99.31 | Noise: 0.44 | Time: 17801s
Ep 16950 | Avg Score: -105.41 | Noise: 0.44 | Time: 17850s
Ep 17000 | Avg Score: -110.82 | Noise: 0.43 | Time: 17902s
Models saved to ./runs/simple_spread_v3/baseline_spread_40k/model.pt
Ep 17050 | Avg Score: -106.54 | Noise: 0.43 | Time: 17955s
Ep 17100 | Avg Score: -98.94 | Noise: 0.43 | Time: 18008s
Ep 17150 | Avg Score: -98.29 | Noise: 0.43 | Time: 18060s
Ep 17200 | Avg Score: -98.58 | Noise: 0.43 | Time: 18113s
Ep 17250 | Avg Score: -97.43 | Noise: 0.43 | Time: 18166s
Ep 17300 | Avg Score: -100.01 | Noise: 0.42 | Time: 18219s
Ep 17350 | Avg Score: -100.36 | Noise: 0.42 | Time: 18273s
Ep 17400 | Avg Score: -96.47 | Noise: 0.42 | Time: 18325s
Ep 17450 | Avg Score: -98.31 | Noise: 0.42 | Time: 18379s
Ep 17500 | Avg Score: -98.97 | Noise: 0.42 | Time: 18432s
Ep 17550 | Avg Score: -98.23 | Noise: 0.42 | Time: 18485s
Ep 17600 | Avg Score: -107.29 | Noise: 0.41 | Time: 18537s
Ep 17650 | Avg Score: -107.66 | Noise: 0.41 | Time: 18590s
Ep 17700 | Avg Score: -99.76 | Noise: 0.41 | Time: 18643s
Ep 17750 | Avg Score: -99.83 | Noise: 0.41 | Time: 18695s
Ep 17800 | Avg Score: -99.75 | Noise: 0.41 | Time: 18747s
Ep 17850 | Avg Score: -104.57 | Noise: 0.41 | Time: 18800s
Ep 17900 | Avg Score: -109.27 | Noise: 0.40 | Time: 18852s
Ep 17950 | Avg Score: -107.75 | Noise: 0.40 | Time: 18905s
Ep 18000 | Avg Score: -100.53 | Noise: 0.40 | Time: 18957s
Models saved to ./runs/simple_spread_v3/baseline_spread_40k/model.pt
Ep 18050 | Avg Score: -98.72 | Noise: 0.40 | Time: 19009s
Ep 18100 | Avg Score: -102.64 | Noise: 0.40 | Time: 19061s
Ep 18150 | Avg Score: -101.14 | Noise: 0.40 | Time: 19114s
Ep 18200 | Avg Score: -99.62 | Noise: 0.39 | Time: 19167s
Ep 18250 | Avg Score: -96.38 | Noise: 0.39 | Time: 19220s
Ep 18300 | Avg Score: -90.76 | Noise: 0.39 | Time: 19273s
Ep 18350 | Avg Score: -88.75 | Noise: 0.39 | Time: 19326s
Ep 18400 | Avg Score: -93.73 | Noise: 0.39 | Time: 19376s
Ep 18450 | Avg Score: -95.40 | Noise: 0.39 | Time: 19421s
Ep 18500 | Avg Score: -94.28 | Noise: 0.38 | Time: 19470s
Ep 18550 | Avg Score: -97.60 | Noise: 0.38 | Time: 19516s
Ep 18600 | Avg Score: -95.95 | Noise: 0.38 | Time: 19569s
Ep 18650 | Avg Score: -92.10 | Noise: 0.38 | Time: 19622s
Ep 18700 | Avg Score: -93.61 | Noise: 0.38 | Time: 19675s
Ep 18750 | Avg Score: -94.57 | Noise: 0.38 | Time: 19727s
Ep 18800 | Avg Score: -94.32 | Noise: 0.37 | Time: 19780s
Ep 18850 | Avg Score: -103.59 | Noise: 0.37 | Time: 19832s
Ep 18900 | Avg Score: -111.45 | Noise: 0.37 | Time: 19886s
Ep 18950 | Avg Score: -106.36 | Noise: 0.37 | Time: 19938s
Ep 19000 | Avg Score: -102.72 | Noise: 0.37 | Time: 19990s
Models saved to ./runs/simple_spread_v3/baseline_spread_40k/model.pt
Ep 19050 | Avg Score: -108.17 | Noise: 0.36 | Time: 20042s
Ep 19100 | Avg Score: -106.83 | Noise: 0.36 | Time: 20095s
Ep 19150 | Avg Score: -97.22 | Noise: 0.36 | Time: 20148s
Ep 19200 | Avg Score: -90.90 | Noise: 0.36 | Time: 20200s
Ep 19250 | Avg Score: -89.00 | Noise: 0.36 | Time: 20253s
Ep 19300 | Avg Score: -91.81 | Noise: 0.36 | Time: 20306s
Ep 19350 | Avg Score: -87.91 | Noise: 0.35 | Time: 20358s
Ep 19400 | Avg Score: -90.84 | Noise: 0.35 | Time: 20411s
Ep 19450 | Avg Score: -100.36 | Noise: 0.35 | Time: 20464s
Ep 19500 | Avg Score: -106.31 | Noise: 0.35 | Time: 20517s
Ep 19550 | Avg Score: -105.91 | Noise: 0.35 | Time: 20570s
Ep 19600 | Avg Score: -103.73 | Noise: 0.35 | Time: 20622s
Ep 19650 | Avg Score: -102.31 | Noise: 0.34 | Time: 20675s
Ep 19700 | Avg Score: -96.37 | Noise: 0.34 | Time: 20728s
Ep 19750 | Avg Score: -102.74 | Noise: 0.34 | Time: 20781s
Ep 19800 | Avg Score: -105.24 | Noise: 0.34 | Time: 20835s
Ep 19850 | Avg Score: -98.73 | Noise: 0.34 | Time: 20888s
Ep 19900 | Avg Score: -93.56 | Noise: 0.34 | Time: 20942s
Ep 19950 | Avg Score: -91.39 | Noise: 0.33 | Time: 20995s
Ep 20000 | Avg Score: -92.17 | Noise: 0.33 | Time: 21048s
Models saved to ./runs/simple_spread_v3/baseline_spread_40k/model.pt
Ep 20050 | Avg Score: -93.04 | Noise: 0.33 | Time: 21102s
Ep 20100 | Avg Score: -91.46 | Noise: 0.33 | Time: 21155s
Ep 20150 | Avg Score: -89.64 | Noise: 0.33 | Time: 21209s
Ep 20200 | Avg Score: -93.62 | Noise: 0.33 | Time: 21261s
Ep 20250 | Avg Score: -90.98 | Noise: 0.32 | Time: 21313s
Ep 20300 | Avg Score: -93.27 | Noise: 0.32 | Time: 21367s
Ep 20350 | Avg Score: -98.68 | Noise: 0.32 | Time: 21421s
Ep 20400 | Avg Score: -95.26 | Noise: 0.32 | Time: 21474s
Ep 20450 | Avg Score: -97.63 | Noise: 0.32 | Time: 21527s
Ep 20500 | Avg Score: -96.22 | Noise: 0.32 | Time: 21581s
Ep 20550 | Avg Score: -91.09 | Noise: 0.31 | Time: 21635s
Ep 20600 | Avg Score: -88.73 | Noise: 0.31 | Time: 21689s
Ep 20650 | Avg Score: -86.04 | Noise: 0.31 | Time: 21742s
Ep 20700 | Avg Score: -87.67 | Noise: 0.31 | Time: 21796s
Ep 20750 | Avg Score: -92.35 | Noise: 0.31 | Time: 21850s
Ep 20800 | Avg Score: -89.43 | Noise: 0.31 | Time: 21904s
Ep 20850 | Avg Score: -86.52 | Noise: 0.31 | Time: 21956s
Ep 20900 | Avg Score: -91.60 | Noise: 0.30 | Time: 22009s
Ep 20950 | Avg Score: -90.23 | Noise: 0.30 | Time: 22062s
Ep 21000 | Avg Score: -92.81 | Noise: 0.30 | Time: 22115s
Models saved to ./runs/simple_spread_v3/baseline_spread_40k/model.pt
Ep 21050 | Avg Score: -98.36 | Noise: 0.30 | Time: 22168s
Ep 21100 | Avg Score: -94.86 | Noise: 0.30 | Time: 22221s
Ep 21150 | Avg Score: -92.62 | Noise: 0.30 | Time: 22274s
Ep 21200 | Avg Score: -88.94 | Noise: 0.29 | Time: 22326s
Ep 21250 | Avg Score: -86.95 | Noise: 0.29 | Time: 22379s
Ep 21300 | Avg Score: -88.93 | Noise: 0.29 | Time: 22432s
Ep 21350 | Avg Score: -88.03 | Noise: 0.29 | Time: 22485s
Ep 21400 | Avg Score: -89.60 | Noise: 0.29 | Time: 22538s
Ep 21450 | Avg Score: -88.87 | Noise: 0.29 | Time: 22591s
Ep 21500 | Avg Score: -87.16 | Noise: 0.28 | Time: 22644s
Ep 21550 | Avg Score: -88.70 | Noise: 0.28 | Time: 22697s
Ep 21600 | Avg Score: -85.83 | Noise: 0.28 | Time: 22750s
Ep 21650 | Avg Score: -82.84 | Noise: 0.28 | Time: 22803s
Ep 21700 | Avg Score: -81.24 | Noise: 0.28 | Time: 22856s
Ep 21750 | Avg Score: -79.29 | Noise: 0.28 | Time: 22909s
Ep 21800 | Avg Score: -88.70 | Noise: 0.27 | Time: 22962s
Ep 21850 | Avg Score: -93.22 | Noise: 0.27 | Time: 23015s
Ep 21900 | Avg Score: -86.07 | Noise: 0.27 | Time: 23068s
Ep 21950 | Avg Score: -88.65 | Noise: 0.27 | Time: 23121s
Ep 22000 | Avg Score: -89.57 | Noise: 0.27 | Time: 23173s
Models saved to ./runs/simple_spread_v3/baseline_spread_40k/model.pt
Ep 22050 | Avg Score: -87.00 | Noise: 0.27 | Time: 23226s
Ep 22100 | Avg Score: -89.36 | Noise: 0.26 | Time: 23279s
Ep 22150 | Avg Score: -87.39 | Noise: 0.26 | Time: 23331s
Ep 22200 | Avg Score: -84.13 | Noise: 0.26 | Time: 23384s
Ep 22250 | Avg Score: -87.52 | Noise: 0.26 | Time: 23437s
Ep 22300 | Avg Score: -88.77 | Noise: 0.26 | Time: 23491s
Ep 22350 | Avg Score: -89.08 | Noise: 0.26 | Time: 23543s
Ep 22400 | Avg Score: -90.78 | Noise: 0.25 | Time: 23596s
Ep 22450 | Avg Score: -89.37 | Noise: 0.25 | Time: 23649s
Ep 22500 | Avg Score: -90.09 | Noise: 0.25 | Time: 23703s
Ep 22550 | Avg Score: -94.01 | Noise: 0.25 | Time: 23756s
Ep 22600 | Avg Score: -94.57 | Noise: 0.25 | Time: 23808s
Ep 22650 | Avg Score: -90.30 | Noise: 0.24 | Time: 23861s
Ep 22700 | Avg Score: -90.50 | Noise: 0.24 | Time: 23914s
Ep 22750 | Avg Score: -88.99 | Noise: 0.24 | Time: 23966s
Ep 22800 | Avg Score: -83.24 | Noise: 0.24 | Time: 24018s
Ep 22850 | Avg Score: -80.10 | Noise: 0.24 | Time: 24071s
Ep 22900 | Avg Score: -81.01 | Noise: 0.24 | Time: 24124s
Ep 22950 | Avg Score: -82.14 | Noise: 0.23 | Time: 24176s
Ep 23000 | Avg Score: -77.36 | Noise: 0.23 | Time: 24229s
Models saved to ./runs/simple_spread_v3/baseline_spread_40k/model.pt
Ep 23050 | Avg Score: -75.75 | Noise: 0.23 | Time: 24282s
Ep 23100 | Avg Score: -81.47 | Noise: 0.23 | Time: 24335s
Ep 23150 | Avg Score: -80.88 | Noise: 0.23 | Time: 24388s
Ep 23200 | Avg Score: -76.22 | Noise: 0.23 | Time: 24442s
Ep 23250 | Avg Score: -81.21 | Noise: 0.22 | Time: 24496s
Ep 23300 | Avg Score: -85.79 | Noise: 0.22 | Time: 24550s
Ep 23350 | Avg Score: -89.02 | Noise: 0.22 | Time: 24603s
Ep 23400 | Avg Score: -93.19 | Noise: 0.22 | Time: 24656s
Ep 23450 | Avg Score: -93.10 | Noise: 0.22 | Time: 24709s
Ep 23500 | Avg Score: -88.93 | Noise: 0.22 | Time: 24762s
Ep 23550 | Avg Score: -85.94 | Noise: 0.21 | Time: 24814s
Ep 23600 | Avg Score: -86.39 | Noise: 0.21 | Time: 24860s
Ep 23650 | Avg Score: -84.06 | Noise: 0.21 | Time: 24907s
Ep 23700 | Avg Score: -80.24 | Noise: 0.21 | Time: 24956s
Ep 23750 | Avg Score: -81.81 | Noise: 0.21 | Time: 25005s
Ep 23800 | Avg Score: -86.95 | Noise: 0.21 | Time: 25058s
Ep 23850 | Avg Score: -91.91 | Noise: 0.20 | Time: 25112s
Ep 23900 | Avg Score: -95.16 | Noise: 0.20 | Time: 25164s
Ep 23950 | Avg Score: -91.25 | Noise: 0.20 | Time: 25217s
Ep 24000 | Avg Score: -88.34 | Noise: 0.20 | Time: 25270s
Models saved to ./runs/simple_spread_v3/baseline_spread_40k/model.pt
Ep 24050 | Avg Score: -88.55 | Noise: 0.20 | Time: 25323s
Ep 24100 | Avg Score: -91.01 | Noise: 0.20 | Time: 25376s
Ep 24150 | Avg Score: -90.46 | Noise: 0.19 | Time: 25430s
Ep 24200 | Avg Score: -87.49 | Noise: 0.19 | Time: 25483s
Ep 24250 | Avg Score: -87.87 | Noise: 0.19 | Time: 25536s
Ep 24300 | Avg Score: -85.97 | Noise: 0.19 | Time: 25588s
Ep 24350 | Avg Score: -87.76 | Noise: 0.19 | Time: 25641s
Ep 24400 | Avg Score: -86.36 | Noise: 0.19 | Time: 25693s
Ep 24450 | Avg Score: -81.19 | Noise: 0.19 | Time: 25746s
Ep 24500 | Avg Score: -79.96 | Noise: 0.18 | Time: 25798s
Ep 24550 | Avg Score: -79.44 | Noise: 0.18 | Time: 25851s
Ep 24600 | Avg Score: -80.53 | Noise: 0.18 | Time: 25904s
Ep 24650 | Avg Score: -86.11 | Noise: 0.18 | Time: 25957s
Ep 24700 | Avg Score: -85.18 | Noise: 0.18 | Time: 26010s
Ep 24750 | Avg Score: -82.40 | Noise: 0.18 | Time: 26063s
Ep 24800 | Avg Score: -79.32 | Noise: 0.17 | Time: 26115s
Ep 24850 | Avg Score: -75.08 | Noise: 0.17 | Time: 26167s
Ep 24900 | Avg Score: -81.25 | Noise: 0.17 | Time: 26219s
Ep 24950 | Avg Score: -84.78 | Noise: 0.17 | Time: 26272s
Ep 25000 | Avg Score: -82.81 | Noise: 0.17 | Time: 26325s
Models saved to ./runs/simple_spread_v3/baseline_spread_40k/model.pt
Ep 25050 | Avg Score: -79.84 | Noise: 0.17 | Time: 26378s
Ep 25100 | Avg Score: -78.36 | Noise: 0.16 | Time: 26431s
Ep 25150 | Avg Score: -85.26 | Noise: 0.16 | Time: 26484s
Ep 25200 | Avg Score: -85.57 | Noise: 0.16 | Time: 26537s
Ep 25250 | Avg Score: -78.80 | Noise: 0.16 | Time: 26590s
Ep 25300 | Avg Score: -81.62 | Noise: 0.16 | Time: 26642s
Ep 25350 | Avg Score: -85.26 | Noise: 0.16 | Time: 26695s
Ep 25400 | Avg Score: -85.28 | Noise: 0.15 | Time: 26748s
Ep 25450 | Avg Score: -81.81 | Noise: 0.15 | Time: 26801s
Ep 25500 | Avg Score: -75.28 | Noise: 0.15 | Time: 26854s
Ep 25550 | Avg Score: -72.86 | Noise: 0.15 | Time: 26907s
Ep 25600 | Avg Score: -72.49 | Noise: 0.15 | Time: 26960s
Ep 25650 | Avg Score: -72.31 | Noise: 0.15 | Time: 27013s
Ep 25700 | Avg Score: -74.02 | Noise: 0.14 | Time: 27067s
Ep 25750 | Avg Score: -72.09 | Noise: 0.14 | Time: 27119s
Ep 25800 | Avg Score: -72.38 | Noise: 0.14 | Time: 27172s
Ep 25850 | Avg Score: -73.40 | Noise: 0.14 | Time: 27225s
Ep 25900 | Avg Score: -73.68 | Noise: 0.14 | Time: 27278s
Ep 25950 | Avg Score: -75.81 | Noise: 0.14 | Time: 27331s
Ep 26000 | Avg Score: -78.94 | Noise: 0.13 | Time: 27383s
Models saved to ./runs/simple_spread_v3/baseline_spread_40k/model.pt
Ep 26050 | Avg Score: -75.72 | Noise: 0.13 | Time: 27436s
Ep 26100 | Avg Score: -71.78 | Noise: 0.13 | Time: 27487s
Ep 26150 | Avg Score: -72.87 | Noise: 0.13 | Time: 27539s
Ep 26200 | Avg Score: -73.58 | Noise: 0.13 | Time: 27591s
Ep 26250 | Avg Score: -75.12 | Noise: 0.12 | Time: 27644s
Ep 26300 | Avg Score: -78.95 | Noise: 0.12 | Time: 27697s
Ep 26350 | Avg Score: -79.39 | Noise: 0.12 | Time: 27749s
Ep 26400 | Avg Score: -77.80 | Noise: 0.12 | Time: 27801s
Ep 26450 | Avg Score: -75.14 | Noise: 0.12 | Time: 27854s
Ep 26500 | Avg Score: -70.23 | Noise: 0.12 | Time: 27907s
Ep 26550 | Avg Score: -73.28 | Noise: 0.11 | Time: 27958s
Ep 26600 | Avg Score: -75.68 | Noise: 0.11 | Time: 28006s
Ep 26650 | Avg Score: -72.39 | Noise: 0.11 | Time: 28057s
Ep 26700 | Avg Score: -66.77 | Noise: 0.11 | Time: 28110s
Ep 26750 | Avg Score: -64.99 | Noise: 0.11 | Time: 28162s
Ep 26800 | Avg Score: -69.45 | Noise: 0.11 | Time: 28214s
Ep 26850 | Avg Score: -67.98 | Noise: 0.10 | Time: 28266s
Ep 26900 | Avg Score: -63.27 | Noise: 0.10 | Time: 28318s
Ep 26950 | Avg Score: -63.41 | Noise: 0.10 | Time: 28370s
Ep 27000 | Avg Score: -63.02 | Noise: 0.10 | Time: 28423s
Models saved to ./runs/simple_spread_v3/baseline_spread_40k/model.pt
Ep 27050 | Avg Score: -65.89 | Noise: 0.10 | Time: 28475s
Ep 27100 | Avg Score: -68.02 | Noise: 0.10 | Time: 28528s
Ep 27150 | Avg Score: -64.88 | Noise: 0.09 | Time: 28580s
Ep 27200 | Avg Score: -65.03 | Noise: 0.09 | Time: 28632s
Ep 27250 | Avg Score: -64.52 | Noise: 0.09 | Time: 28685s
Ep 27300 | Avg Score: -63.20 | Noise: 0.09 | Time: 28737s
Ep 27350 | Avg Score: -64.99 | Noise: 0.09 | Time: 28790s
Ep 27400 | Avg Score: -68.25 | Noise: 0.09 | Time: 28842s
Ep 27450 | Avg Score: -67.24 | Noise: 0.08 | Time: 28894s
Ep 27500 | Avg Score: -65.32 | Noise: 0.08 | Time: 28946s
Ep 27550 | Avg Score: -67.40 | Noise: 0.08 | Time: 28998s
Ep 27600 | Avg Score: -66.24 | Noise: 0.08 | Time: 29049s
Ep 27650 | Avg Score: -67.28 | Noise: 0.08 | Time: 29101s
Ep 27700 | Avg Score: -69.35 | Noise: 0.08 | Time: 29154s
Ep 27750 | Avg Score: -67.81 | Noise: 0.07 | Time: 29206s
Ep 27800 | Avg Score: -66.72 | Noise: 0.07 | Time: 29259s
Ep 27850 | Avg Score: -66.38 | Noise: 0.07 | Time: 29311s
Ep 27900 | Avg Score: -65.41 | Noise: 0.07 | Time: 29363s
Ep 27950 | Avg Score: -66.59 | Noise: 0.07 | Time: 29416s
Ep 28000 | Avg Score: -66.45 | Noise: 0.07 | Time: 29468s
Models saved to ./runs/simple_spread_v3/baseline_spread_40k/model.pt
Ep 28050 | Avg Score: -64.79 | Noise: 0.06 | Time: 29521s
Ep 28100 | Avg Score: -64.92 | Noise: 0.06 | Time: 29573s
Ep 28150 | Avg Score: -64.68 | Noise: 0.06 | Time: 29625s
Ep 28200 | Avg Score: -62.15 | Noise: 0.06 | Time: 29678s
Ep 28250 | Avg Score: -61.94 | Noise: 0.06 | Time: 29731s
Ep 28300 | Avg Score: -62.80 | Noise: 0.06 | Time: 29783s
Ep 28350 | Avg Score: -62.24 | Noise: 0.06 | Time: 29836s
Ep 28400 | Avg Score: -64.04 | Noise: 0.05 | Time: 29889s
Ep 28450 | Avg Score: -63.52 | Noise: 0.05 | Time: 29943s
Ep 28500 | Avg Score: -60.93 | Noise: 0.05 | Time: 29996s
Ep 28550 | Avg Score: -59.34 | Noise: 0.05 | Time: 30049s
Ep 28600 | Avg Score: -61.50 | Noise: 0.05 | Time: 30102s
Ep 28650 | Avg Score: -66.39 | Noise: 0.05 | Time: 30155s
Ep 28700 | Avg Score: -67.75 | Noise: 0.05 | Time: 30209s
Ep 28750 | Avg Score: -66.32 | Noise: 0.05 | Time: 30263s
Ep 28800 | Avg Score: -67.31 | Noise: 0.05 | Time: 30317s
Ep 28850 | Avg Score: -68.56 | Noise: 0.05 | Time: 30370s
Ep 28900 | Avg Score: -67.65 | Noise: 0.05 | Time: 30424s
Ep 28950 | Avg Score: -66.42 | Noise: 0.05 | Time: 30477s
Ep 29000 | Avg Score: -63.96 | Noise: 0.05 | Time: 30531s
Models saved to ./runs/simple_spread_v3/baseline_spread_40k/model.pt
Ep 29050 | Avg Score: -62.40 | Noise: 0.05 | Time: 30584s
Ep 29100 | Avg Score: -64.04 | Noise: 0.05 | Time: 30637s
Ep 29150 | Avg Score: -68.11 | Noise: 0.05 | Time: 30691s
Ep 29200 | Avg Score: -69.64 | Noise: 0.05 | Time: 30744s
Ep 29250 | Avg Score: -70.31 | Noise: 0.05 | Time: 30797s
Ep 29300 | Avg Score: -71.54 | Noise: 0.05 | Time: 30850s
Ep 29350 | Avg Score: -70.88 | Noise: 0.05 | Time: 30904s
Ep 29400 | Avg Score: -69.63 | Noise: 0.05 | Time: 30958s
Ep 29450 | Avg Score: -67.55 | Noise: 0.05 | Time: 31011s
Ep 29500 | Avg Score: -67.66 | Noise: 0.05 | Time: 31064s
Ep 29550 | Avg Score: -64.61 | Noise: 0.05 | Time: 31116s
Ep 29600 | Avg Score: -67.07 | Noise: 0.05 | Time: 31169s
Ep 29650 | Avg Score: -70.74 | Noise: 0.05 | Time: 31221s
Ep 29700 | Avg Score: -66.86 | Noise: 0.05 | Time: 31273s
Ep 29750 | Avg Score: -66.09 | Noise: 0.05 | Time: 31325s
Ep 29800 | Avg Score: -65.53 | Noise: 0.05 | Time: 31378s
Ep 29850 | Avg Score: -65.40 | Noise: 0.05 | Time: 31431s
Ep 29900 | Avg Score: -67.71 | Noise: 0.05 | Time: 31483s
Ep 29950 | Avg Score: -65.66 | Noise: 0.05 | Time: 31536s
Ep 30000 | Avg Score: -60.90 | Noise: 0.05 | Time: 31589s
Models saved to ./runs/simple_spread_v3/baseline_spread_40k/model.pt
Ep 30050 | Avg Score: -63.30 | Noise: 0.05 | Time: 31642s
Ep 30100 | Avg Score: -64.03 | Noise: 0.05 | Time: 31695s
Ep 30150 | Avg Score: -62.35 | Noise: 0.05 | Time: 31747s
Ep 30200 | Avg Score: -63.36 | Noise: 0.05 | Time: 31800s
Ep 30250 | Avg Score: -63.67 | Noise: 0.05 | Time: 31853s
Ep 30300 | Avg Score: -65.12 | Noise: 0.05 | Time: 31905s
Ep 30350 | Avg Score: -64.75 | Noise: 0.05 | Time: 31958s
Ep 30400 | Avg Score: -63.26 | Noise: 0.05 | Time: 32010s
Ep 30450 | Avg Score: -65.71 | Noise: 0.05 | Time: 32062s
Ep 30500 | Avg Score: -70.75 | Noise: 0.05 | Time: 32115s
Ep 30550 | Avg Score: -71.86 | Noise: 0.05 | Time: 32167s
Ep 30600 | Avg Score: -67.54 | Noise: 0.05 | Time: 32220s
Ep 30650 | Avg Score: -63.66 | Noise: 0.05 | Time: 32273s
Ep 30700 | Avg Score: -64.57 | Noise: 0.05 | Time: 32326s
Ep 30750 | Avg Score: -63.46 | Noise: 0.05 | Time: 32379s
Ep 30800 | Avg Score: -61.17 | Noise: 0.05 | Time: 32432s
Ep 30850 | Avg Score: -63.01 | Noise: 0.05 | Time: 32485s
Ep 30900 | Avg Score: -63.33 | Noise: 0.05 | Time: 32538s
Ep 30950 | Avg Score: -62.40 | Noise: 0.05 | Time: 32591s
Ep 31000 | Avg Score: -62.23 | Noise: 0.05 | Time: 32645s
Models saved to ./runs/simple_spread_v3/baseline_spread_40k/model.pt
Ep 31050 | Avg Score: -63.15 | Noise: 0.05 | Time: 32698s
Ep 31100 | Avg Score: -63.15 | Noise: 0.05 | Time: 32751s
Ep 31150 | Avg Score: -59.31 | Noise: 0.05 | Time: 32805s
Ep 31200 | Avg Score: -58.33 | Noise: 0.05 | Time: 32857s
Ep 31250 | Avg Score: -61.33 | Noise: 0.05 | Time: 32911s
Ep 31300 | Avg Score: -61.99 | Noise: 0.05 | Time: 32964s
Ep 31350 | Avg Score: -61.74 | Noise: 0.05 | Time: 33017s
Ep 31400 | Avg Score: -61.19 | Noise: 0.05 | Time: 33070s
Ep 31450 | Avg Score: -62.88 | Noise: 0.05 | Time: 33122s
Ep 31500 | Avg Score: -66.88 | Noise: 0.05 | Time: 33175s
Ep 31550 | Avg Score: -67.45 | Noise: 0.05 | Time: 33227s
Ep 31600 | Avg Score: -65.82 | Noise: 0.05 | Time: 33279s
Ep 31650 | Avg Score: -64.25 | Noise: 0.05 | Time: 33328s
Ep 31700 | Avg Score: -61.73 | Noise: 0.05 | Time: 33379s
Ep 31750 | Avg Score: -61.09 | Noise: 0.05 | Time: 33432s
Ep 31800 | Avg Score: -63.28 | Noise: 0.05 | Time: 33484s
Ep 31850 | Avg Score: -64.87 | Noise: 0.05 | Time: 33537s
Ep 31900 | Avg Score: -68.32 | Noise: 0.05 | Time: 33590s
Ep 31950 | Avg Score: -70.10 | Noise: 0.05 | Time: 33643s
Ep 32000 | Avg Score: -67.70 | Noise: 0.05 | Time: 33696s
Models saved to ./runs/simple_spread_v3/baseline_spread_40k/model.pt
Ep 32050 | Avg Score: -65.82 | Noise: 0.05 | Time: 33749s
Ep 32100 | Avg Score: -70.76 | Noise: 0.05 | Time: 33801s
Ep 32150 | Avg Score: -71.06 | Noise: 0.05 | Time: 33854s
Ep 32200 | Avg Score: -69.57 | Noise: 0.05 | Time: 33907s
Ep 32250 | Avg Score: -73.48 | Noise: 0.05 | Time: 33960s
Ep 32300 | Avg Score: -71.35 | Noise: 0.05 | Time: 34013s
Ep 32350 | Avg Score: -70.72 | Noise: 0.05 | Time: 34066s
Ep 32400 | Avg Score: -71.30 | Noise: 0.05 | Time: 34119s
Ep 32450 | Avg Score: -68.37 | Noise: 0.05 | Time: 34172s
Ep 32500 | Avg Score: -66.30 | Noise: 0.05 | Time: 34225s
Ep 32550 | Avg Score: -64.49 | Noise: 0.05 | Time: 34277s
Ep 32600 | Avg Score: -64.59 | Noise: 0.05 | Time: 34330s
Ep 32650 | Avg Score: -65.92 | Noise: 0.05 | Time: 34382s
Ep 32700 | Avg Score: -64.36 | Noise: 0.05 | Time: 34434s
Ep 32750 | Avg Score: -60.52 | Noise: 0.05 | Time: 34486s
Ep 32800 | Avg Score: -57.72 | Noise: 0.05 | Time: 34538s
Ep 32850 | Avg Score: -60.10 | Noise: 0.05 | Time: 34591s
Ep 32900 | Avg Score: -60.67 | Noise: 0.05 | Time: 34643s
Ep 32950 | Avg Score: -61.89 | Noise: 0.05 | Time: 34696s
Ep 33000 | Avg Score: -64.97 | Noise: 0.05 | Time: 34749s
Models saved to ./runs/simple_spread_v3/baseline_spread_40k/model.pt
Ep 33050 | Avg Score: -63.98 | Noise: 0.05 | Time: 34802s
Ep 33100 | Avg Score: -63.51 | Noise: 0.05 | Time: 34854s
Ep 33150 | Avg Score: -65.24 | Noise: 0.05 | Time: 34906s
Ep 33200 | Avg Score: -65.55 | Noise: 0.05 | Time: 34959s
Ep 33250 | Avg Score: -65.25 | Noise: 0.05 | Time: 35011s
Ep 33300 | Avg Score: -66.18 | Noise: 0.05 | Time: 35064s
Ep 33350 | Avg Score: -64.46 | Noise: 0.05 | Time: 35117s
Ep 33400 | Avg Score: -60.97 | Noise: 0.05 | Time: 35169s
Ep 33450 | Avg Score: -63.29 | Noise: 0.05 | Time: 35222s
Ep 33500 | Avg Score: -65.74 | Noise: 0.05 | Time: 35275s
Ep 33550 | Avg Score: -65.76 | Noise: 0.05 | Time: 35328s
Ep 33600 | Avg Score: -64.16 | Noise: 0.05 | Time: 35381s
Ep 33650 | Avg Score: -65.92 | Noise: 0.05 | Time: 35434s
Ep 33700 | Avg Score: -70.19 | Noise: 0.05 | Time: 35487s
Ep 33750 | Avg Score: -70.10 | Noise: 0.05 | Time: 35540s
Ep 33800 | Avg Score: -69.71 | Noise: 0.05 | Time: 35593s
Ep 33850 | Avg Score: -70.51 | Noise: 0.05 | Time: 35646s
Ep 33900 | Avg Score: -68.93 | Noise: 0.05 | Time: 35699s
Ep 33950 | Avg Score: -67.87 | Noise: 0.05 | Time: 35752s
Ep 34000 | Avg Score: -69.35 | Noise: 0.05 | Time: 35804s
Models saved to ./runs/simple_spread_v3/baseline_spread_40k/model.pt
Ep 34050 | Avg Score: -70.92 | Noise: 0.05 | Time: 35857s
Ep 34100 | Avg Score: -75.76 | Noise: 0.05 | Time: 35910s
Ep 34150 | Avg Score: -75.55 | Noise: 0.05 | Time: 35963s
Ep 34200 | Avg Score: -73.76 | Noise: 0.05 | Time: 36015s
Ep 34250 | Avg Score: -76.75 | Noise: 0.05 | Time: 36068s
Ep 34300 | Avg Score: -79.18 | Noise: 0.05 | Time: 36121s
Ep 34350 | Avg Score: -77.76 | Noise: 0.05 | Time: 36173s
Ep 34400 | Avg Score: -71.58 | Noise: 0.05 | Time: 36227s
Ep 34450 | Avg Score: -69.75 | Noise: 0.05 | Time: 36279s
Ep 34500 | Avg Score: -72.04 | Noise: 0.05 | Time: 36332s
Ep 34550 | Avg Score: -72.93 | Noise: 0.05 | Time: 36384s
Ep 34600 | Avg Score: -71.47 | Noise: 0.05 | Time: 36437s
Ep 34650 | Avg Score: -71.57 | Noise: 0.05 | Time: 36490s
Ep 34700 | Avg Score: -70.21 | Noise: 0.05 | Time: 36543s
Ep 34750 | Avg Score: -66.52 | Noise: 0.05 | Time: 36595s
Ep 34800 | Avg Score: -63.97 | Noise: 0.05 | Time: 36647s
Ep 34850 | Avg Score: -62.51 | Noise: 0.05 | Time: 36699s
Ep 34900 | Avg Score: -65.37 | Noise: 0.05 | Time: 36751s
Ep 34950 | Avg Score: -66.35 | Noise: 0.05 | Time: 36804s
Ep 35000 | Avg Score: -67.00 | Noise: 0.05 | Time: 36856s
Models saved to ./runs/simple_spread_v3/baseline_spread_40k/model.pt
Ep 35050 | Avg Score: -64.87 | Noise: 0.05 | Time: 36909s
Ep 35100 | Avg Score: -63.53 | Noise: 0.05 | Time: 36961s
Ep 35150 | Avg Score: -64.88 | Noise: 0.05 | Time: 37014s
Ep 35200 | Avg Score: -64.99 | Noise: 0.05 | Time: 37066s
Ep 35250 | Avg Score: -68.32 | Noise: 0.05 | Time: 37119s
Ep 35300 | Avg Score: -70.08 | Noise: 0.05 | Time: 37172s
Ep 35350 | Avg Score: -68.18 | Noise: 0.05 | Time: 37224s
Ep 35400 | Avg Score: -70.12 | Noise: 0.05 | Time: 37277s
Ep 35450 | Avg Score: -69.53 | Noise: 0.05 | Time: 37329s
Ep 35500 | Avg Score: -67.64 | Noise: 0.05 | Time: 37381s
Ep 35550 | Avg Score: -68.96 | Noise: 0.05 | Time: 37434s
Ep 35600 | Avg Score: -68.77 | Noise: 0.05 | Time: 37486s
Ep 35650 | Avg Score: -68.75 | Noise: 0.05 | Time: 37539s
Ep 35700 | Avg Score: -68.28 | Noise: 0.05 | Time: 37592s
Ep 35750 | Avg Score: -67.87 | Noise: 0.05 | Time: 37644s
Ep 35800 | Avg Score: -67.85 | Noise: 0.05 | Time: 37697s
Ep 35850 | Avg Score: -68.63 | Noise: 0.05 | Time: 37749s
Ep 35900 | Avg Score: -68.19 | Noise: 0.05 | Time: 37801s
Ep 35950 | Avg Score: -67.80 | Noise: 0.05 | Time: 37853s
Ep 36000 | Avg Score: -70.07 | Noise: 0.05 | Time: 37905s
Models saved to ./runs/simple_spread_v3/baseline_spread_40k/model.pt
Ep 36050 | Avg Score: -68.65 | Noise: 0.05 | Time: 37954s
Ep 36100 | Avg Score: -66.91 | Noise: 0.05 | Time: 38004s
Ep 36150 | Avg Score: -67.73 | Noise: 0.05 | Time: 38057s
Ep 36200 | Avg Score: -68.27 | Noise: 0.05 | Time: 38107s
Ep 36250 | Avg Score: -67.72 | Noise: 0.05 | Time: 38158s
Ep 36300 | Avg Score: -68.63 | Noise: 0.05 | Time: 38210s
Ep 36350 | Avg Score: -71.39 | Noise: 0.05 | Time: 38263s
Ep 36400 | Avg Score: -72.04 | Noise: 0.05 | Time: 38315s
Ep 36450 | Avg Score: -73.89 | Noise: 0.05 | Time: 38368s
Ep 36500 | Avg Score: -74.65 | Noise: 0.05 | Time: 38420s
Ep 36550 | Avg Score: -77.52 | Noise: 0.05 | Time: 38473s
Ep 36600 | Avg Score: -78.08 | Noise: 0.05 | Time: 38526s
Ep 36650 | Avg Score: -73.62 | Noise: 0.05 | Time: 38580s
Ep 36700 | Avg Score: -69.20 | Noise: 0.05 | Time: 38633s
Ep 36750 | Avg Score: -69.51 | Noise: 0.05 | Time: 38685s
Ep 36800 | Avg Score: -72.21 | Noise: 0.05 | Time: 38736s
Ep 36850 | Avg Score: -70.60 | Noise: 0.05 | Time: 38789s
Ep 36900 | Avg Score: -72.27 | Noise: 0.05 | Time: 38842s
Ep 36950 | Avg Score: -75.47 | Noise: 0.05 | Time: 38895s
Ep 37000 | Avg Score: -78.25 | Noise: 0.05 | Time: 38947s
Models saved to ./runs/simple_spread_v3/baseline_spread_40k/model.pt
Ep 37050 | Avg Score: -79.23 | Noise: 0.05 | Time: 39000s
Ep 37100 | Avg Score: -79.81 | Noise: 0.05 | Time: 39053s
Ep 37150 | Avg Score: -79.71 | Noise: 0.05 | Time: 39105s
Ep 37200 | Avg Score: -79.41 | Noise: 0.05 | Time: 39157s
Ep 37250 | Avg Score: -80.03 | Noise: 0.05 | Time: 39209s
Ep 37300 | Avg Score: -81.39 | Noise: 0.05 | Time: 39261s
Ep 37350 | Avg Score: -80.31 | Noise: 0.05 | Time: 39313s
Ep 37400 | Avg Score: -76.36 | Noise: 0.05 | Time: 39366s
Ep 37450 | Avg Score: -76.59 | Noise: 0.05 | Time: 39419s
Ep 37500 | Avg Score: -79.31 | Noise: 0.05 | Time: 39471s
Ep 37550 | Avg Score: -76.96 | Noise: 0.05 | Time: 39524s
Ep 37600 | Avg Score: -72.37 | Noise: 0.05 | Time: 39577s
Ep 37650 | Avg Score: -74.54 | Noise: 0.05 | Time: 39630s
Ep 37700 | Avg Score: -75.99 | Noise: 0.05 | Time: 39683s
Ep 37750 | Avg Score: -73.97 | Noise: 0.05 | Time: 39736s
Ep 37800 | Avg Score: -72.23 | Noise: 0.05 | Time: 39789s
Ep 37850 | Avg Score: -69.16 | Noise: 0.05 | Time: 39841s
Ep 37900 | Avg Score: -67.60 | Noise: 0.05 | Time: 39894s
Ep 37950 | Avg Score: -66.64 | Noise: 0.05 | Time: 39947s
Ep 38000 | Avg Score: -65.14 | Noise: 0.05 | Time: 40000s
Models saved to ./runs/simple_spread_v3/baseline_spread_40k/model.pt
Ep 38050 | Avg Score: -70.38 | Noise: 0.05 | Time: 40050s
Ep 38100 | Avg Score: -72.24 | Noise: 0.05 | Time: 40097s
Ep 38150 | Avg Score: -68.77 | Noise: 0.05 | Time: 40147s
Ep 38200 | Avg Score: -67.99 | Noise: 0.05 | Time: 40200s
Ep 38250 | Avg Score: -68.46 | Noise: 0.05 | Time: 40253s
Ep 38300 | Avg Score: -69.33 | Noise: 0.05 | Time: 40305s
Ep 38350 | Avg Score: -70.19 | Noise: 0.05 | Time: 40357s
Ep 38400 | Avg Score: -69.81 | Noise: 0.05 | Time: 40409s
Ep 38450 | Avg Score: -70.02 | Noise: 0.05 | Time: 40462s
Ep 38500 | Avg Score: -70.87 | Noise: 0.05 | Time: 40515s
Ep 38550 | Avg Score: -69.64 | Noise: 0.05 | Time: 40569s
Ep 38600 | Avg Score: -70.08 | Noise: 0.05 | Time: 40622s
Ep 38650 | Avg Score: -70.72 | Noise: 0.05 | Time: 40676s
Ep 38700 | Avg Score: -68.06 | Noise: 0.05 | Time: 40729s
Ep 38750 | Avg Score: -66.23 | Noise: 0.05 | Time: 40782s
Ep 38800 | Avg Score: -68.66 | Noise: 0.05 | Time: 40834s
Ep 38850 | Avg Score: -68.63 | Noise: 0.05 | Time: 40887s
Ep 38900 | Avg Score: -68.42 | Noise: 0.05 | Time: 40940s
Ep 38950 | Avg Score: -68.92 | Noise: 0.05 | Time: 40994s
Ep 39000 | Avg Score: -70.38 | Noise: 0.05 | Time: 41047s
Models saved to ./runs/simple_spread_v3/baseline_spread_40k/model.pt
Ep 39050 | Avg Score: -70.37 | Noise: 0.05 | Time: 41099s
Ep 39100 | Avg Score: -66.46 | Noise: 0.05 | Time: 41151s
Ep 39150 | Avg Score: -66.59 | Noise: 0.05 | Time: 41204s
Ep 39200 | Avg Score: -69.10 | Noise: 0.05 | Time: 41257s
Ep 39250 | Avg Score: -68.64 | Noise: 0.05 | Time: 41309s
Ep 39300 | Avg Score: -66.05 | Noise: 0.05 | Time: 41361s
Ep 39350 | Avg Score: -65.48 | Noise: 0.05 | Time: 41413s
Ep 39400 | Avg Score: -67.02 | Noise: 0.05 | Time: 41465s
Ep 39450 | Avg Score: -67.83 | Noise: 0.05 | Time: 41517s
Ep 39500 | Avg Score: -67.52 | Noise: 0.05 | Time: 41570s
Ep 39550 | Avg Score: -67.92 | Noise: 0.05 | Time: 41624s
Ep 39600 | Avg Score: -67.03 | Noise: 0.05 | Time: 41677s
Ep 39650 | Avg Score: -65.72 | Noise: 0.05 | Time: 41730s
Ep 39700 | Avg Score: -65.33 | Noise: 0.05 | Time: 41783s
Ep 39750 | Avg Score: -65.20 | Noise: 0.05 | Time: 41836s
Ep 39800 | Avg Score: -62.38 | Noise: 0.05 | Time: 41888s
Ep 39850 | Avg Score: -62.05 | Noise: 0.05 | Time: 41941s
Ep 39900 | Avg Score: -63.93 | Noise: 0.05 | Time: 41993s
Ep 39950 | Avg Score: -64.10 | Noise: 0.05 | Time: 42045s
Ep 40000 | Avg Score: -65.21 | Noise: 0.05 | Time: 42098s
Models saved to ./runs/simple_spread_v3/baseline_spread_40k/model.pt
Models saved to ./runs/simple_spread_v3/baseline_spread_40k/final_model.pt
