Training using device: cuda
Creating test environment 'simple_adversary_v3' to get agent information...
error: XDG_RUNTIME_DIR not set in the environment.
Original action sizes: [5, 5, 5]
Original observation sizes: [8, 10, 10]
Action bounds for each agent:
  ['adversary_0', 'agent_0', 'agent_1']: [[0.0, 0.0, 0.0], [1.0, 1.0, 1.0]]
All agents have the same action bounds.
Using action bounds from adversary_0: [0.0, 1.0]
Applying observation padding for simple_adversary_v3
Padded action sizes: [5, 5, 5]
Padded observation sizes: [10, 10, 10]
Environment: simple_adversary_v3
Number of agents: 3
Agent names: ['adversary_0', 'agent_0', 'agent_1']
Creating single 'simple_adversary_v3' environment...
error: XDG_RUNTIME_DIR not set in the environment.
Agent Groups: [0, 0, 0]
📁 Training data will be saved to: ./runs/simple_adversary_v3/baseline_adv_40k
Start Training: simple_adversary_v3 | Mode: MLP | Agents: 3
Ep 50 | Avg Score: -77.52 | Noise: 1.00 | Time: 34s
Ep 100 | Avg Score: -60.17 | Noise: 1.00 | Time: 83s
Ep 150 | Avg Score: -49.20 | Noise: 0.99 | Time: 132s
Ep 200 | Avg Score: -51.76 | Noise: 0.99 | Time: 182s
Ep 250 | Avg Score: -40.54 | Noise: 0.99 | Time: 232s
Ep 300 | Avg Score: -43.07 | Noise: 0.99 | Time: 284s
Ep 350 | Avg Score: -48.47 | Noise: 0.99 | Time: 335s
Ep 400 | Avg Score: -41.50 | Noise: 0.99 | Time: 386s
Ep 450 | Avg Score: -34.38 | Noise: 0.98 | Time: 437s
Ep 500 | Avg Score: -26.27 | Noise: 0.98 | Time: 488s
Ep 550 | Avg Score: -16.37 | Noise: 0.98 | Time: 538s
Ep 600 | Avg Score: -16.12 | Noise: 0.98 | Time: 589s
Ep 650 | Avg Score: -20.45 | Noise: 0.98 | Time: 639s
Ep 700 | Avg Score: -25.19 | Noise: 0.98 | Time: 690s
Ep 750 | Avg Score: -32.55 | Noise: 0.97 | Time: 741s
Ep 800 | Avg Score: -37.65 | Noise: 0.97 | Time: 792s
Ep 850 | Avg Score: -33.52 | Noise: 0.97 | Time: 842s
Ep 900 | Avg Score: -33.42 | Noise: 0.97 | Time: 893s
Ep 950 | Avg Score: -35.81 | Noise: 0.97 | Time: 944s
Ep 1000 | Avg Score: -26.45 | Noise: 0.97 | Time: 995s
Models saved to ./runs/simple_adversary_v3/baseline_adv_40k/model.pt
Ep 1050 | Avg Score: -26.34 | Noise: 0.96 | Time: 1046s
Ep 1100 | Avg Score: -21.88 | Noise: 0.96 | Time: 1097s
Ep 1150 | Avg Score: -21.71 | Noise: 0.96 | Time: 1149s
Ep 1200 | Avg Score: -28.88 | Noise: 0.96 | Time: 1199s
Ep 1250 | Avg Score: -32.34 | Noise: 0.96 | Time: 1251s
Ep 1300 | Avg Score: -42.44 | Noise: 0.96 | Time: 1303s
Ep 1350 | Avg Score: -35.90 | Noise: 0.95 | Time: 1355s
Ep 1400 | Avg Score: -28.76 | Noise: 0.95 | Time: 1407s
Ep 1450 | Avg Score: -35.14 | Noise: 0.95 | Time: 1459s
Ep 1500 | Avg Score: -38.08 | Noise: 0.95 | Time: 1511s
Ep 1550 | Avg Score: -34.04 | Noise: 0.95 | Time: 1563s
Ep 1600 | Avg Score: -32.14 | Noise: 0.95 | Time: 1614s
Ep 1650 | Avg Score: -35.04 | Noise: 0.94 | Time: 1666s
Ep 1700 | Avg Score: -42.01 | Noise: 0.94 | Time: 1717s
Ep 1750 | Avg Score: -39.37 | Noise: 0.94 | Time: 1767s
Ep 1800 | Avg Score: -40.15 | Noise: 0.94 | Time: 1819s
Ep 1850 | Avg Score: -41.52 | Noise: 0.94 | Time: 1871s
Ep 1900 | Avg Score: -29.33 | Noise: 0.94 | Time: 1924s
Ep 1950 | Avg Score: -34.87 | Noise: 0.94 | Time: 1977s
Ep 2000 | Avg Score: -36.96 | Noise: 0.93 | Time: 2029s
Models saved to ./runs/simple_adversary_v3/baseline_adv_40k/model.pt
Ep 2050 | Avg Score: -30.92 | Noise: 0.93 | Time: 2081s
Ep 2100 | Avg Score: -28.06 | Noise: 0.93 | Time: 2133s
Ep 2150 | Avg Score: -34.04 | Noise: 0.93 | Time: 2185s
Ep 2200 | Avg Score: -33.41 | Noise: 0.93 | Time: 2237s
Ep 2250 | Avg Score: -30.63 | Noise: 0.93 | Time: 2290s
Ep 2300 | Avg Score: -34.41 | Noise: 0.92 | Time: 2342s
Ep 2350 | Avg Score: -27.93 | Noise: 0.92 | Time: 2394s
Ep 2400 | Avg Score: -29.00 | Noise: 0.92 | Time: 2446s
Ep 2450 | Avg Score: -30.98 | Noise: 0.92 | Time: 2497s
Ep 2500 | Avg Score: -24.35 | Noise: 0.92 | Time: 2549s
Ep 2550 | Avg Score: -29.26 | Noise: 0.92 | Time: 2602s
Ep 2600 | Avg Score: -35.18 | Noise: 0.91 | Time: 2654s
Ep 2650 | Avg Score: -30.69 | Noise: 0.91 | Time: 2706s
Ep 2700 | Avg Score: -23.68 | Noise: 0.91 | Time: 2758s
Ep 2750 | Avg Score: -22.68 | Noise: 0.91 | Time: 2811s
Ep 2800 | Avg Score: -26.00 | Noise: 0.91 | Time: 2862s
Ep 2850 | Avg Score: -24.12 | Noise: 0.91 | Time: 2914s
Ep 2900 | Avg Score: -24.00 | Noise: 0.90 | Time: 2967s
Ep 2950 | Avg Score: -25.25 | Noise: 0.90 | Time: 3019s
Ep 3000 | Avg Score: -23.32 | Noise: 0.90 | Time: 3071s
Models saved to ./runs/simple_adversary_v3/baseline_adv_40k/model.pt
Ep 3050 | Avg Score: -23.73 | Noise: 0.90 | Time: 3124s
Ep 3100 | Avg Score: -21.84 | Noise: 0.90 | Time: 3176s
Ep 3150 | Avg Score: -17.81 | Noise: 0.90 | Time: 3228s
Ep 3200 | Avg Score: -15.24 | Noise: 0.89 | Time: 3280s
Ep 3250 | Avg Score: -17.46 | Noise: 0.89 | Time: 3332s
Ep 3300 | Avg Score: -27.66 | Noise: 0.89 | Time: 3385s
Ep 3350 | Avg Score: -34.12 | Noise: 0.89 | Time: 3437s
Ep 3400 | Avg Score: -28.26 | Noise: 0.89 | Time: 3489s
Ep 3450 | Avg Score: -22.27 | Noise: 0.89 | Time: 3542s
Ep 3500 | Avg Score: -19.43 | Noise: 0.88 | Time: 3593s
Ep 3550 | Avg Score: -13.21 | Noise: 0.88 | Time: 3645s
Ep 3600 | Avg Score: -11.69 | Noise: 0.88 | Time: 3697s
Ep 3650 | Avg Score: -5.24 | Noise: 0.88 | Time: 3749s
Ep 3700 | Avg Score: -4.76 | Noise: 0.88 | Time: 3801s
Ep 3750 | Avg Score: -8.51 | Noise: 0.88 | Time: 3853s
Ep 3800 | Avg Score: -10.60 | Noise: 0.87 | Time: 3906s
Ep 3850 | Avg Score: -25.11 | Noise: 0.87 | Time: 3958s
Ep 3900 | Avg Score: -30.89 | Noise: 0.87 | Time: 4010s
Ep 3950 | Avg Score: -27.51 | Noise: 0.87 | Time: 4062s
Ep 4000 | Avg Score: -26.76 | Noise: 0.87 | Time: 4114s
Models saved to ./runs/simple_adversary_v3/baseline_adv_40k/model.pt
Ep 4050 | Avg Score: -27.67 | Noise: 0.86 | Time: 4167s
Ep 4100 | Avg Score: -30.10 | Noise: 0.86 | Time: 4219s
Ep 4150 | Avg Score: -34.59 | Noise: 0.86 | Time: 4271s
Ep 4200 | Avg Score: -31.14 | Noise: 0.86 | Time: 4323s
Ep 4250 | Avg Score: -27.36 | Noise: 0.86 | Time: 4376s
Ep 4300 | Avg Score: -35.25 | Noise: 0.86 | Time: 4427s
Ep 4350 | Avg Score: -35.07 | Noise: 0.85 | Time: 4479s
Ep 4400 | Avg Score: -33.06 | Noise: 0.85 | Time: 4531s
Ep 4450 | Avg Score: -29.80 | Noise: 0.85 | Time: 4584s
Ep 4500 | Avg Score: -18.26 | Noise: 0.85 | Time: 4637s
Ep 4550 | Avg Score: -9.14 | Noise: 0.85 | Time: 4689s
Ep 4600 | Avg Score: -6.73 | Noise: 0.85 | Time: 4742s
Ep 4650 | Avg Score: -10.95 | Noise: 0.84 | Time: 4794s
Ep 4700 | Avg Score: -14.06 | Noise: 0.84 | Time: 4847s
Ep 4750 | Avg Score: -13.45 | Noise: 0.84 | Time: 4899s
Ep 4800 | Avg Score: -13.88 | Noise: 0.84 | Time: 4951s
Ep 4850 | Avg Score: -15.30 | Noise: 0.84 | Time: 5003s
Ep 4900 | Avg Score: -15.57 | Noise: 0.84 | Time: 5055s
Ep 4950 | Avg Score: -17.92 | Noise: 0.83 | Time: 5107s
Ep 5000 | Avg Score: -19.09 | Noise: 0.83 | Time: 5159s
Models saved to ./runs/simple_adversary_v3/baseline_adv_40k/model.pt
Ep 5050 | Avg Score: -16.75 | Noise: 0.83 | Time: 5211s
Ep 5100 | Avg Score: -15.53 | Noise: 0.83 | Time: 5263s
Ep 5150 | Avg Score: -14.98 | Noise: 0.83 | Time: 5315s
Ep 5200 | Avg Score: -13.52 | Noise: 0.83 | Time: 5367s
Ep 5250 | Avg Score: -12.22 | Noise: 0.82 | Time: 5419s
Ep 5300 | Avg Score: -14.35 | Noise: 0.82 | Time: 5471s
Ep 5350 | Avg Score: -11.82 | Noise: 0.82 | Time: 5524s
Ep 5400 | Avg Score: -8.76 | Noise: 0.82 | Time: 5576s
Ep 5450 | Avg Score: -9.67 | Noise: 0.82 | Time: 5627s
Ep 5500 | Avg Score: -9.21 | Noise: 0.82 | Time: 5680s
Ep 5550 | Avg Score: -10.60 | Noise: 0.81 | Time: 5732s
Ep 5600 | Avg Score: -12.59 | Noise: 0.81 | Time: 5785s
Ep 5650 | Avg Score: -12.94 | Noise: 0.81 | Time: 5837s
Ep 5700 | Avg Score: -10.12 | Noise: 0.81 | Time: 5889s
Ep 5750 | Avg Score: -3.04 | Noise: 0.81 | Time: 5941s
Ep 5800 | Avg Score: 1.08 | Noise: 0.81 | Time: 5992s
Ep 5850 | Avg Score: -1.84 | Noise: 0.80 | Time: 6044s
Ep 5900 | Avg Score: -6.95 | Noise: 0.80 | Time: 6097s
Ep 5950 | Avg Score: -12.18 | Noise: 0.80 | Time: 6149s
Ep 6000 | Avg Score: -12.99 | Noise: 0.80 | Time: 6201s
Models saved to ./runs/simple_adversary_v3/baseline_adv_40k/model.pt
Ep 6050 | Avg Score: -10.07 | Noise: 0.80 | Time: 6254s
Ep 6100 | Avg Score: -6.72 | Noise: 0.80 | Time: 6306s
Ep 6150 | Avg Score: -14.29 | Noise: 0.80 | Time: 6358s
Ep 6200 | Avg Score: -23.42 | Noise: 0.79 | Time: 6409s
Ep 6250 | Avg Score: -24.06 | Noise: 0.79 | Time: 6461s
Ep 6300 | Avg Score: -17.96 | Noise: 0.79 | Time: 6513s
Ep 6350 | Avg Score: -11.48 | Noise: 0.79 | Time: 6565s
Ep 6400 | Avg Score: -13.51 | Noise: 0.79 | Time: 6617s
Ep 6450 | Avg Score: -20.06 | Noise: 0.79 | Time: 6669s
Ep 6500 | Avg Score: -18.27 | Noise: 0.78 | Time: 6720s
Ep 6550 | Avg Score: -14.69 | Noise: 0.78 | Time: 6771s
Ep 6600 | Avg Score: -16.81 | Noise: 0.78 | Time: 6823s
Ep 6650 | Avg Score: -14.81 | Noise: 0.78 | Time: 6875s
Ep 6700 | Avg Score: -11.02 | Noise: 0.78 | Time: 6925s
Ep 6750 | Avg Score: -11.16 | Noise: 0.78 | Time: 6976s
Ep 6800 | Avg Score: -9.21 | Noise: 0.77 | Time: 7027s
Ep 6850 | Avg Score: -7.35 | Noise: 0.77 | Time: 7078s
Ep 6900 | Avg Score: -5.33 | Noise: 0.77 | Time: 7130s
Ep 6950 | Avg Score: 4.03 | Noise: 0.77 | Time: 7181s
Ep 7000 | Avg Score: 16.42 | Noise: 0.77 | Time: 7233s
Models saved to ./runs/simple_adversary_v3/baseline_adv_40k/model.pt
Ep 7050 | Avg Score: 46.18 | Noise: 0.77 | Time: 7284s
Ep 7100 | Avg Score: 69.63 | Noise: 0.76 | Time: 7336s
Ep 7150 | Avg Score: 71.52 | Noise: 0.76 | Time: 7387s
Ep 7200 | Avg Score: 50.65 | Noise: 0.76 | Time: 7436s
Ep 7250 | Avg Score: 41.14 | Noise: 0.76 | Time: 7488s
Ep 7300 | Avg Score: 52.59 | Noise: 0.76 | Time: 7540s
Ep 7350 | Avg Score: 27.81 | Noise: 0.76 | Time: 7591s
Ep 7400 | Avg Score: -2.27 | Noise: 0.75 | Time: 7643s
Ep 7450 | Avg Score: -0.30 | Noise: 0.75 | Time: 7696s
Ep 7500 | Avg Score: 3.97 | Noise: 0.75 | Time: 7748s
Ep 7550 | Avg Score: -9.81 | Noise: 0.75 | Time: 7799s
Ep 7600 | Avg Score: -23.49 | Noise: 0.75 | Time: 7851s
Ep 7650 | Avg Score: -8.45 | Noise: 0.74 | Time: 7902s
Ep 7700 | Avg Score: 10.21 | Noise: 0.74 | Time: 7953s
Ep 7750 | Avg Score: 0.90 | Noise: 0.74 | Time: 8004s
Ep 7800 | Avg Score: -17.11 | Noise: 0.74 | Time: 8056s
Ep 7850 | Avg Score: -28.28 | Noise: 0.74 | Time: 8108s
Ep 7900 | Avg Score: -34.35 | Noise: 0.74 | Time: 8159s
Ep 7950 | Avg Score: -38.03 | Noise: 0.73 | Time: 8210s
Ep 8000 | Avg Score: -35.25 | Noise: 0.73 | Time: 8261s
Models saved to ./runs/simple_adversary_v3/baseline_adv_40k/model.pt
Ep 8050 | Avg Score: -38.07 | Noise: 0.73 | Time: 8312s
Ep 8100 | Avg Score: -40.47 | Noise: 0.73 | Time: 8363s
Ep 8150 | Avg Score: -42.73 | Noise: 0.73 | Time: 8414s
Ep 8200 | Avg Score: -48.95 | Noise: 0.73 | Time: 8465s
Ep 8250 | Avg Score: -56.19 | Noise: 0.72 | Time: 8516s
Ep 8300 | Avg Score: -61.57 | Noise: 0.72 | Time: 8567s
Ep 8350 | Avg Score: -56.21 | Noise: 0.72 | Time: 8616s
Ep 8400 | Avg Score: -47.24 | Noise: 0.72 | Time: 8665s
Ep 8450 | Avg Score: -32.93 | Noise: 0.72 | Time: 8717s
Ep 8500 | Avg Score: -21.26 | Noise: 0.72 | Time: 8768s
Ep 8550 | Avg Score: -13.93 | Noise: 0.72 | Time: 8821s
Ep 8600 | Avg Score: -9.81 | Noise: 0.71 | Time: 8873s
Ep 8650 | Avg Score: -5.38 | Noise: 0.71 | Time: 8926s
Ep 8700 | Avg Score: 1.43 | Noise: 0.71 | Time: 8976s
Ep 8750 | Avg Score: 1.47 | Noise: 0.71 | Time: 9029s
Ep 8800 | Avg Score: -0.04 | Noise: 0.71 | Time: 9080s
Ep 8850 | Avg Score: -1.79 | Noise: 0.71 | Time: 9133s
Ep 8900 | Avg Score: -8.17 | Noise: 0.70 | Time: 9185s
Ep 8950 | Avg Score: -11.70 | Noise: 0.70 | Time: 9237s
Ep 9000 | Avg Score: -11.79 | Noise: 0.70 | Time: 9288s
Models saved to ./runs/simple_adversary_v3/baseline_adv_40k/model.pt
Ep 9050 | Avg Score: -18.41 | Noise: 0.70 | Time: 9340s
Ep 9100 | Avg Score: -30.66 | Noise: 0.70 | Time: 9392s
Ep 9150 | Avg Score: -34.44 | Noise: 0.70 | Time: 9444s
Ep 9200 | Avg Score: -27.86 | Noise: 0.69 | Time: 9497s
Ep 9250 | Avg Score: -24.38 | Noise: 0.69 | Time: 9548s
Ep 9300 | Avg Score: -16.84 | Noise: 0.69 | Time: 9600s
Ep 9350 | Avg Score: -18.87 | Noise: 0.69 | Time: 9652s
Ep 9400 | Avg Score: -13.27 | Noise: 0.69 | Time: 9704s
Ep 9450 | Avg Score: 2.42 | Noise: 0.69 | Time: 9755s
Ep 9500 | Avg Score: 1.78 | Noise: 0.68 | Time: 9808s
Ep 9550 | Avg Score: -1.00 | Noise: 0.68 | Time: 9860s
Ep 9600 | Avg Score: -1.95 | Noise: 0.68 | Time: 9912s
Ep 9650 | Avg Score: -9.21 | Noise: 0.68 | Time: 9964s
Ep 9700 | Avg Score: -15.62 | Noise: 0.68 | Time: 10016s
Ep 9750 | Avg Score: -13.28 | Noise: 0.68 | Time: 10066s
Ep 9800 | Avg Score: -11.41 | Noise: 0.67 | Time: 10111s
Ep 9850 | Avg Score: -11.59 | Noise: 0.67 | Time: 10161s
Ep 9900 | Avg Score: -13.63 | Noise: 0.67 | Time: 10213s
Ep 9950 | Avg Score: -14.69 | Noise: 0.67 | Time: 10265s
Ep 10000 | Avg Score: -13.72 | Noise: 0.67 | Time: 10315s
Models saved to ./runs/simple_adversary_v3/baseline_adv_40k/model.pt
Ep 10050 | Avg Score: -13.91 | Noise: 0.67 | Time: 10367s
Ep 10100 | Avg Score: -13.61 | Noise: 0.66 | Time: 10420s
Ep 10150 | Avg Score: -10.29 | Noise: 0.66 | Time: 10472s
Ep 10200 | Avg Score: -12.62 | Noise: 0.66 | Time: 10523s
Ep 10250 | Avg Score: -15.91 | Noise: 0.66 | Time: 10575s
Ep 10300 | Avg Score: -14.23 | Noise: 0.66 | Time: 10627s
Ep 10350 | Avg Score: -14.40 | Noise: 0.66 | Time: 10679s
Ep 10400 | Avg Score: -13.08 | Noise: 0.65 | Time: 10730s
Ep 10450 | Avg Score: -10.73 | Noise: 0.65 | Time: 10782s
Ep 10500 | Avg Score: -12.28 | Noise: 0.65 | Time: 10833s
Ep 10550 | Avg Score: -13.66 | Noise: 0.65 | Time: 10884s
Ep 10600 | Avg Score: -12.16 | Noise: 0.65 | Time: 10936s
Ep 10650 | Avg Score: -11.51 | Noise: 0.65 | Time: 10988s
Ep 10700 | Avg Score: -11.99 | Noise: 0.64 | Time: 11040s
Ep 10750 | Avg Score: -9.70 | Noise: 0.64 | Time: 11093s
Ep 10800 | Avg Score: -8.19 | Noise: 0.64 | Time: 11145s
Ep 10850 | Avg Score: -8.87 | Noise: 0.64 | Time: 11196s
Ep 10900 | Avg Score: -9.15 | Noise: 0.64 | Time: 11248s
Ep 10950 | Avg Score: -4.68 | Noise: 0.64 | Time: 11300s
Ep 11000 | Avg Score: -4.12 | Noise: 0.63 | Time: 11352s
Models saved to ./runs/simple_adversary_v3/baseline_adv_40k/model.pt
Ep 11050 | Avg Score: -8.02 | Noise: 0.63 | Time: 11403s
Ep 11100 | Avg Score: -5.34 | Noise: 0.63 | Time: 11454s
Ep 11150 | Avg Score: -3.16 | Noise: 0.63 | Time: 11506s
Ep 11200 | Avg Score: -6.34 | Noise: 0.63 | Time: 11557s
Ep 11250 | Avg Score: -7.51 | Noise: 0.62 | Time: 11609s
Ep 11300 | Avg Score: -6.06 | Noise: 0.62 | Time: 11661s
Ep 11350 | Avg Score: -8.15 | Noise: 0.62 | Time: 11713s
Ep 11400 | Avg Score: -11.82 | Noise: 0.62 | Time: 11765s
Ep 11450 | Avg Score: -10.64 | Noise: 0.62 | Time: 11816s
Ep 11500 | Avg Score: -9.26 | Noise: 0.62 | Time: 11868s
Ep 11550 | Avg Score: -13.16 | Noise: 0.61 | Time: 11920s
Ep 11600 | Avg Score: -14.63 | Noise: 0.61 | Time: 11972s
Ep 11650 | Avg Score: -12.19 | Noise: 0.61 | Time: 12024s
Ep 11700 | Avg Score: -8.12 | Noise: 0.61 | Time: 12077s
Ep 11750 | Avg Score: -7.71 | Noise: 0.61 | Time: 12129s
Ep 11800 | Avg Score: -10.08 | Noise: 0.61 | Time: 12182s
Ep 11850 | Avg Score: -7.34 | Noise: 0.60 | Time: 12234s
Ep 11900 | Avg Score: -4.06 | Noise: 0.60 | Time: 12286s
Ep 11950 | Avg Score: -6.94 | Noise: 0.60 | Time: 12337s
Ep 12000 | Avg Score: -8.54 | Noise: 0.60 | Time: 12388s
Models saved to ./runs/simple_adversary_v3/baseline_adv_40k/model.pt
Ep 12050 | Avg Score: -5.73 | Noise: 0.60 | Time: 12439s
Ep 12100 | Avg Score: -7.16 | Noise: 0.60 | Time: 12490s
Ep 12150 | Avg Score: -8.37 | Noise: 0.59 | Time: 12541s
Ep 12200 | Avg Score: -7.70 | Noise: 0.59 | Time: 12592s
Ep 12250 | Avg Score: -7.86 | Noise: 0.59 | Time: 12643s
Ep 12300 | Avg Score: -11.02 | Noise: 0.59 | Time: 12695s
Ep 12350 | Avg Score: -9.71 | Noise: 0.59 | Time: 12746s
Ep 12400 | Avg Score: -7.59 | Noise: 0.59 | Time: 12798s
Ep 12450 | Avg Score: -9.47 | Noise: 0.58 | Time: 12849s
Ep 12500 | Avg Score: -8.45 | Noise: 0.58 | Time: 12901s
Ep 12550 | Avg Score: -8.79 | Noise: 0.58 | Time: 12953s
Ep 12600 | Avg Score: -9.35 | Noise: 0.58 | Time: 13004s
Ep 12650 | Avg Score: -12.44 | Noise: 0.58 | Time: 13056s
Ep 12700 | Avg Score: -16.88 | Noise: 0.58 | Time: 13107s
Ep 12750 | Avg Score: -15.41 | Noise: 0.57 | Time: 13158s
Ep 12800 | Avg Score: -14.30 | Noise: 0.57 | Time: 13209s
Ep 12850 | Avg Score: -19.96 | Noise: 0.57 | Time: 13260s
Ep 12900 | Avg Score: -23.54 | Noise: 0.57 | Time: 13312s
Ep 12950 | Avg Score: -17.74 | Noise: 0.57 | Time: 13363s
Ep 13000 | Avg Score: -13.55 | Noise: 0.57 | Time: 13414s
Models saved to ./runs/simple_adversary_v3/baseline_adv_40k/model.pt
Ep 13050 | Avg Score: -11.06 | Noise: 0.56 | Time: 13465s
Ep 13100 | Avg Score: -6.29 | Noise: 0.56 | Time: 13516s
Ep 13150 | Avg Score: -4.67 | Noise: 0.56 | Time: 13568s
Ep 13200 | Avg Score: -5.15 | Noise: 0.56 | Time: 13619s
Ep 13250 | Avg Score: -4.49 | Noise: 0.56 | Time: 13670s
Ep 13300 | Avg Score: -2.35 | Noise: 0.56 | Time: 13721s
Ep 13350 | Avg Score: -3.15 | Noise: 0.55 | Time: 13773s
Ep 13400 | Avg Score: -6.42 | Noise: 0.55 | Time: 13824s
Ep 13450 | Avg Score: -7.80 | Noise: 0.55 | Time: 13875s
Ep 13500 | Avg Score: -9.31 | Noise: 0.55 | Time: 13926s
Ep 13550 | Avg Score: -8.69 | Noise: 0.55 | Time: 13977s
Ep 13600 | Avg Score: -5.81 | Noise: 0.55 | Time: 14028s
Ep 13650 | Avg Score: -5.12 | Noise: 0.54 | Time: 14079s
Ep 13700 | Avg Score: -4.08 | Noise: 0.54 | Time: 14130s
Ep 13750 | Avg Score: -3.67 | Noise: 0.54 | Time: 14181s
Ep 13800 | Avg Score: -5.06 | Noise: 0.54 | Time: 14232s
Ep 13850 | Avg Score: -6.41 | Noise: 0.54 | Time: 14283s
Ep 13900 | Avg Score: -8.93 | Noise: 0.54 | Time: 14335s
Ep 13950 | Avg Score: -9.34 | Noise: 0.53 | Time: 14386s
Ep 14000 | Avg Score: -5.88 | Noise: 0.53 | Time: 14438s
Models saved to ./runs/simple_adversary_v3/baseline_adv_40k/model.pt
Ep 14050 | Avg Score: -6.36 | Noise: 0.53 | Time: 14489s
Ep 14100 | Avg Score: -9.63 | Noise: 0.53 | Time: 14541s
Ep 14150 | Avg Score: -10.29 | Noise: 0.53 | Time: 14592s
Ep 14200 | Avg Score: -9.36 | Noise: 0.53 | Time: 14643s
Ep 14250 | Avg Score: -8.33 | Noise: 0.53 | Time: 14695s
Ep 14300 | Avg Score: -7.96 | Noise: 0.52 | Time: 14746s
Ep 14350 | Avg Score: -7.50 | Noise: 0.52 | Time: 14798s
Ep 14400 | Avg Score: -5.85 | Noise: 0.52 | Time: 14849s
Ep 14450 | Avg Score: -4.41 | Noise: 0.52 | Time: 14900s
Ep 14500 | Avg Score: -4.53 | Noise: 0.52 | Time: 14951s
Ep 14550 | Avg Score: -5.85 | Noise: 0.52 | Time: 15002s
Ep 14600 | Avg Score: -5.69 | Noise: 0.51 | Time: 15054s
Ep 14650 | Avg Score: -5.98 | Noise: 0.51 | Time: 15105s
Ep 14700 | Avg Score: -7.42 | Noise: 0.51 | Time: 15157s
Ep 14750 | Avg Score: -6.93 | Noise: 0.51 | Time: 15208s
Ep 14800 | Avg Score: -5.76 | Noise: 0.51 | Time: 15260s
Ep 14850 | Avg Score: -6.26 | Noise: 0.51 | Time: 15312s
Ep 14900 | Avg Score: -7.09 | Noise: 0.50 | Time: 15363s
Ep 14950 | Avg Score: -5.62 | Noise: 0.50 | Time: 15414s
Ep 15000 | Avg Score: -4.10 | Noise: 0.50 | Time: 15465s
Models saved to ./runs/simple_adversary_v3/baseline_adv_40k/model.pt
Ep 15050 | Avg Score: -5.90 | Noise: 0.50 | Time: 15516s
Ep 15100 | Avg Score: -7.50 | Noise: 0.50 | Time: 15567s
Ep 15150 | Avg Score: -7.23 | Noise: 0.49 | Time: 15619s
Ep 15200 | Avg Score: -6.37 | Noise: 0.49 | Time: 15671s
Ep 15250 | Avg Score: -7.87 | Noise: 0.49 | Time: 15722s
Ep 15300 | Avg Score: -9.56 | Noise: 0.49 | Time: 15774s
Ep 15350 | Avg Score: -7.90 | Noise: 0.49 | Time: 15824s
Ep 15400 | Avg Score: -8.13 | Noise: 0.49 | Time: 15875s
Ep 15450 | Avg Score: -11.11 | Noise: 0.48 | Time: 15927s
Ep 15500 | Avg Score: -11.99 | Noise: 0.48 | Time: 15978s
Ep 15550 | Avg Score: -12.79 | Noise: 0.48 | Time: 16030s
Ep 15600 | Avg Score: -13.02 | Noise: 0.48 | Time: 16080s
Ep 15650 | Avg Score: -11.58 | Noise: 0.48 | Time: 16133s
Ep 15700 | Avg Score: -13.83 | Noise: 0.48 | Time: 16185s
Ep 15750 | Avg Score: -12.32 | Noise: 0.47 | Time: 16237s
Ep 15800 | Avg Score: -13.58 | Noise: 0.47 | Time: 16286s
Ep 15850 | Avg Score: -14.93 | Noise: 0.47 | Time: 16337s
Ep 15900 | Avg Score: -11.31 | Noise: 0.47 | Time: 16389s
Ep 15950 | Avg Score: -11.53 | Noise: 0.47 | Time: 16440s
Ep 16000 | Avg Score: -10.98 | Noise: 0.47 | Time: 16491s
Models saved to ./runs/simple_adversary_v3/baseline_adv_40k/model.pt
Ep 16050 | Avg Score: -10.60 | Noise: 0.46 | Time: 16542s
Ep 16100 | Avg Score: -7.62 | Noise: 0.46 | Time: 16594s
Ep 16150 | Avg Score: -6.56 | Noise: 0.46 | Time: 16645s
Ep 16200 | Avg Score: -9.96 | Noise: 0.46 | Time: 16697s
Ep 16250 | Avg Score: -10.34 | Noise: 0.46 | Time: 16748s
Ep 16300 | Avg Score: -7.96 | Noise: 0.46 | Time: 16800s
Ep 16350 | Avg Score: -6.05 | Noise: 0.45 | Time: 16851s
Ep 16400 | Avg Score: -7.08 | Noise: 0.45 | Time: 16903s
Ep 16450 | Avg Score: -6.68 | Noise: 0.45 | Time: 16955s
Ep 16500 | Avg Score: -6.50 | Noise: 0.45 | Time: 17006s
Ep 16550 | Avg Score: -7.34 | Noise: 0.45 | Time: 17059s
Ep 16600 | Avg Score: -6.85 | Noise: 0.45 | Time: 17110s
Ep 16650 | Avg Score: -7.33 | Noise: 0.44 | Time: 17161s
Ep 16700 | Avg Score: -8.81 | Noise: 0.44 | Time: 17213s
Ep 16750 | Avg Score: -9.02 | Noise: 0.44 | Time: 17264s
Ep 16800 | Avg Score: -8.97 | Noise: 0.44 | Time: 17316s
Ep 16850 | Avg Score: -7.95 | Noise: 0.44 | Time: 17368s
Ep 16900 | Avg Score: -6.32 | Noise: 0.44 | Time: 17419s
Ep 16950 | Avg Score: -4.71 | Noise: 0.44 | Time: 17472s
Ep 17000 | Avg Score: -5.97 | Noise: 0.43 | Time: 17523s
Models saved to ./runs/simple_adversary_v3/baseline_adv_40k/model.pt
Ep 17050 | Avg Score: -6.15 | Noise: 0.43 | Time: 17574s
Ep 17100 | Avg Score: -5.53 | Noise: 0.43 | Time: 17626s
Ep 17150 | Avg Score: -9.47 | Noise: 0.43 | Time: 17677s
Ep 17200 | Avg Score: -12.79 | Noise: 0.43 | Time: 17729s
Ep 17250 | Avg Score: -10.58 | Noise: 0.43 | Time: 17780s
Ep 17300 | Avg Score: -5.78 | Noise: 0.42 | Time: 17831s
Ep 17350 | Avg Score: -4.87 | Noise: 0.42 | Time: 17882s
Ep 17400 | Avg Score: -6.49 | Noise: 0.42 | Time: 17933s
Ep 17450 | Avg Score: -10.37 | Noise: 0.42 | Time: 17984s
Ep 17500 | Avg Score: -9.07 | Noise: 0.42 | Time: 18035s
Ep 17550 | Avg Score: -9.34 | Noise: 0.42 | Time: 18086s
Ep 17600 | Avg Score: -18.25 | Noise: 0.41 | Time: 18137s
Ep 17650 | Avg Score: -12.99 | Noise: 0.41 | Time: 18188s
Ep 17700 | Avg Score: -4.09 | Noise: 0.41 | Time: 18239s
Ep 17750 | Avg Score: -5.24 | Noise: 0.41 | Time: 18290s
Ep 17800 | Avg Score: -12.00 | Noise: 0.41 | Time: 18341s
Ep 17850 | Avg Score: -21.65 | Noise: 0.41 | Time: 18392s
Ep 17900 | Avg Score: -22.79 | Noise: 0.40 | Time: 18443s
Ep 17950 | Avg Score: -22.73 | Noise: 0.40 | Time: 18494s
Ep 18000 | Avg Score: -24.27 | Noise: 0.40 | Time: 18546s
Models saved to ./runs/simple_adversary_v3/baseline_adv_40k/model.pt
Ep 18050 | Avg Score: -15.09 | Noise: 0.40 | Time: 18597s
Ep 18100 | Avg Score: -1.50 | Noise: 0.40 | Time: 18648s
Ep 18150 | Avg Score: -0.20 | Noise: 0.40 | Time: 18700s
Ep 18200 | Avg Score: -6.96 | Noise: 0.39 | Time: 18751s
Ep 18250 | Avg Score: -9.44 | Noise: 0.39 | Time: 18803s
Ep 18300 | Avg Score: -13.68 | Noise: 0.39 | Time: 18854s
Ep 18350 | Avg Score: -13.11 | Noise: 0.39 | Time: 18906s
Ep 18400 | Avg Score: 1.40 | Noise: 0.39 | Time: 18957s
Ep 18450 | Avg Score: 11.77 | Noise: 0.39 | Time: 19008s
Ep 18500 | Avg Score: 16.17 | Noise: 0.38 | Time: 19060s
Ep 18550 | Avg Score: 22.49 | Noise: 0.38 | Time: 19111s
Ep 18600 | Avg Score: 24.55 | Noise: 0.38 | Time: 19163s
Ep 18650 | Avg Score: 26.06 | Noise: 0.38 | Time: 19214s
Ep 18700 | Avg Score: 26.95 | Noise: 0.38 | Time: 19265s
Ep 18750 | Avg Score: 23.82 | Noise: 0.38 | Time: 19316s
Ep 18800 | Avg Score: 15.27 | Noise: 0.37 | Time: 19367s
Ep 18850 | Avg Score: 8.01 | Noise: 0.37 | Time: 19418s
Ep 18900 | Avg Score: 10.06 | Noise: 0.37 | Time: 19469s
Ep 18950 | Avg Score: 3.33 | Noise: 0.37 | Time: 19521s
Ep 19000 | Avg Score: 3.74 | Noise: 0.37 | Time: 19573s
Models saved to ./runs/simple_adversary_v3/baseline_adv_40k/model.pt
Ep 19050 | Avg Score: 3.31 | Noise: 0.36 | Time: 19624s
Ep 19100 | Avg Score: -6.83 | Noise: 0.36 | Time: 19675s
Ep 19150 | Avg Score: -9.38 | Noise: 0.36 | Time: 19727s
Ep 19200 | Avg Score: -9.14 | Noise: 0.36 | Time: 19779s
Ep 19250 | Avg Score: -0.81 | Noise: 0.36 | Time: 19831s
Ep 19300 | Avg Score: 1.13 | Noise: 0.36 | Time: 19882s
Ep 19350 | Avg Score: -4.17 | Noise: 0.35 | Time: 19933s
Ep 19400 | Avg Score: 0.28 | Noise: 0.35 | Time: 19984s
Ep 19450 | Avg Score: 3.59 | Noise: 0.35 | Time: 20035s
Ep 19500 | Avg Score: 0.02 | Noise: 0.35 | Time: 20087s
Ep 19550 | Avg Score: 1.54 | Noise: 0.35 | Time: 20139s
Ep 19600 | Avg Score: -0.91 | Noise: 0.35 | Time: 20189s
Ep 19650 | Avg Score: -5.01 | Noise: 0.34 | Time: 20241s
Ep 19700 | Avg Score: -0.71 | Noise: 0.34 | Time: 20292s
Ep 19750 | Avg Score: -4.91 | Noise: 0.34 | Time: 20343s
Ep 19800 | Avg Score: -9.64 | Noise: 0.34 | Time: 20395s
Ep 19850 | Avg Score: -2.71 | Noise: 0.34 | Time: 20448s
Ep 19900 | Avg Score: 3.98 | Noise: 0.34 | Time: 20499s
Ep 19950 | Avg Score: 4.16 | Noise: 0.33 | Time: 20551s
Ep 20000 | Avg Score: 4.74 | Noise: 0.33 | Time: 20602s
Models saved to ./runs/simple_adversary_v3/baseline_adv_40k/model.pt
Ep 20050 | Avg Score: 9.80 | Noise: 0.33 | Time: 20653s
Ep 20100 | Avg Score: 12.09 | Noise: 0.33 | Time: 20704s
Ep 20150 | Avg Score: 7.53 | Noise: 0.33 | Time: 20755s
Ep 20200 | Avg Score: 4.02 | Noise: 0.33 | Time: 20806s
Ep 20250 | Avg Score: 6.10 | Noise: 0.32 | Time: 20858s
Ep 20300 | Avg Score: 10.52 | Noise: 0.32 | Time: 20910s
Ep 20350 | Avg Score: 10.61 | Noise: 0.32 | Time: 20960s
Ep 20400 | Avg Score: 5.28 | Noise: 0.32 | Time: 21012s
Ep 20450 | Avg Score: 5.26 | Noise: 0.32 | Time: 21063s
Ep 20500 | Avg Score: 9.22 | Noise: 0.32 | Time: 21114s
Ep 20550 | Avg Score: 6.24 | Noise: 0.31 | Time: 21165s
Ep 20600 | Avg Score: -8.19 | Noise: 0.31 | Time: 21217s
Ep 20650 | Avg Score: -10.13 | Noise: 0.31 | Time: 21269s
Ep 20700 | Avg Score: 2.96 | Noise: 0.31 | Time: 21321s
Ep 20750 | Avg Score: 9.21 | Noise: 0.31 | Time: 21373s
Ep 20800 | Avg Score: 8.63 | Noise: 0.31 | Time: 21424s
Ep 20850 | Avg Score: 5.06 | Noise: 0.31 | Time: 21476s
Ep 20900 | Avg Score: 6.38 | Noise: 0.30 | Time: 21528s
Ep 20950 | Avg Score: 11.25 | Noise: 0.30 | Time: 21579s
Ep 21000 | Avg Score: 11.14 | Noise: 0.30 | Time: 21631s
Models saved to ./runs/simple_adversary_v3/baseline_adv_40k/model.pt
Ep 21050 | Avg Score: 13.94 | Noise: 0.30 | Time: 21682s
Ep 21100 | Avg Score: 15.40 | Noise: 0.30 | Time: 21734s
Ep 21150 | Avg Score: 4.55 | Noise: 0.30 | Time: 21786s
Ep 21200 | Avg Score: 1.00 | Noise: 0.29 | Time: 21837s
Ep 21250 | Avg Score: 5.61 | Noise: 0.29 | Time: 21889s
Ep 21300 | Avg Score: 5.51 | Noise: 0.29 | Time: 21940s
Ep 21350 | Avg Score: 9.74 | Noise: 0.29 | Time: 21991s
Ep 21400 | Avg Score: 15.36 | Noise: 0.29 | Time: 22043s
Ep 21450 | Avg Score: 18.11 | Noise: 0.29 | Time: 22095s
Ep 21500 | Avg Score: 18.49 | Noise: 0.28 | Time: 22146s
Ep 21550 | Avg Score: 17.89 | Noise: 0.28 | Time: 22197s
Ep 21600 | Avg Score: 13.11 | Noise: 0.28 | Time: 22249s
Ep 21650 | Avg Score: 10.65 | Noise: 0.28 | Time: 22300s
Ep 21700 | Avg Score: 16.56 | Noise: 0.28 | Time: 22352s
Ep 21750 | Avg Score: 15.56 | Noise: 0.28 | Time: 22403s
Ep 21800 | Avg Score: 9.17 | Noise: 0.27 | Time: 22454s
Ep 21850 | Avg Score: 8.67 | Noise: 0.27 | Time: 22505s
Ep 21900 | Avg Score: 11.11 | Noise: 0.27 | Time: 22556s
Ep 21950 | Avg Score: 12.18 | Noise: 0.27 | Time: 22607s
Ep 22000 | Avg Score: 14.37 | Noise: 0.27 | Time: 22659s
Models saved to ./runs/simple_adversary_v3/baseline_adv_40k/model.pt
Ep 22050 | Avg Score: 13.83 | Noise: 0.27 | Time: 22710s
Ep 22100 | Avg Score: 11.83 | Noise: 0.26 | Time: 22762s
Ep 22150 | Avg Score: 13.49 | Noise: 0.26 | Time: 22813s
Ep 22200 | Avg Score: 14.42 | Noise: 0.26 | Time: 22864s
Ep 22250 | Avg Score: 17.53 | Noise: 0.26 | Time: 22915s
Ep 22300 | Avg Score: 14.21 | Noise: 0.26 | Time: 22967s
Ep 22350 | Avg Score: 9.18 | Noise: 0.26 | Time: 23019s
Ep 22400 | Avg Score: 12.50 | Noise: 0.25 | Time: 23071s
Ep 22450 | Avg Score: 12.48 | Noise: 0.25 | Time: 23122s
Ep 22500 | Avg Score: 10.95 | Noise: 0.25 | Time: 23174s
Ep 22550 | Avg Score: 6.00 | Noise: 0.25 | Time: 23226s
Ep 22600 | Avg Score: 1.66 | Noise: 0.25 | Time: 23278s
Ep 22650 | Avg Score: 0.07 | Noise: 0.24 | Time: 23330s
Ep 22700 | Avg Score: 2.82 | Noise: 0.24 | Time: 23381s
Ep 22750 | Avg Score: 6.78 | Noise: 0.24 | Time: 23433s
Ep 22800 | Avg Score: 7.02 | Noise: 0.24 | Time: 23484s
Ep 22850 | Avg Score: 8.41 | Noise: 0.24 | Time: 23536s
Ep 22900 | Avg Score: 11.08 | Noise: 0.24 | Time: 23587s
Ep 22950 | Avg Score: 9.92 | Noise: 0.23 | Time: 23638s
Ep 23000 | Avg Score: 8.51 | Noise: 0.23 | Time: 23690s
Models saved to ./runs/simple_adversary_v3/baseline_adv_40k/model.pt
Ep 23050 | Avg Score: 11.84 | Noise: 0.23 | Time: 23741s
Ep 23100 | Avg Score: 11.35 | Noise: 0.23 | Time: 23793s
Ep 23150 | Avg Score: 8.41 | Noise: 0.23 | Time: 23845s
Ep 23200 | Avg Score: 10.26 | Noise: 0.23 | Time: 23895s
Ep 23250 | Avg Score: 5.42 | Noise: 0.22 | Time: 23947s
Ep 23300 | Avg Score: 0.49 | Noise: 0.22 | Time: 23998s
Ep 23350 | Avg Score: 7.57 | Noise: 0.22 | Time: 24049s
Ep 23400 | Avg Score: 13.30 | Noise: 0.22 | Time: 24101s
Ep 23450 | Avg Score: 14.68 | Noise: 0.22 | Time: 24152s
Ep 23500 | Avg Score: 16.23 | Noise: 0.22 | Time: 24203s
Ep 23550 | Avg Score: 15.86 | Noise: 0.21 | Time: 24255s
Ep 23600 | Avg Score: 11.56 | Noise: 0.21 | Time: 24306s
Ep 23650 | Avg Score: 8.71 | Noise: 0.21 | Time: 24357s
Ep 23700 | Avg Score: 12.20 | Noise: 0.21 | Time: 24408s
Ep 23750 | Avg Score: 11.13 | Noise: 0.21 | Time: 24460s
Ep 23800 | Avg Score: 8.48 | Noise: 0.21 | Time: 24511s
Ep 23850 | Avg Score: 11.40 | Noise: 0.20 | Time: 24562s
Ep 23900 | Avg Score: 11.42 | Noise: 0.20 | Time: 24614s
Ep 23950 | Avg Score: 13.06 | Noise: 0.20 | Time: 24666s
Ep 24000 | Avg Score: 12.28 | Noise: 0.20 | Time: 24718s
Models saved to ./runs/simple_adversary_v3/baseline_adv_40k/model.pt
Ep 24050 | Avg Score: 11.48 | Noise: 0.20 | Time: 24770s
Ep 24100 | Avg Score: 11.54 | Noise: 0.20 | Time: 24821s
Ep 24150 | Avg Score: 13.60 | Noise: 0.19 | Time: 24873s
Ep 24200 | Avg Score: 13.40 | Noise: 0.19 | Time: 24924s
Ep 24250 | Avg Score: 10.96 | Noise: 0.19 | Time: 24977s
Ep 24300 | Avg Score: 13.17 | Noise: 0.19 | Time: 25028s
Ep 24350 | Avg Score: 10.48 | Noise: 0.19 | Time: 25080s
Ep 24400 | Avg Score: 7.80 | Noise: 0.19 | Time: 25132s
Ep 24450 | Avg Score: 6.91 | Noise: 0.19 | Time: 25183s
Ep 24500 | Avg Score: 6.69 | Noise: 0.18 | Time: 25234s
Ep 24550 | Avg Score: 11.59 | Noise: 0.18 | Time: 25285s
Ep 24600 | Avg Score: 14.49 | Noise: 0.18 | Time: 25337s
Ep 24650 | Avg Score: 15.72 | Noise: 0.18 | Time: 25388s
Ep 24700 | Avg Score: 13.23 | Noise: 0.18 | Time: 25439s
Ep 24750 | Avg Score: 10.74 | Noise: 0.18 | Time: 25490s
Ep 24800 | Avg Score: 11.81 | Noise: 0.17 | Time: 25542s
Ep 24850 | Avg Score: 10.06 | Noise: 0.17 | Time: 25592s
Ep 24900 | Avg Score: 7.81 | Noise: 0.17 | Time: 25643s
Ep 24950 | Avg Score: 8.61 | Noise: 0.17 | Time: 25694s
Ep 25000 | Avg Score: 11.42 | Noise: 0.17 | Time: 25746s
Models saved to ./runs/simple_adversary_v3/baseline_adv_40k/model.pt
Ep 25050 | Avg Score: 12.86 | Noise: 0.17 | Time: 25798s
Ep 25100 | Avg Score: 12.13 | Noise: 0.16 | Time: 25850s
Ep 25150 | Avg Score: 13.99 | Noise: 0.16 | Time: 25903s
Ep 25200 | Avg Score: 18.69 | Noise: 0.16 | Time: 25954s
Ep 25250 | Avg Score: 16.87 | Noise: 0.16 | Time: 26005s
Ep 25300 | Avg Score: 11.68 | Noise: 0.16 | Time: 26056s
Ep 25350 | Avg Score: 7.25 | Noise: 0.16 | Time: 26108s
Ep 25400 | Avg Score: 7.87 | Noise: 0.15 | Time: 26160s
Ep 25450 | Avg Score: 9.52 | Noise: 0.15 | Time: 26213s
Ep 25500 | Avg Score: 12.90 | Noise: 0.15 | Time: 26264s
Ep 25550 | Avg Score: 14.50 | Noise: 0.15 | Time: 26317s
Ep 25600 | Avg Score: 12.14 | Noise: 0.15 | Time: 26368s
Ep 25650 | Avg Score: 12.53 | Noise: 0.15 | Time: 26419s
Ep 25700 | Avg Score: 13.74 | Noise: 0.14 | Time: 26470s
Ep 25750 | Avg Score: 14.47 | Noise: 0.14 | Time: 26522s
Ep 25800 | Avg Score: 13.71 | Noise: 0.14 | Time: 26573s
Ep 25850 | Avg Score: 12.24 | Noise: 0.14 | Time: 26624s
Ep 25900 | Avg Score: 12.53 | Noise: 0.14 | Time: 26675s
Ep 25950 | Avg Score: 12.44 | Noise: 0.14 | Time: 26726s
Ep 26000 | Avg Score: 13.03 | Noise: 0.13 | Time: 26778s
Models saved to ./runs/simple_adversary_v3/baseline_adv_40k/model.pt
Ep 26050 | Avg Score: 13.76 | Noise: 0.13 | Time: 26829s
Ep 26100 | Avg Score: 15.47 | Noise: 0.13 | Time: 26881s
Ep 26150 | Avg Score: 17.74 | Noise: 0.13 | Time: 26932s
Ep 26200 | Avg Score: 14.49 | Noise: 0.13 | Time: 26983s
Ep 26250 | Avg Score: 10.56 | Noise: 0.12 | Time: 27034s
Ep 26300 | Avg Score: 9.25 | Noise: 0.12 | Time: 27085s
Ep 26350 | Avg Score: 7.74 | Noise: 0.12 | Time: 27136s
Ep 26400 | Avg Score: 10.12 | Noise: 0.12 | Time: 27187s
Ep 26450 | Avg Score: 17.03 | Noise: 0.12 | Time: 27238s
Ep 26500 | Avg Score: 19.11 | Noise: 0.12 | Time: 27290s
Ep 26550 | Avg Score: 14.66 | Noise: 0.11 | Time: 27342s
Ep 26600 | Avg Score: 10.49 | Noise: 0.11 | Time: 27393s
Ep 26650 | Avg Score: 9.58 | Noise: 0.11 | Time: 27444s
Ep 26700 | Avg Score: 10.38 | Noise: 0.11 | Time: 27495s
Ep 26750 | Avg Score: 13.97 | Noise: 0.11 | Time: 27546s
Ep 26800 | Avg Score: 14.94 | Noise: 0.11 | Time: 27597s
Ep 26850 | Avg Score: 12.31 | Noise: 0.10 | Time: 27647s
Ep 26900 | Avg Score: 10.39 | Noise: 0.10 | Time: 27699s
Ep 26950 | Avg Score: 11.26 | Noise: 0.10 | Time: 27750s
Ep 27000 | Avg Score: 15.03 | Noise: 0.10 | Time: 27801s
Models saved to ./runs/simple_adversary_v3/baseline_adv_40k/model.pt
Ep 27050 | Avg Score: 17.83 | Noise: 0.10 | Time: 27852s
Ep 27100 | Avg Score: 18.10 | Noise: 0.10 | Time: 27903s
Ep 27150 | Avg Score: 18.48 | Noise: 0.09 | Time: 27954s
Ep 27200 | Avg Score: 16.66 | Noise: 0.09 | Time: 28005s
Ep 27250 | Avg Score: 18.15 | Noise: 0.09 | Time: 28057s
Ep 27300 | Avg Score: 19.10 | Noise: 0.09 | Time: 28108s
Ep 27350 | Avg Score: 17.03 | Noise: 0.09 | Time: 28159s
Ep 27400 | Avg Score: 14.05 | Noise: 0.09 | Time: 28211s
Ep 27450 | Avg Score: 8.16 | Noise: 0.08 | Time: 28263s
Ep 27500 | Avg Score: 10.46 | Noise: 0.08 | Time: 28314s
Ep 27550 | Avg Score: 15.71 | Noise: 0.08 | Time: 28361s
Ep 27600 | Avg Score: 14.91 | Noise: 0.08 | Time: 28406s
Ep 27650 | Avg Score: 15.54 | Noise: 0.08 | Time: 28450s
Ep 27700 | Avg Score: 17.35 | Noise: 0.08 | Time: 28494s
Ep 27750 | Avg Score: 15.94 | Noise: 0.07 | Time: 28539s
Ep 27800 | Avg Score: 14.19 | Noise: 0.07 | Time: 28585s
Ep 27850 | Avg Score: 13.50 | Noise: 0.07 | Time: 28637s
Ep 27900 | Avg Score: 16.66 | Noise: 0.07 | Time: 28688s
Ep 27950 | Avg Score: 17.01 | Noise: 0.07 | Time: 28738s
Ep 28000 | Avg Score: 15.21 | Noise: 0.07 | Time: 28789s
Models saved to ./runs/simple_adversary_v3/baseline_adv_40k/model.pt
Ep 28050 | Avg Score: 17.18 | Noise: 0.06 | Time: 28840s
Ep 28100 | Avg Score: 17.51 | Noise: 0.06 | Time: 28891s
Ep 28150 | Avg Score: 16.68 | Noise: 0.06 | Time: 28942s
Ep 28200 | Avg Score: 19.08 | Noise: 0.06 | Time: 28993s
Ep 28250 | Avg Score: 19.81 | Noise: 0.06 | Time: 29045s
Ep 28300 | Avg Score: 15.30 | Noise: 0.06 | Time: 29095s
Ep 28350 | Avg Score: 12.65 | Noise: 0.06 | Time: 29147s
Ep 28400 | Avg Score: 11.88 | Noise: 0.05 | Time: 29199s
Ep 28450 | Avg Score: 10.10 | Noise: 0.05 | Time: 29250s
Ep 28500 | Avg Score: 9.46 | Noise: 0.05 | Time: 29301s
Ep 28550 | Avg Score: 11.63 | Noise: 0.05 | Time: 29353s
Ep 28600 | Avg Score: 10.41 | Noise: 0.05 | Time: 29404s
Ep 28650 | Avg Score: 6.59 | Noise: 0.05 | Time: 29451s
Ep 28700 | Avg Score: 11.07 | Noise: 0.05 | Time: 29499s
Ep 28750 | Avg Score: 15.78 | Noise: 0.05 | Time: 29550s
Ep 28800 | Avg Score: 13.86 | Noise: 0.05 | Time: 29602s
Ep 28850 | Avg Score: 13.38 | Noise: 0.05 | Time: 29653s
Ep 28900 | Avg Score: 13.86 | Noise: 0.05 | Time: 29704s
Ep 28950 | Avg Score: 10.65 | Noise: 0.05 | Time: 29754s
Ep 29000 | Avg Score: 13.46 | Noise: 0.05 | Time: 29805s
Models saved to ./runs/simple_adversary_v3/baseline_adv_40k/model.pt
Ep 29050 | Avg Score: 15.41 | Noise: 0.05 | Time: 29857s
Ep 29100 | Avg Score: 10.16 | Noise: 0.05 | Time: 29908s
Ep 29150 | Avg Score: 10.87 | Noise: 0.05 | Time: 29959s
Ep 29200 | Avg Score: 12.00 | Noise: 0.05 | Time: 30011s
Ep 29250 | Avg Score: 11.94 | Noise: 0.05 | Time: 30062s
Ep 29300 | Avg Score: 9.90 | Noise: 0.05 | Time: 30113s
Ep 29350 | Avg Score: 12.09 | Noise: 0.05 | Time: 30163s
Ep 29400 | Avg Score: 15.18 | Noise: 0.05 | Time: 30214s
Ep 29450 | Avg Score: 12.82 | Noise: 0.05 | Time: 30265s
Ep 29500 | Avg Score: 12.39 | Noise: 0.05 | Time: 30316s
Ep 29550 | Avg Score: 9.73 | Noise: 0.05 | Time: 30367s
Ep 29600 | Avg Score: 12.68 | Noise: 0.05 | Time: 30417s
Ep 29650 | Avg Score: 14.21 | Noise: 0.05 | Time: 30469s
Ep 29700 | Avg Score: 12.07 | Noise: 0.05 | Time: 30519s
Ep 29750 | Avg Score: 14.21 | Noise: 0.05 | Time: 30570s
Ep 29800 | Avg Score: 13.83 | Noise: 0.05 | Time: 30621s
Ep 29850 | Avg Score: 8.11 | Noise: 0.05 | Time: 30672s
Ep 29900 | Avg Score: 5.76 | Noise: 0.05 | Time: 30723s
Ep 29950 | Avg Score: 10.39 | Noise: 0.05 | Time: 30775s
Ep 30000 | Avg Score: 14.25 | Noise: 0.05 | Time: 30826s
Models saved to ./runs/simple_adversary_v3/baseline_adv_40k/model.pt
Ep 30050 | Avg Score: 13.26 | Noise: 0.05 | Time: 30877s
Ep 30100 | Avg Score: 6.56 | Noise: 0.05 | Time: 30929s
Ep 30150 | Avg Score: 2.22 | Noise: 0.05 | Time: 30980s
Ep 30200 | Avg Score: 4.48 | Noise: 0.05 | Time: 31032s
Ep 30250 | Avg Score: 7.48 | Noise: 0.05 | Time: 31084s
Ep 30300 | Avg Score: 6.83 | Noise: 0.05 | Time: 31135s
Ep 30350 | Avg Score: 3.97 | Noise: 0.05 | Time: 31186s
Ep 30400 | Avg Score: -3.85 | Noise: 0.05 | Time: 31237s
Ep 30450 | Avg Score: -10.11 | Noise: 0.05 | Time: 31286s
Ep 30500 | Avg Score: -5.11 | Noise: 0.05 | Time: 31330s
Ep 30550 | Avg Score: -0.44 | Noise: 0.05 | Time: 31374s
Ep 30600 | Avg Score: 0.34 | Noise: 0.05 | Time: 31417s
Ep 30650 | Avg Score: 6.59 | Noise: 0.05 | Time: 31461s
Ep 30700 | Avg Score: 12.42 | Noise: 0.05 | Time: 31505s
Ep 30750 | Avg Score: 10.31 | Noise: 0.05 | Time: 31549s
Ep 30800 | Avg Score: 5.85 | Noise: 0.05 | Time: 31593s
Ep 30850 | Avg Score: 5.24 | Noise: 0.05 | Time: 31638s
Ep 30900 | Avg Score: 9.24 | Noise: 0.05 | Time: 31686s
Ep 30950 | Avg Score: 7.80 | Noise: 0.05 | Time: 31736s
Ep 31000 | Avg Score: 7.47 | Noise: 0.05 | Time: 31787s
Models saved to ./runs/simple_adversary_v3/baseline_adv_40k/model.pt
Ep 31050 | Avg Score: 9.90 | Noise: 0.05 | Time: 31837s
Ep 31100 | Avg Score: 8.70 | Noise: 0.05 | Time: 31887s
Ep 31150 | Avg Score: 8.14 | Noise: 0.05 | Time: 31938s
Ep 31200 | Avg Score: 9.99 | Noise: 0.05 | Time: 31989s
Ep 31250 | Avg Score: 9.36 | Noise: 0.05 | Time: 32040s
Ep 31300 | Avg Score: 8.71 | Noise: 0.05 | Time: 32091s
Ep 31350 | Avg Score: 9.90 | Noise: 0.05 | Time: 32142s
Ep 31400 | Avg Score: 10.48 | Noise: 0.05 | Time: 32193s
Ep 31450 | Avg Score: 14.88 | Noise: 0.05 | Time: 32243s
Ep 31500 | Avg Score: 10.62 | Noise: 0.05 | Time: 32294s
Ep 31550 | Avg Score: -0.23 | Noise: 0.05 | Time: 32343s
Ep 31600 | Avg Score: 1.90 | Noise: 0.05 | Time: 32394s
Ep 31650 | Avg Score: 6.89 | Noise: 0.05 | Time: 32444s
Ep 31700 | Avg Score: 4.78 | Noise: 0.05 | Time: 32496s
Ep 31750 | Avg Score: 8.63 | Noise: 0.05 | Time: 32546s
Ep 31800 | Avg Score: 10.54 | Noise: 0.05 | Time: 32597s
Ep 31850 | Avg Score: 7.11 | Noise: 0.05 | Time: 32648s
Ep 31900 | Avg Score: 8.23 | Noise: 0.05 | Time: 32699s
Ep 31950 | Avg Score: 5.09 | Noise: 0.05 | Time: 32750s
Ep 32000 | Avg Score: 4.91 | Noise: 0.05 | Time: 32800s
Models saved to ./runs/simple_adversary_v3/baseline_adv_40k/model.pt
Ep 32050 | Avg Score: 10.77 | Noise: 0.05 | Time: 32851s
Ep 32100 | Avg Score: 7.09 | Noise: 0.05 | Time: 32902s
Ep 32150 | Avg Score: 4.08 | Noise: 0.05 | Time: 32952s
Ep 32200 | Avg Score: 4.03 | Noise: 0.05 | Time: 33003s
Ep 32250 | Avg Score: 9.33 | Noise: 0.05 | Time: 33054s
Ep 32300 | Avg Score: 11.92 | Noise: 0.05 | Time: 33105s
Ep 32350 | Avg Score: 10.26 | Noise: 0.05 | Time: 33155s
Ep 32400 | Avg Score: 11.79 | Noise: 0.05 | Time: 33206s
Ep 32450 | Avg Score: 7.25 | Noise: 0.05 | Time: 33258s
Ep 32500 | Avg Score: 7.25 | Noise: 0.05 | Time: 33309s
Ep 32550 | Avg Score: 7.38 | Noise: 0.05 | Time: 33361s
Ep 32600 | Avg Score: 7.48 | Noise: 0.05 | Time: 33411s
Ep 32650 | Avg Score: 10.10 | Noise: 0.05 | Time: 33462s
Ep 32700 | Avg Score: 7.55 | Noise: 0.05 | Time: 33513s
Ep 32750 | Avg Score: 8.31 | Noise: 0.05 | Time: 33564s
Ep 32800 | Avg Score: 8.29 | Noise: 0.05 | Time: 33615s
Ep 32850 | Avg Score: 7.41 | Noise: 0.05 | Time: 33666s
Ep 32900 | Avg Score: 9.42 | Noise: 0.05 | Time: 33717s
Ep 32950 | Avg Score: 6.54 | Noise: 0.05 | Time: 33768s
Ep 33000 | Avg Score: 6.91 | Noise: 0.05 | Time: 33819s
Models saved to ./runs/simple_adversary_v3/baseline_adv_40k/model.pt
Ep 33050 | Avg Score: 10.12 | Noise: 0.05 | Time: 33870s
Ep 33100 | Avg Score: 8.57 | Noise: 0.05 | Time: 33921s
Ep 33150 | Avg Score: 6.47 | Noise: 0.05 | Time: 33972s
Ep 33200 | Avg Score: 4.76 | Noise: 0.05 | Time: 34022s
Ep 33250 | Avg Score: 6.97 | Noise: 0.05 | Time: 34073s
Ep 33300 | Avg Score: 11.48 | Noise: 0.05 | Time: 34124s
Ep 33350 | Avg Score: 14.09 | Noise: 0.05 | Time: 34174s
Ep 33400 | Avg Score: 9.20 | Noise: 0.05 | Time: 34225s
Ep 33450 | Avg Score: 4.38 | Noise: 0.05 | Time: 34275s
Ep 33500 | Avg Score: 5.53 | Noise: 0.05 | Time: 34326s
Ep 33550 | Avg Score: 2.32 | Noise: 0.05 | Time: 34376s
Ep 33600 | Avg Score: 7.32 | Noise: 0.05 | Time: 34426s
Ep 33650 | Avg Score: 13.48 | Noise: 0.05 | Time: 34476s
Ep 33700 | Avg Score: 7.39 | Noise: 0.05 | Time: 34527s
Ep 33750 | Avg Score: 4.91 | Noise: 0.05 | Time: 34578s
Ep 33800 | Avg Score: 8.65 | Noise: 0.05 | Time: 34629s
Ep 33850 | Avg Score: 11.11 | Noise: 0.05 | Time: 34680s
Ep 33900 | Avg Score: 8.31 | Noise: 0.05 | Time: 34731s
Ep 33950 | Avg Score: 5.21 | Noise: 0.05 | Time: 34782s
Ep 34000 | Avg Score: 8.99 | Noise: 0.05 | Time: 34833s
Models saved to ./runs/simple_adversary_v3/baseline_adv_40k/model.pt
Ep 34050 | Avg Score: 9.03 | Noise: 0.05 | Time: 34884s
Ep 34100 | Avg Score: 8.72 | Noise: 0.05 | Time: 34935s
Ep 34150 | Avg Score: 9.75 | Noise: 0.05 | Time: 34986s
Ep 34200 | Avg Score: 8.54 | Noise: 0.05 | Time: 35037s
Ep 34250 | Avg Score: 13.28 | Noise: 0.05 | Time: 35088s
Ep 34300 | Avg Score: 14.45 | Noise: 0.05 | Time: 35140s
Ep 34350 | Avg Score: 10.97 | Noise: 0.05 | Time: 35191s
Ep 34400 | Avg Score: 9.35 | Noise: 0.05 | Time: 35242s
Ep 34450 | Avg Score: 10.78 | Noise: 0.05 | Time: 35293s
Ep 34500 | Avg Score: 10.85 | Noise: 0.05 | Time: 35343s
Ep 34550 | Avg Score: 2.18 | Noise: 0.05 | Time: 35394s
Ep 34600 | Avg Score: 1.80 | Noise: 0.05 | Time: 35445s
Ep 34650 | Avg Score: 6.78 | Noise: 0.05 | Time: 35495s
Ep 34700 | Avg Score: 8.75 | Noise: 0.05 | Time: 35544s
Ep 34750 | Avg Score: 10.46 | Noise: 0.05 | Time: 35589s
Ep 34800 | Avg Score: 8.39 | Noise: 0.05 | Time: 35638s
Ep 34850 | Avg Score: 7.06 | Noise: 0.05 | Time: 35687s
Ep 34900 | Avg Score: 6.17 | Noise: 0.05 | Time: 35738s
Ep 34950 | Avg Score: 5.99 | Noise: 0.05 | Time: 35786s
Ep 35000 | Avg Score: 4.21 | Noise: 0.05 | Time: 35837s
Models saved to ./runs/simple_adversary_v3/baseline_adv_40k/model.pt
Ep 35050 | Avg Score: 5.47 | Noise: 0.05 | Time: 35888s
Ep 35100 | Avg Score: 8.60 | Noise: 0.05 | Time: 35939s
Ep 35150 | Avg Score: 6.46 | Noise: 0.05 | Time: 35990s
Ep 35200 | Avg Score: 4.79 | Noise: 0.05 | Time: 36041s
Ep 35250 | Avg Score: 7.13 | Noise: 0.05 | Time: 36092s
Ep 35300 | Avg Score: 10.92 | Noise: 0.05 | Time: 36143s
Ep 35350 | Avg Score: 16.75 | Noise: 0.05 | Time: 36194s
Ep 35400 | Avg Score: 19.47 | Noise: 0.05 | Time: 36244s
Ep 35450 | Avg Score: 15.39 | Noise: 0.05 | Time: 36294s
Ep 35500 | Avg Score: 12.13 | Noise: 0.05 | Time: 36344s
Ep 35550 | Avg Score: 9.35 | Noise: 0.05 | Time: 36395s
Ep 35600 | Avg Score: 7.27 | Noise: 0.05 | Time: 36446s
Ep 35650 | Avg Score: 9.31 | Noise: 0.05 | Time: 36497s
Ep 35700 | Avg Score: 12.36 | Noise: 0.05 | Time: 36547s
Ep 35750 | Avg Score: 16.46 | Noise: 0.05 | Time: 36598s
Ep 35800 | Avg Score: 18.19 | Noise: 0.05 | Time: 36649s
Ep 35850 | Avg Score: 11.92 | Noise: 0.05 | Time: 36701s
Ep 35900 | Avg Score: 9.53 | Noise: 0.05 | Time: 36751s
Ep 35950 | Avg Score: 16.43 | Noise: 0.05 | Time: 36800s
Ep 36000 | Avg Score: 15.25 | Noise: 0.05 | Time: 36851s
Models saved to ./runs/simple_adversary_v3/baseline_adv_40k/model.pt
Ep 36050 | Avg Score: 11.71 | Noise: 0.05 | Time: 36902s
Ep 36100 | Avg Score: 12.19 | Noise: 0.05 | Time: 36952s
Ep 36150 | Avg Score: 15.44 | Noise: 0.05 | Time: 37003s
Ep 36200 | Avg Score: 16.22 | Noise: 0.05 | Time: 37053s
Ep 36250 | Avg Score: 11.46 | Noise: 0.05 | Time: 37104s
Ep 36300 | Avg Score: 12.19 | Noise: 0.05 | Time: 37155s
Ep 36350 | Avg Score: 17.91 | Noise: 0.05 | Time: 37205s
Ep 36400 | Avg Score: 16.85 | Noise: 0.05 | Time: 37256s
Ep 36450 | Avg Score: 13.66 | Noise: 0.05 | Time: 37305s
Ep 36500 | Avg Score: 14.70 | Noise: 0.05 | Time: 37355s
Ep 36550 | Avg Score: 18.68 | Noise: 0.05 | Time: 37405s
Ep 36600 | Avg Score: 19.12 | Noise: 0.05 | Time: 37455s
Ep 36650 | Avg Score: 16.34 | Noise: 0.05 | Time: 37506s
Ep 36700 | Avg Score: 13.82 | Noise: 0.05 | Time: 37557s
Ep 36750 | Avg Score: 13.13 | Noise: 0.05 | Time: 37603s
Ep 36800 | Avg Score: 14.79 | Noise: 0.05 | Time: 37649s
Ep 36850 | Avg Score: 13.85 | Noise: 0.05 | Time: 37698s
Ep 36900 | Avg Score: 11.09 | Noise: 0.05 | Time: 37745s
Ep 36950 | Avg Score: 11.83 | Noise: 0.05 | Time: 37795s
Ep 37000 | Avg Score: 17.03 | Noise: 0.05 | Time: 37846s
Models saved to ./runs/simple_adversary_v3/baseline_adv_40k/model.pt
Ep 37050 | Avg Score: 14.17 | Noise: 0.05 | Time: 37896s
Ep 37100 | Avg Score: 12.00 | Noise: 0.05 | Time: 37947s
Ep 37150 | Avg Score: 12.04 | Noise: 0.05 | Time: 37997s
Ep 37200 | Avg Score: 11.41 | Noise: 0.05 | Time: 38048s
Ep 37250 | Avg Score: 13.78 | Noise: 0.05 | Time: 38098s
Ep 37300 | Avg Score: 15.23 | Noise: 0.05 | Time: 38149s
Ep 37350 | Avg Score: 16.12 | Noise: 0.05 | Time: 38200s
Ep 37400 | Avg Score: 15.98 | Noise: 0.05 | Time: 38251s
Ep 37450 | Avg Score: 15.90 | Noise: 0.05 | Time: 38301s
Ep 37500 | Avg Score: 17.47 | Noise: 0.05 | Time: 38352s
Ep 37550 | Avg Score: 17.27 | Noise: 0.05 | Time: 38402s
Ep 37600 | Avg Score: 15.77 | Noise: 0.05 | Time: 38452s
Ep 37650 | Avg Score: 10.94 | Noise: 0.05 | Time: 38502s
Ep 37700 | Avg Score: -1.73 | Noise: 0.05 | Time: 38552s
Ep 37750 | Avg Score: -10.81 | Noise: 0.05 | Time: 38603s
Ep 37800 | Avg Score: -9.81 | Noise: 0.05 | Time: 38653s
Ep 37850 | Avg Score: -10.42 | Noise: 0.05 | Time: 38704s
Ep 37900 | Avg Score: -8.40 | Noise: 0.05 | Time: 38755s
Ep 37950 | Avg Score: -4.62 | Noise: 0.05 | Time: 38806s
Ep 38000 | Avg Score: -1.26 | Noise: 0.05 | Time: 38857s
Models saved to ./runs/simple_adversary_v3/baseline_adv_40k/model.pt
Ep 38050 | Avg Score: 3.92 | Noise: 0.05 | Time: 38907s
Ep 38100 | Avg Score: 6.12 | Noise: 0.05 | Time: 38958s
Ep 38150 | Avg Score: 8.90 | Noise: 0.05 | Time: 39008s
Ep 38200 | Avg Score: 6.75 | Noise: 0.05 | Time: 39059s
Ep 38250 | Avg Score: 5.12 | Noise: 0.05 | Time: 39109s
Ep 38300 | Avg Score: 3.89 | Noise: 0.05 | Time: 39160s
Ep 38350 | Avg Score: -0.75 | Noise: 0.05 | Time: 39209s
Ep 38400 | Avg Score: 1.31 | Noise: 0.05 | Time: 39260s
Ep 38450 | Avg Score: 3.28 | Noise: 0.05 | Time: 39311s
Ep 38500 | Avg Score: 3.14 | Noise: 0.05 | Time: 39361s
Ep 38550 | Avg Score: 2.94 | Noise: 0.05 | Time: 39412s
Ep 38600 | Avg Score: 5.29 | Noise: 0.05 | Time: 39463s
Ep 38650 | Avg Score: 5.18 | Noise: 0.05 | Time: 39514s
Ep 38700 | Avg Score: 7.11 | Noise: 0.05 | Time: 39565s
Ep 38750 | Avg Score: 14.69 | Noise: 0.05 | Time: 39615s
Ep 38800 | Avg Score: 10.33 | Noise: 0.05 | Time: 39666s
Ep 38850 | Avg Score: 4.10 | Noise: 0.05 | Time: 39716s
Ep 38900 | Avg Score: 1.97 | Noise: 0.05 | Time: 39767s
Ep 38950 | Avg Score: 3.61 | Noise: 0.05 | Time: 39818s
Ep 39000 | Avg Score: 4.00 | Noise: 0.05 | Time: 39869s
Models saved to ./runs/simple_adversary_v3/baseline_adv_40k/model.pt
Ep 39050 | Avg Score: 8.50 | Noise: 0.05 | Time: 39919s
Ep 39100 | Avg Score: 8.44 | Noise: 0.05 | Time: 39970s
Ep 39150 | Avg Score: 1.43 | Noise: 0.05 | Time: 40021s
Ep 39200 | Avg Score: 6.11 | Noise: 0.05 | Time: 40071s
Ep 39250 | Avg Score: 4.92 | Noise: 0.05 | Time: 40122s
Ep 39300 | Avg Score: 1.60 | Noise: 0.05 | Time: 40172s
Ep 39350 | Avg Score: -1.89 | Noise: 0.05 | Time: 40223s
Ep 39400 | Avg Score: -3.12 | Noise: 0.05 | Time: 40274s
Ep 39450 | Avg Score: -2.94 | Noise: 0.05 | Time: 40325s
Ep 39500 | Avg Score: -7.72 | Noise: 0.05 | Time: 40376s
Traceback (most recent call last):
  File "/data/AndrewYu1/workspace/code/Ray/maddpg-zoo-torch-main-dga/train.py", line 179, in <module>
    train(args)
  File "/data/AndrewYu1/workspace/code/Ray/maddpg-zoo-torch-main-dga/train.py", line 153, in train
    maddpg.learn(sample, agent_idx)
  File "/data/AndrewYu1/workspace/code/Ray/maddpg-zoo-torch-main-dga/maddpg/maddpg.py", line 142, in learn
    critic_loss = F.mse_loss(Q_expected, Q_targets)
  File "/data/timran/envs/ms-swift/lib/python3.10/site-packages/torch/nn/functional.py", line 3889, in mse_loss
    return torch._C._nn.mse_loss(
KeyboardInterrupt
