Training using device: cuda
Creating test environment 'simple_spread_v3' to get agent information...
error: XDG_RUNTIME_DIR not set in the environment.
Original action sizes: [5, 5, 5]
Original observation sizes: [18, 18, 18]
Action bounds for each agent:
  ['agent_0', 'agent_1', 'agent_2']: [[0.0, 0.0, 0.0], [1.0, 1.0, 1.0]]
All agents have the same action bounds.
Using action bounds from agent_0: [0.0, 1.0]
Padded action sizes: [5, 5, 5]
Padded observation sizes: [18, 18, 18]
Environment: simple_spread_v3
Number of agents: 3
Agent names: ['agent_0', 'agent_1', 'agent_2']
Creating single 'simple_spread_v3' environment...
error: XDG_RUNTIME_DIR not set in the environment.
Agent Groups: [0, 0, 0]
📁 Training data will be saved to: ./runs/simple_spread_v3/dag_spread_40k
Start Training: simple_spread_v3 | Mode: DAG | Agents: 3
Ep 50 | Avg Score: -247.88 | Noise: 1.00 | Time: 53s
Ep 100 | Avg Score: -235.46 | Noise: 1.00 | Time: 127s
Ep 150 | Avg Score: -211.79 | Noise: 0.99 | Time: 203s
Ep 200 | Avg Score: -207.44 | Noise: 0.99 | Time: 279s
Ep 250 | Avg Score: -204.08 | Noise: 0.99 | Time: 355s
Ep 300 | Avg Score: -206.30 | Noise: 0.99 | Time: 431s
Ep 350 | Avg Score: -227.22 | Noise: 0.99 | Time: 507s
Ep 400 | Avg Score: -229.97 | Noise: 0.99 | Time: 584s
Ep 450 | Avg Score: -232.83 | Noise: 0.98 | Time: 661s
Ep 500 | Avg Score: -242.81 | Noise: 0.98 | Time: 737s
Ep 550 | Avg Score: -241.42 | Noise: 0.98 | Time: 814s
Ep 600 | Avg Score: -223.65 | Noise: 0.98 | Time: 891s
Ep 650 | Avg Score: -205.74 | Noise: 0.98 | Time: 969s
Ep 700 | Avg Score: -204.82 | Noise: 0.98 | Time: 1047s
Ep 750 | Avg Score: -204.13 | Noise: 0.97 | Time: 1125s
Ep 800 | Avg Score: -196.15 | Noise: 0.97 | Time: 1202s
Ep 850 | Avg Score: -190.02 | Noise: 0.97 | Time: 1280s
Ep 900 | Avg Score: -195.11 | Noise: 0.97 | Time: 1357s
Ep 950 | Avg Score: -213.17 | Noise: 0.97 | Time: 1435s
Ep 1000 | Avg Score: -209.43 | Noise: 0.97 | Time: 1512s
Models saved to ./runs/simple_spread_v3/dag_spread_40k/model.pt
Ep 1050 | Avg Score: -191.82 | Noise: 0.96 | Time: 1589s
Ep 1100 | Avg Score: -189.78 | Noise: 0.96 | Time: 1665s
Ep 1150 | Avg Score: -196.62 | Noise: 0.96 | Time: 1743s
Ep 1200 | Avg Score: -207.20 | Noise: 0.96 | Time: 1820s
Ep 1250 | Avg Score: -209.58 | Noise: 0.96 | Time: 1898s
Ep 1300 | Avg Score: -204.44 | Noise: 0.96 | Time: 1975s
Ep 1350 | Avg Score: -204.21 | Noise: 0.95 | Time: 2052s
Ep 1400 | Avg Score: -196.13 | Noise: 0.95 | Time: 2129s
Ep 1450 | Avg Score: -187.63 | Noise: 0.95 | Time: 2206s
Ep 1500 | Avg Score: -200.69 | Noise: 0.95 | Time: 2284s
Ep 1550 | Avg Score: -205.06 | Noise: 0.95 | Time: 2362s
Ep 1600 | Avg Score: -218.07 | Noise: 0.95 | Time: 2438s
Ep 1650 | Avg Score: -214.76 | Noise: 0.94 | Time: 2516s
Ep 1700 | Avg Score: -199.58 | Noise: 0.94 | Time: 2593s
Ep 1750 | Avg Score: -210.24 | Noise: 0.94 | Time: 2671s
Ep 1800 | Avg Score: -202.74 | Noise: 0.94 | Time: 2748s
Ep 1850 | Avg Score: -198.45 | Noise: 0.94 | Time: 2826s
Ep 1900 | Avg Score: -204.94 | Noise: 0.94 | Time: 2904s
Ep 1950 | Avg Score: -208.40 | Noise: 0.94 | Time: 2982s
Ep 2000 | Avg Score: -207.91 | Noise: 0.93 | Time: 3060s
Models saved to ./runs/simple_spread_v3/dag_spread_40k/model.pt
Ep 2050 | Avg Score: -205.74 | Noise: 0.93 | Time: 3139s
Ep 2100 | Avg Score: -203.63 | Noise: 0.93 | Time: 3216s
Ep 2150 | Avg Score: -202.18 | Noise: 0.93 | Time: 3293s
Ep 2200 | Avg Score: -211.04 | Noise: 0.93 | Time: 3370s
Ep 2250 | Avg Score: -208.04 | Noise: 0.93 | Time: 3447s
Ep 2300 | Avg Score: -204.10 | Noise: 0.92 | Time: 3523s
Ep 2350 | Avg Score: -209.57 | Noise: 0.92 | Time: 3600s
Ep 2400 | Avg Score: -207.71 | Noise: 0.92 | Time: 3676s
Ep 2450 | Avg Score: -202.60 | Noise: 0.92 | Time: 3752s
Ep 2500 | Avg Score: -195.06 | Noise: 0.92 | Time: 3829s
Ep 2550 | Avg Score: -196.63 | Noise: 0.92 | Time: 3905s
Ep 2600 | Avg Score: -214.91 | Noise: 0.91 | Time: 3983s
Ep 2650 | Avg Score: -220.81 | Noise: 0.91 | Time: 4060s
Ep 2700 | Avg Score: -214.00 | Noise: 0.91 | Time: 4137s
Ep 2750 | Avg Score: -211.40 | Noise: 0.91 | Time: 4214s
Ep 2800 | Avg Score: -213.57 | Noise: 0.91 | Time: 4291s
Ep 2850 | Avg Score: -214.98 | Noise: 0.91 | Time: 4368s
Ep 2900 | Avg Score: -204.09 | Noise: 0.90 | Time: 4442s
Ep 2950 | Avg Score: -205.23 | Noise: 0.90 | Time: 4519s
Ep 3000 | Avg Score: -215.22 | Noise: 0.90 | Time: 4595s
Models saved to ./runs/simple_spread_v3/dag_spread_40k/model.pt
Ep 3050 | Avg Score: -209.74 | Noise: 0.90 | Time: 4671s
Ep 3100 | Avg Score: -206.97 | Noise: 0.90 | Time: 4747s
Ep 3150 | Avg Score: -214.07 | Noise: 0.90 | Time: 4824s
Ep 3200 | Avg Score: -216.29 | Noise: 0.89 | Time: 4902s
Ep 3250 | Avg Score: -209.55 | Noise: 0.89 | Time: 4979s
Ep 3300 | Avg Score: -203.58 | Noise: 0.89 | Time: 5056s
Ep 3350 | Avg Score: -198.48 | Noise: 0.89 | Time: 5133s
Ep 3400 | Avg Score: -209.85 | Noise: 0.89 | Time: 5209s
Ep 3450 | Avg Score: -226.95 | Noise: 0.89 | Time: 5285s
Ep 3500 | Avg Score: -220.86 | Noise: 0.88 | Time: 5361s
Ep 3550 | Avg Score: -228.16 | Noise: 0.88 | Time: 5437s
Ep 3600 | Avg Score: -235.52 | Noise: 0.88 | Time: 5514s
Ep 3650 | Avg Score: -225.40 | Noise: 0.88 | Time: 5589s
Ep 3700 | Avg Score: -228.35 | Noise: 0.88 | Time: 5666s
Ep 3750 | Avg Score: -219.89 | Noise: 0.88 | Time: 5743s
Ep 3800 | Avg Score: -210.74 | Noise: 0.87 | Time: 5820s
Ep 3850 | Avg Score: -193.69 | Noise: 0.87 | Time: 5897s
Ep 3900 | Avg Score: -183.93 | Noise: 0.87 | Time: 5974s
Ep 3950 | Avg Score: -188.51 | Noise: 0.87 | Time: 6050s
Ep 4000 | Avg Score: -181.07 | Noise: 0.87 | Time: 6126s
Models saved to ./runs/simple_spread_v3/dag_spread_40k/model.pt
Ep 4050 | Avg Score: -186.28 | Noise: 0.86 | Time: 6203s
Ep 4100 | Avg Score: -186.70 | Noise: 0.86 | Time: 6280s
Ep 4150 | Avg Score: -182.53 | Noise: 0.86 | Time: 6357s
Ep 4200 | Avg Score: -180.94 | Noise: 0.86 | Time: 6434s
Ep 4250 | Avg Score: -170.02 | Noise: 0.86 | Time: 6511s
Ep 4300 | Avg Score: -169.34 | Noise: 0.86 | Time: 6587s
Ep 4350 | Avg Score: -179.99 | Noise: 0.85 | Time: 6664s
Ep 4400 | Avg Score: -179.46 | Noise: 0.85 | Time: 6741s
Ep 4450 | Avg Score: -183.71 | Noise: 0.85 | Time: 6819s
Ep 4500 | Avg Score: -180.48 | Noise: 0.85 | Time: 6897s
Ep 4550 | Avg Score: -171.67 | Noise: 0.85 | Time: 6974s
Ep 4600 | Avg Score: -173.23 | Noise: 0.85 | Time: 7052s
Ep 4650 | Avg Score: -173.81 | Noise: 0.84 | Time: 7129s
Ep 4700 | Avg Score: -174.50 | Noise: 0.84 | Time: 7206s
Ep 4750 | Avg Score: -176.55 | Noise: 0.84 | Time: 7283s
Ep 4800 | Avg Score: -177.89 | Noise: 0.84 | Time: 7360s
Ep 4850 | Avg Score: -167.72 | Noise: 0.84 | Time: 7437s
Ep 4900 | Avg Score: -163.00 | Noise: 0.84 | Time: 7514s
Ep 4950 | Avg Score: -173.99 | Noise: 0.83 | Time: 7591s
Ep 5000 | Avg Score: -171.81 | Noise: 0.83 | Time: 7667s
Models saved to ./runs/simple_spread_v3/dag_spread_40k/model.pt
Ep 5050 | Avg Score: -160.19 | Noise: 0.83 | Time: 7744s
Ep 5100 | Avg Score: -157.77 | Noise: 0.83 | Time: 7821s
Ep 5150 | Avg Score: -157.07 | Noise: 0.83 | Time: 7898s
Ep 5200 | Avg Score: -160.90 | Noise: 0.83 | Time: 7975s
Ep 5250 | Avg Score: -163.40 | Noise: 0.82 | Time: 8052s
Ep 5300 | Avg Score: -164.34 | Noise: 0.82 | Time: 8129s
Ep 5350 | Avg Score: -160.97 | Noise: 0.82 | Time: 8205s
Ep 5400 | Avg Score: -157.56 | Noise: 0.82 | Time: 8282s
Ep 5450 | Avg Score: -160.40 | Noise: 0.82 | Time: 8358s
Ep 5500 | Avg Score: -160.82 | Noise: 0.82 | Time: 8435s
Ep 5550 | Avg Score: -167.65 | Noise: 0.81 | Time: 8511s
Ep 5600 | Avg Score: -171.80 | Noise: 0.81 | Time: 8587s
Ep 5650 | Avg Score: -171.41 | Noise: 0.81 | Time: 8665s
Ep 5700 | Avg Score: -174.50 | Noise: 0.81 | Time: 8743s
Ep 5750 | Avg Score: -181.93 | Noise: 0.81 | Time: 8820s
Ep 5800 | Avg Score: -193.41 | Noise: 0.81 | Time: 8897s
Ep 5850 | Avg Score: -188.14 | Noise: 0.80 | Time: 8975s
Ep 5900 | Avg Score: -167.24 | Noise: 0.80 | Time: 9050s
Ep 5950 | Avg Score: -166.54 | Noise: 0.80 | Time: 9120s
Ep 6000 | Avg Score: -169.21 | Noise: 0.80 | Time: 9195s
Models saved to ./runs/simple_spread_v3/dag_spread_40k/model.pt
Ep 6050 | Avg Score: -163.85 | Noise: 0.80 | Time: 9271s
Ep 6100 | Avg Score: -169.87 | Noise: 0.80 | Time: 9348s
Ep 6150 | Avg Score: -170.26 | Noise: 0.80 | Time: 9425s
Ep 6200 | Avg Score: -170.79 | Noise: 0.79 | Time: 9502s
Ep 6250 | Avg Score: -169.12 | Noise: 0.79 | Time: 9579s
Ep 6300 | Avg Score: -167.06 | Noise: 0.79 | Time: 9656s
Ep 6350 | Avg Score: -169.35 | Noise: 0.79 | Time: 9734s
Ep 6400 | Avg Score: -167.57 | Noise: 0.79 | Time: 9811s
Ep 6450 | Avg Score: -162.23 | Noise: 0.79 | Time: 9887s
Ep 6500 | Avg Score: -158.56 | Noise: 0.78 | Time: 9964s
Ep 6550 | Avg Score: -159.82 | Noise: 0.78 | Time: 10041s
Ep 6600 | Avg Score: -165.59 | Noise: 0.78 | Time: 10119s
Ep 6650 | Avg Score: -166.83 | Noise: 0.78 | Time: 10195s
Ep 6700 | Avg Score: -169.22 | Noise: 0.78 | Time: 10272s
Ep 6750 | Avg Score: -180.99 | Noise: 0.78 | Time: 10349s
Ep 6800 | Avg Score: -176.11 | Noise: 0.77 | Time: 10425s
Ep 6850 | Avg Score: -168.84 | Noise: 0.77 | Time: 10502s
Ep 6900 | Avg Score: -167.33 | Noise: 0.77 | Time: 10578s
Ep 6950 | Avg Score: -164.28 | Noise: 0.77 | Time: 10655s
Ep 7000 | Avg Score: -160.19 | Noise: 0.77 | Time: 10731s
Models saved to ./runs/simple_spread_v3/dag_spread_40k/model.pt
Ep 7050 | Avg Score: -151.52 | Noise: 0.77 | Time: 10808s
Ep 7100 | Avg Score: -155.86 | Noise: 0.76 | Time: 10884s
Ep 7150 | Avg Score: -158.95 | Noise: 0.76 | Time: 10960s
Ep 7200 | Avg Score: -149.92 | Noise: 0.76 | Time: 11036s
Ep 7250 | Avg Score: -149.19 | Noise: 0.76 | Time: 11112s
Ep 7300 | Avg Score: -152.10 | Noise: 0.76 | Time: 11189s
Ep 7350 | Avg Score: -156.04 | Noise: 0.76 | Time: 11266s
Ep 7400 | Avg Score: -156.44 | Noise: 0.75 | Time: 11342s
Ep 7450 | Avg Score: -154.17 | Noise: 0.75 | Time: 11419s
Ep 7500 | Avg Score: -147.51 | Noise: 0.75 | Time: 11496s
Ep 7550 | Avg Score: -152.05 | Noise: 0.75 | Time: 11572s
Ep 7600 | Avg Score: -164.49 | Noise: 0.75 | Time: 11650s
Ep 7650 | Avg Score: -163.28 | Noise: 0.74 | Time: 11726s
Ep 7700 | Avg Score: -159.09 | Noise: 0.74 | Time: 11802s
Ep 7750 | Avg Score: -157.56 | Noise: 0.74 | Time: 11877s
Ep 7800 | Avg Score: -158.69 | Noise: 0.74 | Time: 11953s
Ep 7850 | Avg Score: -163.28 | Noise: 0.74 | Time: 12026s
Ep 7900 | Avg Score: -164.84 | Noise: 0.74 | Time: 12102s
Ep 7950 | Avg Score: -164.32 | Noise: 0.73 | Time: 12179s
Ep 8000 | Avg Score: -170.64 | Noise: 0.73 | Time: 12255s
Models saved to ./runs/simple_spread_v3/dag_spread_40k/model.pt
Ep 8050 | Avg Score: -174.54 | Noise: 0.73 | Time: 12332s
Ep 8100 | Avg Score: -169.03 | Noise: 0.73 | Time: 12409s
Ep 8150 | Avg Score: -161.84 | Noise: 0.73 | Time: 12485s
Ep 8200 | Avg Score: -159.79 | Noise: 0.73 | Time: 12561s
Ep 8250 | Avg Score: -157.04 | Noise: 0.72 | Time: 12637s
Ep 8300 | Avg Score: -155.71 | Noise: 0.72 | Time: 12713s
Ep 8350 | Avg Score: -160.37 | Noise: 0.72 | Time: 12786s
Ep 8400 | Avg Score: -161.72 | Noise: 0.72 | Time: 12855s
Ep 8450 | Avg Score: -160.70 | Noise: 0.72 | Time: 12929s
Ep 8500 | Avg Score: -157.79 | Noise: 0.72 | Time: 13005s
Ep 8550 | Avg Score: -153.71 | Noise: 0.72 | Time: 13082s
Ep 8600 | Avg Score: -159.35 | Noise: 0.71 | Time: 13159s
Ep 8650 | Avg Score: -157.95 | Noise: 0.71 | Time: 13236s
Ep 8700 | Avg Score: -155.45 | Noise: 0.71 | Time: 13314s
Ep 8750 | Avg Score: -149.93 | Noise: 0.71 | Time: 13390s
Ep 8800 | Avg Score: -150.66 | Noise: 0.71 | Time: 13467s
Ep 8850 | Avg Score: -161.52 | Noise: 0.71 | Time: 13544s
Ep 8900 | Avg Score: -162.25 | Noise: 0.70 | Time: 13620s
Ep 8950 | Avg Score: -157.63 | Noise: 0.70 | Time: 13698s
Ep 9000 | Avg Score: -149.29 | Noise: 0.70 | Time: 13775s
Models saved to ./runs/simple_spread_v3/dag_spread_40k/model.pt
Ep 9050 | Avg Score: -153.52 | Noise: 0.70 | Time: 13852s
Ep 9100 | Avg Score: -159.81 | Noise: 0.70 | Time: 13928s
Ep 9150 | Avg Score: -156.39 | Noise: 0.70 | Time: 14005s
Ep 9200 | Avg Score: -155.17 | Noise: 0.69 | Time: 14083s
Ep 9250 | Avg Score: -153.35 | Noise: 0.69 | Time: 14161s
Ep 9300 | Avg Score: -155.49 | Noise: 0.69 | Time: 14238s
Ep 9350 | Avg Score: -158.54 | Noise: 0.69 | Time: 14315s
Ep 9400 | Avg Score: -151.10 | Noise: 0.69 | Time: 14392s
Ep 9450 | Avg Score: -149.07 | Noise: 0.69 | Time: 14468s
Ep 9500 | Avg Score: -148.81 | Noise: 0.68 | Time: 14545s
Ep 9550 | Avg Score: -145.63 | Noise: 0.68 | Time: 14622s
Ep 9600 | Avg Score: -146.98 | Noise: 0.68 | Time: 14699s
Ep 9650 | Avg Score: -146.07 | Noise: 0.68 | Time: 14776s
Ep 9700 | Avg Score: -145.98 | Noise: 0.68 | Time: 14852s
Ep 9750 | Avg Score: -150.10 | Noise: 0.68 | Time: 14929s
Ep 9800 | Avg Score: -146.36 | Noise: 0.67 | Time: 15005s
Ep 9850 | Avg Score: -142.94 | Noise: 0.67 | Time: 15081s
Ep 9900 | Avg Score: -150.46 | Noise: 0.67 | Time: 15158s
Ep 9950 | Avg Score: -150.40 | Noise: 0.67 | Time: 15235s
Ep 10000 | Avg Score: -148.15 | Noise: 0.67 | Time: 15311s
Models saved to ./runs/simple_spread_v3/dag_spread_40k/model.pt
Ep 10050 | Avg Score: -148.74 | Noise: 0.67 | Time: 15386s
Ep 10100 | Avg Score: -147.53 | Noise: 0.66 | Time: 15461s
Ep 10150 | Avg Score: -152.26 | Noise: 0.66 | Time: 15538s
Ep 10200 | Avg Score: -155.57 | Noise: 0.66 | Time: 15607s
Ep 10250 | Avg Score: -151.02 | Noise: 0.66 | Time: 15681s
Ep 10300 | Avg Score: -153.91 | Noise: 0.66 | Time: 15756s
Ep 10350 | Avg Score: -157.57 | Noise: 0.66 | Time: 15833s
Ep 10400 | Avg Score: -158.36 | Noise: 0.65 | Time: 15910s
Ep 10450 | Avg Score: -164.92 | Noise: 0.65 | Time: 15987s
Ep 10500 | Avg Score: -161.82 | Noise: 0.65 | Time: 16064s
Ep 10550 | Avg Score: -156.22 | Noise: 0.65 | Time: 16140s
Ep 10600 | Avg Score: -151.66 | Noise: 0.65 | Time: 16217s
Ep 10650 | Avg Score: -149.08 | Noise: 0.65 | Time: 16294s
Ep 10700 | Avg Score: -148.25 | Noise: 0.64 | Time: 16370s
Ep 10750 | Avg Score: -143.47 | Noise: 0.64 | Time: 16447s
Ep 10800 | Avg Score: -144.42 | Noise: 0.64 | Time: 16524s
Ep 10850 | Avg Score: -149.60 | Noise: 0.64 | Time: 16601s
Ep 10900 | Avg Score: -154.32 | Noise: 0.64 | Time: 16678s
Ep 10950 | Avg Score: -158.68 | Noise: 0.64 | Time: 16755s
Ep 11000 | Avg Score: -154.18 | Noise: 0.63 | Time: 16831s
Models saved to ./runs/simple_spread_v3/dag_spread_40k/model.pt
Ep 11050 | Avg Score: -151.74 | Noise: 0.63 | Time: 16908s
Ep 11100 | Avg Score: -147.34 | Noise: 0.63 | Time: 16986s
Ep 11150 | Avg Score: -146.91 | Noise: 0.63 | Time: 17063s
Ep 11200 | Avg Score: -155.30 | Noise: 0.63 | Time: 17141s
Ep 11250 | Avg Score: -153.55 | Noise: 0.62 | Time: 17218s
Ep 11300 | Avg Score: -150.48 | Noise: 0.62 | Time: 17295s
Ep 11350 | Avg Score: -148.61 | Noise: 0.62 | Time: 17372s
Ep 11400 | Avg Score: -144.83 | Noise: 0.62 | Time: 17449s
Ep 11450 | Avg Score: -146.97 | Noise: 0.62 | Time: 17525s
Ep 11500 | Avg Score: -157.27 | Noise: 0.62 | Time: 17602s
Ep 11550 | Avg Score: -157.13 | Noise: 0.61 | Time: 17679s
Ep 11600 | Avg Score: -147.41 | Noise: 0.61 | Time: 17756s
Ep 11650 | Avg Score: -148.27 | Noise: 0.61 | Time: 17833s
Ep 11700 | Avg Score: -144.14 | Noise: 0.61 | Time: 17910s
Ep 11750 | Avg Score: -139.66 | Noise: 0.61 | Time: 17987s
Ep 11800 | Avg Score: -149.47 | Noise: 0.61 | Time: 18063s
Ep 11850 | Avg Score: -153.39 | Noise: 0.60 | Time: 18141s
Ep 11900 | Avg Score: -143.26 | Noise: 0.60 | Time: 18218s
Ep 11950 | Avg Score: -139.77 | Noise: 0.60 | Time: 18295s
Ep 12000 | Avg Score: -141.97 | Noise: 0.60 | Time: 18373s
Models saved to ./runs/simple_spread_v3/dag_spread_40k/model.pt
Ep 12050 | Avg Score: -142.81 | Noise: 0.60 | Time: 18450s
Ep 12100 | Avg Score: -147.26 | Noise: 0.60 | Time: 18528s
Ep 12150 | Avg Score: -152.55 | Noise: 0.59 | Time: 18605s
Ep 12200 | Avg Score: -154.50 | Noise: 0.59 | Time: 18682s
Ep 12250 | Avg Score: -144.62 | Noise: 0.59 | Time: 18759s
Ep 12300 | Avg Score: -145.47 | Noise: 0.59 | Time: 18835s
Ep 12350 | Avg Score: -149.08 | Noise: 0.59 | Time: 18912s
Ep 12400 | Avg Score: -144.13 | Noise: 0.59 | Time: 18984s
Ep 12450 | Avg Score: -148.65 | Noise: 0.58 | Time: 19056s
Ep 12500 | Avg Score: -153.55 | Noise: 0.58 | Time: 19131s
Ep 12550 | Avg Score: -151.28 | Noise: 0.58 | Time: 19207s
Ep 12600 | Avg Score: -148.60 | Noise: 0.58 | Time: 19283s
Ep 12650 | Avg Score: -141.06 | Noise: 0.58 | Time: 19360s
Ep 12700 | Avg Score: -135.85 | Noise: 0.58 | Time: 19432s
Ep 12750 | Avg Score: -140.26 | Noise: 0.57 | Time: 19502s
Ep 12800 | Avg Score: -142.94 | Noise: 0.57 | Time: 19576s
Ep 12850 | Avg Score: -142.52 | Noise: 0.57 | Time: 19654s
Ep 12900 | Avg Score: -142.64 | Noise: 0.57 | Time: 19731s
Ep 12950 | Avg Score: -140.37 | Noise: 0.57 | Time: 19806s
Ep 13000 | Avg Score: -141.70 | Noise: 0.57 | Time: 19877s
Models saved to ./runs/simple_spread_v3/dag_spread_40k/model.pt
Ep 13050 | Avg Score: -141.59 | Noise: 0.56 | Time: 19947s
Ep 13100 | Avg Score: -135.60 | Noise: 0.56 | Time: 20018s
Ep 13150 | Avg Score: -133.62 | Noise: 0.56 | Time: 20088s
Ep 13200 | Avg Score: -134.46 | Noise: 0.56 | Time: 20159s
Ep 13250 | Avg Score: -140.40 | Noise: 0.56 | Time: 20230s
Ep 13300 | Avg Score: -145.21 | Noise: 0.56 | Time: 20302s
Ep 13350 | Avg Score: -139.23 | Noise: 0.55 | Time: 20379s
Ep 13400 | Avg Score: -130.96 | Noise: 0.55 | Time: 20455s
Ep 13450 | Avg Score: -134.62 | Noise: 0.55 | Time: 20532s
Ep 13500 | Avg Score: -142.61 | Noise: 0.55 | Time: 20608s
Ep 13550 | Avg Score: -141.22 | Noise: 0.55 | Time: 20685s
Ep 13600 | Avg Score: -132.06 | Noise: 0.55 | Time: 20762s
Ep 13650 | Avg Score: -136.30 | Noise: 0.54 | Time: 20839s
Ep 13700 | Avg Score: -146.22 | Noise: 0.54 | Time: 20917s
Ep 13750 | Avg Score: -144.27 | Noise: 0.54 | Time: 20994s
Ep 13800 | Avg Score: -135.64 | Noise: 0.54 | Time: 21072s
Ep 13850 | Avg Score: -131.13 | Noise: 0.54 | Time: 21149s
Ep 13900 | Avg Score: -132.33 | Noise: 0.54 | Time: 21225s
Ep 13950 | Avg Score: -127.47 | Noise: 0.53 | Time: 21301s
Ep 14000 | Avg Score: -131.47 | Noise: 0.53 | Time: 21378s
Models saved to ./runs/simple_spread_v3/dag_spread_40k/model.pt
Ep 14050 | Avg Score: -137.31 | Noise: 0.53 | Time: 21454s
Ep 14100 | Avg Score: -132.50 | Noise: 0.53 | Time: 21530s
Ep 14150 | Avg Score: -128.95 | Noise: 0.53 | Time: 21606s
Ep 14200 | Avg Score: -136.82 | Noise: 0.53 | Time: 21683s
Ep 14250 | Avg Score: -140.27 | Noise: 0.53 | Time: 21759s
Ep 14300 | Avg Score: -138.04 | Noise: 0.52 | Time: 21836s
Ep 14350 | Avg Score: -137.79 | Noise: 0.52 | Time: 21913s
Ep 14400 | Avg Score: -137.13 | Noise: 0.52 | Time: 21990s
Ep 14450 | Avg Score: -139.01 | Noise: 0.52 | Time: 22066s
Ep 14500 | Avg Score: -138.32 | Noise: 0.52 | Time: 22143s
Ep 14550 | Avg Score: -144.56 | Noise: 0.52 | Time: 22219s
Ep 14600 | Avg Score: -141.07 | Noise: 0.51 | Time: 22295s
Ep 14650 | Avg Score: -132.51 | Noise: 0.51 | Time: 22372s
Ep 14700 | Avg Score: -135.97 | Noise: 0.51 | Time: 22448s
Ep 14750 | Avg Score: -133.28 | Noise: 0.51 | Time: 22525s
Ep 14800 | Avg Score: -130.22 | Noise: 0.51 | Time: 22602s
Ep 14850 | Avg Score: -134.16 | Noise: 0.51 | Time: 22679s
Ep 14900 | Avg Score: -136.10 | Noise: 0.50 | Time: 22756s
Ep 14950 | Avg Score: -136.00 | Noise: 0.50 | Time: 22833s
Ep 15000 | Avg Score: -138.10 | Noise: 0.50 | Time: 22912s
Models saved to ./runs/simple_spread_v3/dag_spread_40k/model.pt
Ep 15050 | Avg Score: -136.46 | Noise: 0.50 | Time: 22990s
Ep 15100 | Avg Score: -137.09 | Noise: 0.50 | Time: 23068s
Ep 15150 | Avg Score: -137.93 | Noise: 0.49 | Time: 23146s
Ep 15200 | Avg Score: -134.06 | Noise: 0.49 | Time: 23223s
Ep 15250 | Avg Score: -133.22 | Noise: 0.49 | Time: 23301s
Ep 15300 | Avg Score: -132.20 | Noise: 0.49 | Time: 23379s
Ep 15350 | Avg Score: -132.89 | Noise: 0.49 | Time: 23457s
Ep 15400 | Avg Score: -131.98 | Noise: 0.49 | Time: 23535s
Ep 15450 | Avg Score: -129.97 | Noise: 0.48 | Time: 23612s
Ep 15500 | Avg Score: -137.85 | Noise: 0.48 | Time: 23688s
Ep 15550 | Avg Score: -138.40 | Noise: 0.48 | Time: 23764s
Ep 15600 | Avg Score: -134.78 | Noise: 0.48 | Time: 23841s
Ep 15650 | Avg Score: -139.04 | Noise: 0.48 | Time: 23918s
Ep 15700 | Avg Score: -136.44 | Noise: 0.48 | Time: 23995s
Ep 15750 | Avg Score: -131.51 | Noise: 0.47 | Time: 24072s
Ep 15800 | Avg Score: -129.78 | Noise: 0.47 | Time: 24149s
Ep 15850 | Avg Score: -127.16 | Noise: 0.47 | Time: 24225s
Ep 15900 | Avg Score: -130.87 | Noise: 0.47 | Time: 24302s
Ep 15950 | Avg Score: -128.81 | Noise: 0.47 | Time: 24378s
Ep 16000 | Avg Score: -125.50 | Noise: 0.47 | Time: 24455s
Models saved to ./runs/simple_spread_v3/dag_spread_40k/model.pt
Ep 16050 | Avg Score: -130.57 | Noise: 0.46 | Time: 24531s
Ep 16100 | Avg Score: -131.71 | Noise: 0.46 | Time: 24608s
Ep 16150 | Avg Score: -130.08 | Noise: 0.46 | Time: 24684s
Ep 16200 | Avg Score: -129.36 | Noise: 0.46 | Time: 24761s
Ep 16250 | Avg Score: -126.58 | Noise: 0.46 | Time: 24837s
Ep 16300 | Avg Score: -129.85 | Noise: 0.46 | Time: 24914s
Ep 16350 | Avg Score: -136.72 | Noise: 0.45 | Time: 24990s
Ep 16400 | Avg Score: -132.60 | Noise: 0.45 | Time: 25067s
Ep 16450 | Avg Score: -133.81 | Noise: 0.45 | Time: 25144s
Ep 16500 | Avg Score: -133.76 | Noise: 0.45 | Time: 25220s
Ep 16550 | Avg Score: -130.15 | Noise: 0.45 | Time: 25296s
Ep 16600 | Avg Score: -132.44 | Noise: 0.45 | Time: 25372s
Ep 16650 | Avg Score: -130.24 | Noise: 0.44 | Time: 25448s
Ep 16700 | Avg Score: -129.79 | Noise: 0.44 | Time: 25524s
Ep 16750 | Avg Score: -129.92 | Noise: 0.44 | Time: 25600s
Ep 16800 | Avg Score: -128.95 | Noise: 0.44 | Time: 25677s
Ep 16850 | Avg Score: -128.75 | Noise: 0.44 | Time: 25754s
Ep 16900 | Avg Score: -128.39 | Noise: 0.44 | Time: 25830s
Ep 16950 | Avg Score: -131.64 | Noise: 0.44 | Time: 25907s
Ep 17000 | Avg Score: -130.75 | Noise: 0.43 | Time: 25984s
Models saved to ./runs/simple_spread_v3/dag_spread_40k/model.pt
Ep 17050 | Avg Score: -129.48 | Noise: 0.43 | Time: 26062s
Ep 17100 | Avg Score: -123.97 | Noise: 0.43 | Time: 26139s
Ep 17150 | Avg Score: -121.59 | Noise: 0.43 | Time: 26217s
Ep 17200 | Avg Score: -128.99 | Noise: 0.43 | Time: 26294s
Ep 17250 | Avg Score: -126.34 | Noise: 0.43 | Time: 26370s
Ep 17300 | Avg Score: -123.87 | Noise: 0.42 | Time: 26447s
Ep 17350 | Avg Score: -130.71 | Noise: 0.42 | Time: 26524s
Ep 17400 | Avg Score: -135.35 | Noise: 0.42 | Time: 26600s
Ep 17450 | Avg Score: -142.39 | Noise: 0.42 | Time: 26678s
Ep 17500 | Avg Score: -138.76 | Noise: 0.42 | Time: 26755s
Ep 17550 | Avg Score: -128.08 | Noise: 0.42 | Time: 26832s
Ep 17600 | Avg Score: -130.13 | Noise: 0.41 | Time: 26908s
Ep 17650 | Avg Score: -128.94 | Noise: 0.41 | Time: 26987s
Ep 17700 | Avg Score: -124.65 | Noise: 0.41 | Time: 27064s
Ep 17750 | Avg Score: -124.84 | Noise: 0.41 | Time: 27141s
Ep 17800 | Avg Score: -133.17 | Noise: 0.41 | Time: 27217s
Ep 17850 | Avg Score: -132.70 | Noise: 0.41 | Time: 27293s
Ep 17900 | Avg Score: -125.27 | Noise: 0.40 | Time: 27369s
Ep 17950 | Avg Score: -128.35 | Noise: 0.40 | Time: 27446s
Ep 18000 | Avg Score: -128.70 | Noise: 0.40 | Time: 27523s
Models saved to ./runs/simple_spread_v3/dag_spread_40k/model.pt
Ep 18050 | Avg Score: -131.19 | Noise: 0.40 | Time: 27601s
Ep 18100 | Avg Score: -134.53 | Noise: 0.40 | Time: 27679s
Ep 18150 | Avg Score: -138.69 | Noise: 0.40 | Time: 27756s
Ep 18200 | Avg Score: -138.37 | Noise: 0.39 | Time: 27834s
Ep 18250 | Avg Score: -130.55 | Noise: 0.39 | Time: 27910s
Ep 18300 | Avg Score: -122.69 | Noise: 0.39 | Time: 27987s
Ep 18350 | Avg Score: -126.69 | Noise: 0.39 | Time: 28064s
Ep 18400 | Avg Score: -134.55 | Noise: 0.39 | Time: 28141s
Ep 18450 | Avg Score: -129.81 | Noise: 0.39 | Time: 28218s
Ep 18500 | Avg Score: -127.63 | Noise: 0.38 | Time: 28294s
Ep 18550 | Avg Score: -131.13 | Noise: 0.38 | Time: 28370s
Ep 18600 | Avg Score: -132.70 | Noise: 0.38 | Time: 28447s
Ep 18650 | Avg Score: -138.29 | Noise: 0.38 | Time: 28523s
Ep 18700 | Avg Score: -135.32 | Noise: 0.38 | Time: 28599s
Ep 18750 | Avg Score: -121.04 | Noise: 0.38 | Time: 28675s
Ep 18800 | Avg Score: -122.51 | Noise: 0.37 | Time: 28752s
Ep 18850 | Avg Score: -124.58 | Noise: 0.37 | Time: 28829s
Ep 18900 | Avg Score: -133.98 | Noise: 0.37 | Time: 28906s
Ep 18950 | Avg Score: -147.39 | Noise: 0.37 | Time: 28983s
Ep 19000 | Avg Score: -147.66 | Noise: 0.37 | Time: 29060s
Models saved to ./runs/simple_spread_v3/dag_spread_40k/model.pt
Ep 19050 | Avg Score: -146.53 | Noise: 0.36 | Time: 29137s
Ep 19100 | Avg Score: -138.53 | Noise: 0.36 | Time: 29214s
Ep 19150 | Avg Score: -130.76 | Noise: 0.36 | Time: 29291s
Ep 19200 | Avg Score: -128.14 | Noise: 0.36 | Time: 29368s
Ep 19250 | Avg Score: -123.35 | Noise: 0.36 | Time: 29445s
Ep 19300 | Avg Score: -127.25 | Noise: 0.36 | Time: 29522s
Ep 19350 | Avg Score: -131.29 | Noise: 0.35 | Time: 29598s
Ep 19400 | Avg Score: -125.26 | Noise: 0.35 | Time: 29675s
Ep 19450 | Avg Score: -121.80 | Noise: 0.35 | Time: 29752s
Ep 19500 | Avg Score: -119.15 | Noise: 0.35 | Time: 29829s
Ep 19550 | Avg Score: -119.18 | Noise: 0.35 | Time: 29906s
Ep 19600 | Avg Score: -118.71 | Noise: 0.35 | Time: 29983s
Ep 19650 | Avg Score: -118.88 | Noise: 0.34 | Time: 30057s
Ep 19700 | Avg Score: -122.34 | Noise: 0.34 | Time: 30127s
Ep 19750 | Avg Score: -123.24 | Noise: 0.34 | Time: 30202s
Ep 19800 | Avg Score: -125.42 | Noise: 0.34 | Time: 30278s
Ep 19850 | Avg Score: -128.39 | Noise: 0.34 | Time: 30355s
Ep 19900 | Avg Score: -126.14 | Noise: 0.34 | Time: 30431s
Ep 19950 | Avg Score: -120.41 | Noise: 0.33 | Time: 30508s
Ep 20000 | Avg Score: -118.56 | Noise: 0.33 | Time: 30585s
Models saved to ./runs/simple_spread_v3/dag_spread_40k/model.pt
Ep 20050 | Avg Score: -122.40 | Noise: 0.33 | Time: 30661s
Ep 20100 | Avg Score: -127.38 | Noise: 0.33 | Time: 30738s
Ep 20150 | Avg Score: -125.16 | Noise: 0.33 | Time: 30815s
Ep 20200 | Avg Score: -118.44 | Noise: 0.33 | Time: 30892s
Ep 20250 | Avg Score: -117.01 | Noise: 0.32 | Time: 30968s
Ep 20300 | Avg Score: -115.92 | Noise: 0.32 | Time: 31045s
Ep 20350 | Avg Score: -120.50 | Noise: 0.32 | Time: 31122s
Ep 20400 | Avg Score: -122.44 | Noise: 0.32 | Time: 31199s
Ep 20450 | Avg Score: -120.70 | Noise: 0.32 | Time: 31275s
Ep 20500 | Avg Score: -125.19 | Noise: 0.32 | Time: 31352s
Ep 20550 | Avg Score: -124.54 | Noise: 0.31 | Time: 31428s
Ep 20600 | Avg Score: -119.08 | Noise: 0.31 | Time: 31504s
Ep 20650 | Avg Score: -113.51 | Noise: 0.31 | Time: 31581s
Ep 20700 | Avg Score: -114.80 | Noise: 0.31 | Time: 31656s
Ep 20750 | Avg Score: -114.46 | Noise: 0.31 | Time: 31732s
Ep 20800 | Avg Score: -112.06 | Noise: 0.31 | Time: 31808s
Ep 20850 | Avg Score: -116.82 | Noise: 0.31 | Time: 31885s
Ep 20900 | Avg Score: -121.31 | Noise: 0.30 | Time: 31962s
Ep 20950 | Avg Score: -121.46 | Noise: 0.30 | Time: 32038s
Ep 21000 | Avg Score: -119.10 | Noise: 0.30 | Time: 32114s
Models saved to ./runs/simple_spread_v3/dag_spread_40k/model.pt
Ep 21050 | Avg Score: -112.41 | Noise: 0.30 | Time: 32190s
Ep 21100 | Avg Score: -114.31 | Noise: 0.30 | Time: 32266s
Ep 21150 | Avg Score: -118.57 | Noise: 0.30 | Time: 32342s
Ep 21200 | Avg Score: -116.90 | Noise: 0.29 | Time: 32419s
Ep 21250 | Avg Score: -119.06 | Noise: 0.29 | Time: 32496s
Ep 21300 | Avg Score: -113.65 | Noise: 0.29 | Time: 32574s
Ep 21350 | Avg Score: -114.10 | Noise: 0.29 | Time: 32651s
Ep 21400 | Avg Score: -118.62 | Noise: 0.29 | Time: 32728s
Ep 21450 | Avg Score: -113.34 | Noise: 0.29 | Time: 32806s
Ep 21500 | Avg Score: -109.77 | Noise: 0.28 | Time: 32883s
Ep 21550 | Avg Score: -113.20 | Noise: 0.28 | Time: 32960s
Ep 21600 | Avg Score: -114.05 | Noise: 0.28 | Time: 33036s
Ep 21650 | Avg Score: -111.95 | Noise: 0.28 | Time: 33112s
Ep 21700 | Avg Score: -110.70 | Noise: 0.28 | Time: 33189s
Ep 21750 | Avg Score: -108.28 | Noise: 0.28 | Time: 33266s
Ep 21800 | Avg Score: -110.37 | Noise: 0.27 | Time: 33343s
Ep 21850 | Avg Score: -114.55 | Noise: 0.27 | Time: 33421s
Ep 21900 | Avg Score: -113.35 | Noise: 0.27 | Time: 33498s
Ep 21950 | Avg Score: -111.00 | Noise: 0.27 | Time: 33576s
Ep 22000 | Avg Score: -116.39 | Noise: 0.27 | Time: 33653s
Models saved to ./runs/simple_spread_v3/dag_spread_40k/model.pt
Ep 22050 | Avg Score: -120.45 | Noise: 0.27 | Time: 33730s
Ep 22100 | Avg Score: -117.36 | Noise: 0.26 | Time: 33808s
Ep 22150 | Avg Score: -117.38 | Noise: 0.26 | Time: 33885s
Ep 22200 | Avg Score: -121.32 | Noise: 0.26 | Time: 33961s
Ep 22250 | Avg Score: -123.49 | Noise: 0.26 | Time: 34038s
Ep 22300 | Avg Score: -122.80 | Noise: 0.26 | Time: 34115s
Ep 22350 | Avg Score: -124.71 | Noise: 0.26 | Time: 34192s
Ep 22400 | Avg Score: -123.92 | Noise: 0.25 | Time: 34267s
Ep 22450 | Avg Score: -114.53 | Noise: 0.25 | Time: 34344s
Ep 22500 | Avg Score: -109.18 | Noise: 0.25 | Time: 34420s
Ep 22550 | Avg Score: -115.53 | Noise: 0.25 | Time: 34497s
Ep 22600 | Avg Score: -121.41 | Noise: 0.25 | Time: 34573s
Ep 22650 | Avg Score: -119.92 | Noise: 0.24 | Time: 34650s
Ep 22700 | Avg Score: -116.46 | Noise: 0.24 | Time: 34722s
Ep 22750 | Avg Score: -116.20 | Noise: 0.24 | Time: 34800s
Ep 22800 | Avg Score: -115.86 | Noise: 0.24 | Time: 34877s
Ep 22850 | Avg Score: -121.73 | Noise: 0.24 | Time: 34954s
Ep 22900 | Avg Score: -126.87 | Noise: 0.24 | Time: 35031s
Ep 22950 | Avg Score: -122.66 | Noise: 0.23 | Time: 35109s
Ep 23000 | Avg Score: -121.40 | Noise: 0.23 | Time: 35187s
Models saved to ./runs/simple_spread_v3/dag_spread_40k/model.pt
Ep 23050 | Avg Score: -119.48 | Noise: 0.23 | Time: 35266s
Ep 23100 | Avg Score: -117.68 | Noise: 0.23 | Time: 35344s
Ep 23150 | Avg Score: -123.20 | Noise: 0.23 | Time: 35421s
Ep 23200 | Avg Score: -121.20 | Noise: 0.23 | Time: 35498s
Ep 23250 | Avg Score: -111.41 | Noise: 0.22 | Time: 35575s
Ep 23300 | Avg Score: -107.75 | Noise: 0.22 | Time: 35652s
Ep 23350 | Avg Score: -108.28 | Noise: 0.22 | Time: 35729s
Ep 23400 | Avg Score: -111.95 | Noise: 0.22 | Time: 35806s
Ep 23450 | Avg Score: -113.11 | Noise: 0.22 | Time: 35883s
Ep 23500 | Avg Score: -111.82 | Noise: 0.22 | Time: 35960s
Ep 23550 | Avg Score: -114.25 | Noise: 0.21 | Time: 36036s
Ep 23600 | Avg Score: -117.83 | Noise: 0.21 | Time: 36113s
Ep 23650 | Avg Score: -125.29 | Noise: 0.21 | Time: 36191s
Ep 23700 | Avg Score: -125.86 | Noise: 0.21 | Time: 36267s
Ep 23750 | Avg Score: -119.64 | Noise: 0.21 | Time: 36344s
Ep 23800 | Avg Score: -120.72 | Noise: 0.21 | Time: 36421s
Ep 23850 | Avg Score: -121.07 | Noise: 0.20 | Time: 36499s
Ep 23900 | Avg Score: -118.67 | Noise: 0.20 | Time: 36576s
Ep 23950 | Avg Score: -119.79 | Noise: 0.20 | Time: 36652s
Ep 24000 | Avg Score: -124.63 | Noise: 0.20 | Time: 36729s
Models saved to ./runs/simple_spread_v3/dag_spread_40k/model.pt
Ep 24050 | Avg Score: -120.65 | Noise: 0.20 | Time: 36806s
Ep 24100 | Avg Score: -114.94 | Noise: 0.20 | Time: 36883s
Ep 24150 | Avg Score: -120.14 | Noise: 0.19 | Time: 36960s
Ep 24200 | Avg Score: -123.79 | Noise: 0.19 | Time: 37037s
Ep 24250 | Avg Score: -125.98 | Noise: 0.19 | Time: 37114s
Ep 24300 | Avg Score: -126.89 | Noise: 0.19 | Time: 37190s
Ep 24350 | Avg Score: -120.89 | Noise: 0.19 | Time: 37268s
Ep 24400 | Avg Score: -115.75 | Noise: 0.19 | Time: 37345s
Ep 24450 | Avg Score: -115.45 | Noise: 0.19 | Time: 37422s
Ep 24500 | Avg Score: -114.66 | Noise: 0.18 | Time: 37498s
Ep 24550 | Avg Score: -109.36 | Noise: 0.18 | Time: 37575s
Ep 24600 | Avg Score: -108.64 | Noise: 0.18 | Time: 37651s
Ep 24650 | Avg Score: -116.53 | Noise: 0.18 | Time: 37727s
Ep 24700 | Avg Score: -117.75 | Noise: 0.18 | Time: 37803s
Ep 24750 | Avg Score: -117.81 | Noise: 0.18 | Time: 37875s
Ep 24800 | Avg Score: -122.33 | Noise: 0.17 | Time: 37944s
Ep 24850 | Avg Score: -123.53 | Noise: 0.17 | Time: 38013s
Ep 24900 | Avg Score: -113.54 | Noise: 0.17 | Time: 38085s
Ep 24950 | Avg Score: -104.84 | Noise: 0.17 | Time: 38161s
Ep 25000 | Avg Score: -109.08 | Noise: 0.17 | Time: 38239s
Models saved to ./runs/simple_spread_v3/dag_spread_40k/model.pt
Ep 25050 | Avg Score: -109.44 | Noise: 0.17 | Time: 38316s
Ep 25100 | Avg Score: -110.97 | Noise: 0.16 | Time: 38393s
Ep 25150 | Avg Score: -113.36 | Noise: 0.16 | Time: 38470s
Ep 25200 | Avg Score: -114.89 | Noise: 0.16 | Time: 38547s
Ep 25250 | Avg Score: -116.03 | Noise: 0.16 | Time: 38621s
Ep 25300 | Avg Score: -116.83 | Noise: 0.16 | Time: 38697s
Ep 25350 | Avg Score: -120.38 | Noise: 0.16 | Time: 38774s
Ep 25400 | Avg Score: -121.52 | Noise: 0.15 | Time: 38852s
Ep 25450 | Avg Score: -122.90 | Noise: 0.15 | Time: 38929s
Ep 25500 | Avg Score: -122.60 | Noise: 0.15 | Time: 39006s
Ep 25550 | Avg Score: -117.00 | Noise: 0.15 | Time: 39083s
Ep 25600 | Avg Score: -112.52 | Noise: 0.15 | Time: 39161s
Ep 25650 | Avg Score: -111.19 | Noise: 0.15 | Time: 39238s
Ep 25700 | Avg Score: -112.14 | Noise: 0.14 | Time: 39316s
Ep 25750 | Avg Score: -113.91 | Noise: 0.14 | Time: 39392s
Ep 25800 | Avg Score: -111.87 | Noise: 0.14 | Time: 39469s
Ep 25850 | Avg Score: -108.45 | Noise: 0.14 | Time: 39546s
Ep 25900 | Avg Score: -110.73 | Noise: 0.14 | Time: 39622s
Ep 25950 | Avg Score: -114.55 | Noise: 0.14 | Time: 39699s
Ep 26000 | Avg Score: -113.58 | Noise: 0.13 | Time: 39775s
Models saved to ./runs/simple_spread_v3/dag_spread_40k/model.pt
Ep 26050 | Avg Score: -113.36 | Noise: 0.13 | Time: 39851s
Ep 26100 | Avg Score: -111.28 | Noise: 0.13 | Time: 39928s
Ep 26150 | Avg Score: -110.17 | Noise: 0.13 | Time: 40005s
Ep 26200 | Avg Score: -110.82 | Noise: 0.13 | Time: 40082s
Ep 26250 | Avg Score: -110.48 | Noise: 0.12 | Time: 40159s
Ep 26300 | Avg Score: -111.68 | Noise: 0.12 | Time: 40236s
Ep 26350 | Avg Score: -108.40 | Noise: 0.12 | Time: 40313s
Ep 26400 | Avg Score: -105.91 | Noise: 0.12 | Time: 40390s
Ep 26450 | Avg Score: -110.14 | Noise: 0.12 | Time: 40467s
Ep 26500 | Avg Score: -112.69 | Noise: 0.12 | Time: 40543s
Ep 26550 | Avg Score: -112.44 | Noise: 0.11 | Time: 40619s
Ep 26600 | Avg Score: -110.52 | Noise: 0.11 | Time: 40696s
Ep 26650 | Avg Score: -111.95 | Noise: 0.11 | Time: 40774s
Ep 26700 | Avg Score: -110.84 | Noise: 0.11 | Time: 40853s
Ep 26750 | Avg Score: -111.57 | Noise: 0.11 | Time: 40932s
Ep 26800 | Avg Score: -116.92 | Noise: 0.11 | Time: 41010s
Ep 26850 | Avg Score: -116.45 | Noise: 0.10 | Time: 41089s
Ep 26900 | Avg Score: -118.13 | Noise: 0.10 | Time: 41168s
Ep 26950 | Avg Score: -119.95 | Noise: 0.10 | Time: 41245s
Ep 27000 | Avg Score: -119.33 | Noise: 0.10 | Time: 41322s
Models saved to ./runs/simple_spread_v3/dag_spread_40k/model.pt
Ep 27050 | Avg Score: -115.80 | Noise: 0.10 | Time: 41399s
Ep 27100 | Avg Score: -115.23 | Noise: 0.10 | Time: 41476s
Ep 27150 | Avg Score: -115.66 | Noise: 0.09 | Time: 41553s
Ep 27200 | Avg Score: -116.86 | Noise: 0.09 | Time: 41630s
Ep 27250 | Avg Score: -120.52 | Noise: 0.09 | Time: 41708s
Ep 27300 | Avg Score: -115.48 | Noise: 0.09 | Time: 41786s
Ep 27350 | Avg Score: -110.05 | Noise: 0.09 | Time: 41863s
Ep 27400 | Avg Score: -114.34 | Noise: 0.09 | Time: 41941s
Ep 27450 | Avg Score: -117.01 | Noise: 0.08 | Time: 42019s
Ep 27500 | Avg Score: -117.16 | Noise: 0.08 | Time: 42096s
Ep 27550 | Avg Score: -115.74 | Noise: 0.08 | Time: 42173s
Ep 27600 | Avg Score: -112.92 | Noise: 0.08 | Time: 42251s
Ep 27650 | Avg Score: -115.85 | Noise: 0.08 | Time: 42329s
Ep 27700 | Avg Score: -123.55 | Noise: 0.08 | Time: 42407s
Ep 27750 | Avg Score: -123.93 | Noise: 0.07 | Time: 42488s
Ep 27800 | Avg Score: -119.33 | Noise: 0.07 | Time: 42566s
Ep 27850 | Avg Score: -118.29 | Noise: 0.07 | Time: 42643s
Ep 27900 | Avg Score: -127.16 | Noise: 0.07 | Time: 42722s
Ep 27950 | Avg Score: -130.01 | Noise: 0.07 | Time: 42800s
Ep 28000 | Avg Score: -118.84 | Noise: 0.07 | Time: 42878s
Models saved to ./runs/simple_spread_v3/dag_spread_40k/model.pt
Ep 28050 | Avg Score: -119.49 | Noise: 0.06 | Time: 42958s
Ep 28100 | Avg Score: -123.20 | Noise: 0.06 | Time: 43036s
Ep 28150 | Avg Score: -119.12 | Noise: 0.06 | Time: 43114s
Ep 28200 | Avg Score: -116.07 | Noise: 0.06 | Time: 43192s
Ep 28250 | Avg Score: -120.11 | Noise: 0.06 | Time: 43267s
Ep 28300 | Avg Score: -118.32 | Noise: 0.06 | Time: 43344s
Ep 28350 | Avg Score: -115.67 | Noise: 0.06 | Time: 43422s
Ep 28400 | Avg Score: -115.39 | Noise: 0.05 | Time: 43499s
Ep 28450 | Avg Score: -114.49 | Noise: 0.05 | Time: 43577s
Ep 28500 | Avg Score: -117.04 | Noise: 0.05 | Time: 43656s
Ep 28550 | Avg Score: -120.82 | Noise: 0.05 | Time: 43735s
Ep 28600 | Avg Score: -123.78 | Noise: 0.05 | Time: 43814s
Ep 28650 | Avg Score: -119.01 | Noise: 0.05 | Time: 43892s
Ep 28700 | Avg Score: -115.46 | Noise: 0.05 | Time: 43971s
Ep 28750 | Avg Score: -120.30 | Noise: 0.05 | Time: 44049s
Ep 28800 | Avg Score: -120.16 | Noise: 0.05 | Time: 44127s
Ep 28850 | Avg Score: -119.58 | Noise: 0.05 | Time: 44205s
Ep 28900 | Avg Score: -114.52 | Noise: 0.05 | Time: 44282s
Ep 28950 | Avg Score: -106.87 | Noise: 0.05 | Time: 44360s
Ep 29000 | Avg Score: -115.06 | Noise: 0.05 | Time: 44435s
Models saved to ./runs/simple_spread_v3/dag_spread_40k/model.pt
Ep 29050 | Avg Score: -126.81 | Noise: 0.05 | Time: 44512s
Ep 29100 | Avg Score: -132.41 | Noise: 0.05 | Time: 44590s
Ep 29150 | Avg Score: -127.92 | Noise: 0.05 | Time: 44669s
Ep 29200 | Avg Score: -124.85 | Noise: 0.05 | Time: 44747s
Ep 29250 | Avg Score: -123.50 | Noise: 0.05 | Time: 44825s
Ep 29300 | Avg Score: -121.22 | Noise: 0.05 | Time: 44902s
Ep 29350 | Avg Score: -123.54 | Noise: 0.05 | Time: 44980s
Ep 29400 | Avg Score: -124.51 | Noise: 0.05 | Time: 45058s
Ep 29450 | Avg Score: -126.36 | Noise: 0.05 | Time: 45136s
Ep 29500 | Avg Score: -130.53 | Noise: 0.05 | Time: 45214s
Ep 29550 | Avg Score: -132.62 | Noise: 0.05 | Time: 45293s
Ep 29600 | Avg Score: -128.75 | Noise: 0.05 | Time: 45372s
Ep 29650 | Avg Score: -121.29 | Noise: 0.05 | Time: 45450s
Ep 29700 | Avg Score: -118.98 | Noise: 0.05 | Time: 45527s
Ep 29750 | Avg Score: -122.20 | Noise: 0.05 | Time: 45606s
Ep 29800 | Avg Score: -125.75 | Noise: 0.05 | Time: 45684s
Ep 29850 | Avg Score: -128.36 | Noise: 0.05 | Time: 45761s
Ep 29900 | Avg Score: -127.40 | Noise: 0.05 | Time: 45839s
Ep 29950 | Avg Score: -131.35 | Noise: 0.05 | Time: 45917s
Ep 30000 | Avg Score: -135.20 | Noise: 0.05 | Time: 45996s
Models saved to ./runs/simple_spread_v3/dag_spread_40k/model.pt
Ep 30050 | Avg Score: -128.49 | Noise: 0.05 | Time: 46073s
Ep 30100 | Avg Score: -123.81 | Noise: 0.05 | Time: 46150s
Ep 30150 | Avg Score: -126.01 | Noise: 0.05 | Time: 46228s
Ep 30200 | Avg Score: -128.04 | Noise: 0.05 | Time: 46306s
Ep 30250 | Avg Score: -125.84 | Noise: 0.05 | Time: 46384s
Ep 30300 | Avg Score: -123.22 | Noise: 0.05 | Time: 46462s
Ep 30350 | Avg Score: -123.92 | Noise: 0.05 | Time: 46539s
Ep 30400 | Avg Score: -124.14 | Noise: 0.05 | Time: 46617s
Ep 30450 | Avg Score: -124.68 | Noise: 0.05 | Time: 46695s
Ep 30500 | Avg Score: -125.32 | Noise: 0.05 | Time: 46772s
Ep 30550 | Avg Score: -126.76 | Noise: 0.05 | Time: 46851s
Ep 30600 | Avg Score: -123.58 | Noise: 0.05 | Time: 46928s
Ep 30650 | Avg Score: -120.75 | Noise: 0.05 | Time: 47006s
Ep 30700 | Avg Score: -124.71 | Noise: 0.05 | Time: 47084s
Ep 30750 | Avg Score: -119.69 | Noise: 0.05 | Time: 47161s
Ep 30800 | Avg Score: -118.31 | Noise: 0.05 | Time: 47239s
Ep 30850 | Avg Score: -125.58 | Noise: 0.05 | Time: 47317s
Ep 30900 | Avg Score: -125.03 | Noise: 0.05 | Time: 47395s
Ep 30950 | Avg Score: -123.95 | Noise: 0.05 | Time: 47473s
Ep 31000 | Avg Score: -124.63 | Noise: 0.05 | Time: 47552s
Models saved to ./runs/simple_spread_v3/dag_spread_40k/model.pt
Ep 31050 | Avg Score: -122.55 | Noise: 0.05 | Time: 47630s
Ep 31100 | Avg Score: -124.17 | Noise: 0.05 | Time: 47708s
Ep 31150 | Avg Score: -119.40 | Noise: 0.05 | Time: 47785s
Ep 31200 | Avg Score: -113.30 | Noise: 0.05 | Time: 47863s
Ep 31250 | Avg Score: -120.15 | Noise: 0.05 | Time: 47941s
Ep 31300 | Avg Score: -126.24 | Noise: 0.05 | Time: 48020s
Ep 31350 | Avg Score: -124.67 | Noise: 0.05 | Time: 48098s
Ep 31400 | Avg Score: -124.21 | Noise: 0.05 | Time: 48177s
Ep 31450 | Avg Score: -129.18 | Noise: 0.05 | Time: 48255s
Ep 31500 | Avg Score: -133.46 | Noise: 0.05 | Time: 48332s
Ep 31550 | Avg Score: -127.72 | Noise: 0.05 | Time: 48410s
Ep 31600 | Avg Score: -124.12 | Noise: 0.05 | Time: 48487s
Ep 31650 | Avg Score: -122.70 | Noise: 0.05 | Time: 48565s
Ep 31700 | Avg Score: -127.60 | Noise: 0.05 | Time: 48643s
Ep 31750 | Avg Score: -127.09 | Noise: 0.05 | Time: 48720s
Ep 31800 | Avg Score: -126.42 | Noise: 0.05 | Time: 48795s
Ep 31850 | Avg Score: -129.20 | Noise: 0.05 | Time: 48872s
Ep 31900 | Avg Score: -127.81 | Noise: 0.05 | Time: 48948s
Ep 31950 | Avg Score: -124.95 | Noise: 0.05 | Time: 49025s
Ep 32000 | Avg Score: -124.24 | Noise: 0.05 | Time: 49101s
Models saved to ./runs/simple_spread_v3/dag_spread_40k/model.pt
Ep 32050 | Avg Score: -123.44 | Noise: 0.05 | Time: 49178s
Ep 32100 | Avg Score: -122.83 | Noise: 0.05 | Time: 49255s
Ep 32150 | Avg Score: -125.15 | Noise: 0.05 | Time: 49332s
Ep 32200 | Avg Score: -124.04 | Noise: 0.05 | Time: 49409s
Ep 32250 | Avg Score: -124.27 | Noise: 0.05 | Time: 49486s
Ep 32300 | Avg Score: -122.66 | Noise: 0.05 | Time: 49564s
Ep 32350 | Avg Score: -128.27 | Noise: 0.05 | Time: 49642s
Ep 32400 | Avg Score: -127.77 | Noise: 0.05 | Time: 49719s
Ep 32450 | Avg Score: -123.78 | Noise: 0.05 | Time: 49796s
Ep 32500 | Avg Score: -125.25 | Noise: 0.05 | Time: 49872s
Ep 32550 | Avg Score: -127.13 | Noise: 0.05 | Time: 49950s
Ep 32600 | Avg Score: -121.90 | Noise: 0.05 | Time: 50028s
Ep 32650 | Avg Score: -113.86 | Noise: 0.05 | Time: 50105s
Ep 32700 | Avg Score: -115.14 | Noise: 0.05 | Time: 50182s
Ep 32750 | Avg Score: -123.26 | Noise: 0.05 | Time: 50258s
Ep 32800 | Avg Score: -123.29 | Noise: 0.05 | Time: 50335s
Ep 32850 | Avg Score: -121.52 | Noise: 0.05 | Time: 50412s
Ep 32900 | Avg Score: -124.14 | Noise: 0.05 | Time: 50489s
Ep 32950 | Avg Score: -123.34 | Noise: 0.05 | Time: 50565s
Ep 33000 | Avg Score: -123.91 | Noise: 0.05 | Time: 50641s
Models saved to ./runs/simple_spread_v3/dag_spread_40k/model.pt
Ep 33050 | Avg Score: -124.75 | Noise: 0.05 | Time: 50718s
Ep 33100 | Avg Score: -129.82 | Noise: 0.05 | Time: 50795s
Ep 33150 | Avg Score: -128.49 | Noise: 0.05 | Time: 50871s
Ep 33200 | Avg Score: -122.54 | Noise: 0.05 | Time: 50948s
Ep 33250 | Avg Score: -129.80 | Noise: 0.05 | Time: 51024s
Ep 33300 | Avg Score: -135.11 | Noise: 0.05 | Time: 51100s
Ep 33350 | Avg Score: -128.52 | Noise: 0.05 | Time: 51176s
Ep 33400 | Avg Score: -128.76 | Noise: 0.05 | Time: 51253s
Ep 33450 | Avg Score: -129.64 | Noise: 0.05 | Time: 51329s
Ep 33500 | Avg Score: -128.76 | Noise: 0.05 | Time: 51406s
Ep 33550 | Avg Score: -123.10 | Noise: 0.05 | Time: 51483s
Ep 33600 | Avg Score: -121.31 | Noise: 0.05 | Time: 51559s
Ep 33650 | Avg Score: -125.40 | Noise: 0.05 | Time: 51636s
Ep 33700 | Avg Score: -122.41 | Noise: 0.05 | Time: 51713s
Ep 33750 | Avg Score: -128.39 | Noise: 0.05 | Time: 51791s
Ep 33800 | Avg Score: -124.61 | Noise: 0.05 | Time: 51867s
Ep 33850 | Avg Score: -120.34 | Noise: 0.05 | Time: 51944s
Ep 33900 | Avg Score: -125.25 | Noise: 0.05 | Time: 52021s
Ep 33950 | Avg Score: -125.99 | Noise: 0.05 | Time: 52098s
Ep 34000 | Avg Score: -129.52 | Noise: 0.05 | Time: 52174s
Models saved to ./runs/simple_spread_v3/dag_spread_40k/model.pt
Ep 34050 | Avg Score: -130.47 | Noise: 0.05 | Time: 52251s
Ep 34100 | Avg Score: -130.53 | Noise: 0.05 | Time: 52328s
Ep 34150 | Avg Score: -127.17 | Noise: 0.05 | Time: 52405s
Ep 34200 | Avg Score: -124.75 | Noise: 0.05 | Time: 52482s
Ep 34250 | Avg Score: -135.75 | Noise: 0.05 | Time: 52558s
Ep 34300 | Avg Score: -134.51 | Noise: 0.05 | Time: 52635s
Ep 34350 | Avg Score: -129.12 | Noise: 0.05 | Time: 52713s
Ep 34400 | Avg Score: -126.05 | Noise: 0.05 | Time: 52790s
Ep 34450 | Avg Score: -123.31 | Noise: 0.05 | Time: 52867s
Ep 34500 | Avg Score: -134.30 | Noise: 0.05 | Time: 52944s
Ep 34550 | Avg Score: -134.68 | Noise: 0.05 | Time: 53023s
Ep 34600 | Avg Score: -127.67 | Noise: 0.05 | Time: 53100s
Ep 34650 | Avg Score: -129.12 | Noise: 0.05 | Time: 53178s
Ep 34700 | Avg Score: -130.25 | Noise: 0.05 | Time: 53254s
Ep 34750 | Avg Score: -129.60 | Noise: 0.05 | Time: 53331s
Ep 34800 | Avg Score: -126.50 | Noise: 0.05 | Time: 53408s
Ep 34850 | Avg Score: -120.36 | Noise: 0.05 | Time: 53484s
Ep 34900 | Avg Score: -127.79 | Noise: 0.05 | Time: 53562s
Ep 34950 | Avg Score: -132.62 | Noise: 0.05 | Time: 53639s
Ep 35000 | Avg Score: -129.89 | Noise: 0.05 | Time: 53716s
Models saved to ./runs/simple_spread_v3/dag_spread_40k/model.pt
Ep 35050 | Avg Score: -133.20 | Noise: 0.05 | Time: 53793s
Ep 35100 | Avg Score: -130.74 | Noise: 0.05 | Time: 53870s
Ep 35150 | Avg Score: -124.81 | Noise: 0.05 | Time: 53947s
Ep 35200 | Avg Score: -131.41 | Noise: 0.05 | Time: 54025s
Ep 35250 | Avg Score: -134.80 | Noise: 0.05 | Time: 54098s
Ep 35300 | Avg Score: -122.97 | Noise: 0.05 | Time: 54172s
Ep 35350 | Avg Score: -120.93 | Noise: 0.05 | Time: 54245s
Ep 35400 | Avg Score: -125.57 | Noise: 0.05 | Time: 54315s
Ep 35450 | Avg Score: -121.48 | Noise: 0.05 | Time: 54385s
Ep 35500 | Avg Score: -122.00 | Noise: 0.05 | Time: 54456s
Ep 35550 | Avg Score: -125.93 | Noise: 0.05 | Time: 54527s
Ep 35600 | Avg Score: -125.94 | Noise: 0.05 | Time: 54598s
Ep 35650 | Avg Score: -124.53 | Noise: 0.05 | Time: 54668s
Ep 35700 | Avg Score: -122.43 | Noise: 0.05 | Time: 54738s
Ep 35750 | Avg Score: -117.80 | Noise: 0.05 | Time: 54811s
Ep 35800 | Avg Score: -117.32 | Noise: 0.05 | Time: 54888s
Ep 35850 | Avg Score: -121.37 | Noise: 0.05 | Time: 54966s
Ep 35900 | Avg Score: -122.77 | Noise: 0.05 | Time: 55043s
Ep 35950 | Avg Score: -130.31 | Noise: 0.05 | Time: 55120s
Ep 36000 | Avg Score: -133.14 | Noise: 0.05 | Time: 55198s
Models saved to ./runs/simple_spread_v3/dag_spread_40k/model.pt
Ep 36050 | Avg Score: -133.56 | Noise: 0.05 | Time: 55275s
Ep 36100 | Avg Score: -135.52 | Noise: 0.05 | Time: 55353s
Ep 36150 | Avg Score: -129.43 | Noise: 0.05 | Time: 55430s
Ep 36200 | Avg Score: -128.84 | Noise: 0.05 | Time: 55507s
Ep 36250 | Avg Score: -132.79 | Noise: 0.05 | Time: 55583s
Ep 36300 | Avg Score: -137.68 | Noise: 0.05 | Time: 55660s
Ep 36350 | Avg Score: -138.07 | Noise: 0.05 | Time: 55737s
Ep 36400 | Avg Score: -137.21 | Noise: 0.05 | Time: 55814s
Ep 36450 | Avg Score: -136.23 | Noise: 0.05 | Time: 55891s
Ep 36500 | Avg Score: -130.73 | Noise: 0.05 | Time: 55968s
Ep 36550 | Avg Score: -131.58 | Noise: 0.05 | Time: 56045s
Ep 36600 | Avg Score: -137.85 | Noise: 0.05 | Time: 56121s
Ep 36650 | Avg Score: -139.45 | Noise: 0.05 | Time: 56198s
Ep 36700 | Avg Score: -137.78 | Noise: 0.05 | Time: 56274s
Ep 36750 | Avg Score: -134.94 | Noise: 0.05 | Time: 56351s
Ep 36800 | Avg Score: -131.27 | Noise: 0.05 | Time: 56427s
Ep 36850 | Avg Score: -129.92 | Noise: 0.05 | Time: 56505s
Ep 36900 | Avg Score: -135.06 | Noise: 0.05 | Time: 56583s
Ep 36950 | Avg Score: -143.46 | Noise: 0.05 | Time: 56661s
Ep 37000 | Avg Score: -135.95 | Noise: 0.05 | Time: 56739s
Models saved to ./runs/simple_spread_v3/dag_spread_40k/model.pt
Ep 37050 | Avg Score: -132.61 | Noise: 0.05 | Time: 56816s
Ep 37100 | Avg Score: -135.11 | Noise: 0.05 | Time: 56893s
Ep 37150 | Avg Score: -135.33 | Noise: 0.05 | Time: 56970s
Ep 37200 | Avg Score: -136.03 | Noise: 0.05 | Time: 57048s
Ep 37250 | Avg Score: -126.22 | Noise: 0.05 | Time: 57124s
Ep 37300 | Avg Score: -119.15 | Noise: 0.05 | Time: 57201s
Ep 37350 | Avg Score: -121.43 | Noise: 0.05 | Time: 57278s
Ep 37400 | Avg Score: -125.18 | Noise: 0.05 | Time: 57355s
Ep 37450 | Avg Score: -126.98 | Noise: 0.05 | Time: 57432s
Ep 37500 | Avg Score: -129.67 | Noise: 0.05 | Time: 57509s
Ep 37550 | Avg Score: -137.79 | Noise: 0.05 | Time: 57586s
Ep 37600 | Avg Score: -138.43 | Noise: 0.05 | Time: 57665s
Ep 37650 | Avg Score: -132.49 | Noise: 0.05 | Time: 57743s
Ep 37700 | Avg Score: -129.29 | Noise: 0.05 | Time: 57821s
Ep 37750 | Avg Score: -126.36 | Noise: 0.05 | Time: 57898s
Ep 37800 | Avg Score: -130.86 | Noise: 0.05 | Time: 57975s
Ep 37850 | Avg Score: -132.99 | Noise: 0.05 | Time: 58052s
Ep 37900 | Avg Score: -130.96 | Noise: 0.05 | Time: 58129s
Ep 37950 | Avg Score: -126.82 | Noise: 0.05 | Time: 58206s
Ep 38000 | Avg Score: -123.75 | Noise: 0.05 | Time: 58283s
Models saved to ./runs/simple_spread_v3/dag_spread_40k/model.pt
Ep 38050 | Avg Score: -125.32 | Noise: 0.05 | Time: 58358s
Ep 38100 | Avg Score: -130.21 | Noise: 0.05 | Time: 58435s
Ep 38150 | Avg Score: -129.29 | Noise: 0.05 | Time: 58513s
Ep 38200 | Avg Score: -125.76 | Noise: 0.05 | Time: 58591s
Ep 38250 | Avg Score: -133.66 | Noise: 0.05 | Time: 58668s
Ep 38300 | Avg Score: -134.90 | Noise: 0.05 | Time: 58746s
Ep 38350 | Avg Score: -129.08 | Noise: 0.05 | Time: 58824s
Ep 38400 | Avg Score: -126.17 | Noise: 0.05 | Time: 58902s
Ep 38450 | Avg Score: -119.03 | Noise: 0.05 | Time: 58980s
Ep 38500 | Avg Score: -119.39 | Noise: 0.05 | Time: 59057s
Ep 38550 | Avg Score: -130.58 | Noise: 0.05 | Time: 59134s
Ep 38600 | Avg Score: -129.41 | Noise: 0.05 | Time: 59212s
Ep 38650 | Avg Score: -118.14 | Noise: 0.05 | Time: 59290s
Ep 38700 | Avg Score: -120.67 | Noise: 0.05 | Time: 59369s
Ep 38750 | Avg Score: -130.72 | Noise: 0.05 | Time: 59447s
Ep 38800 | Avg Score: -129.86 | Noise: 0.05 | Time: 59526s
Ep 38850 | Avg Score: -127.63 | Noise: 0.05 | Time: 59606s
Ep 38900 | Avg Score: -128.41 | Noise: 0.05 | Time: 59684s
Ep 38950 | Avg Score: -134.29 | Noise: 0.05 | Time: 59761s
Ep 39000 | Avg Score: -134.94 | Noise: 0.05 | Time: 59838s
Models saved to ./runs/simple_spread_v3/dag_spread_40k/model.pt
Ep 39050 | Avg Score: -138.74 | Noise: 0.05 | Time: 59915s
Ep 39100 | Avg Score: -138.70 | Noise: 0.05 | Time: 59993s
Ep 39150 | Avg Score: -133.84 | Noise: 0.05 | Time: 60070s
Ep 39200 | Avg Score: -135.52 | Noise: 0.05 | Time: 60148s
Ep 39250 | Avg Score: -136.27 | Noise: 0.05 | Time: 60225s
Ep 39300 | Avg Score: -138.31 | Noise: 0.05 | Time: 60299s
Ep 39350 | Avg Score: -131.03 | Noise: 0.05 | Time: 60375s
Ep 39400 | Avg Score: -125.88 | Noise: 0.05 | Time: 60452s
Ep 39450 | Avg Score: -126.21 | Noise: 0.05 | Time: 60529s
Ep 39500 | Avg Score: -129.12 | Noise: 0.05 | Time: 60607s
Ep 39550 | Avg Score: -130.16 | Noise: 0.05 | Time: 60685s
Ep 39600 | Avg Score: -126.94 | Noise: 0.05 | Time: 60762s
Ep 39650 | Avg Score: -122.32 | Noise: 0.05 | Time: 60840s
Ep 39700 | Avg Score: -122.14 | Noise: 0.05 | Time: 60917s
Ep 39750 | Avg Score: -124.97 | Noise: 0.05 | Time: 60995s
Ep 39800 | Avg Score: -125.21 | Noise: 0.05 | Time: 61072s
Ep 39850 | Avg Score: -129.25 | Noise: 0.05 | Time: 61149s
Ep 39900 | Avg Score: -127.96 | Noise: 0.05 | Time: 61226s
Ep 39950 | Avg Score: -127.84 | Noise: 0.05 | Time: 61304s
Ep 40000 | Avg Score: -130.33 | Noise: 0.05 | Time: 61382s
Models saved to ./runs/simple_spread_v3/dag_spread_40k/model.pt
Models saved to ./runs/simple_spread_v3/dag_spread_40k/final_model.pt
