error: XDG_RUNTIME_DIR not set in the environment.
error: XDG_RUNTIME_DIR not set in the environment.
Training using device: cuda
Creating test environment 'simple_tag_v3' to get agent information...
Original action sizes: [5, 5, 5, 5]
Original observation sizes: [16, 16, 16, 14]
Action bounds for each agent:
  ['adversary_0', 'adversary_1', 'adversary_2', 'agent_0']: [[0.0, 0.0, 0.0, 0.0], [1.0, 1.0, 1.0, 1.0]]
All agents have the same action bounds.
Using action bounds from adversary_0: [0.0, 1.0]
Applying observation padding for simple_tag_v3
Padded action sizes: [5, 5, 5, 5]
Padded observation sizes: [16, 16, 16, 16]
Environment: simple_tag_v3
Number of agents: 4
Agent names: ['adversary_0', 'adversary_1', 'adversary_2', 'agent_0']
Creating single 'simple_tag_v3' environment...
Agent Groups: [0, 0, 0, 1]
📁 Training data will be saved to: ./runs/simple_tag_v3/dag_tag_60k
Start Training: simple_tag_v3 | Mode: DAG | Agents: 4
Ep 50 | Avg Score: -243.42 | Noise: 1.00 | Time: 82s
Ep 100 | Avg Score: -146.73 | Noise: 1.00 | Time: 203s
Ep 150 | Avg Score: -24.50 | Noise: 0.99 | Time: 327s
Ep 200 | Avg Score: 2.08 | Noise: 0.99 | Time: 451s
Ep 250 | Avg Score: 14.38 | Noise: 0.99 | Time: 575s
Ep 300 | Avg Score: 14.87 | Noise: 0.99 | Time: 790s
Ep 350 | Avg Score: 6.46 | Noise: 0.99 | Time: 970s
Ep 400 | Avg Score: 3.85 | Noise: 0.99 | Time: 1099s
Ep 450 | Avg Score: 2.12 | Noise: 0.98 | Time: 1226s
Ep 500 | Avg Score: 11.58 | Noise: 0.98 | Time: 1355s
Ep 550 | Avg Score: 17.62 | Noise: 0.98 | Time: 1484s
Ep 600 | Avg Score: 16.96 | Noise: 0.98 | Time: 1613s
Ep 650 | Avg Score: 22.25 | Noise: 0.98 | Time: 1741s
Ep 700 | Avg Score: 34.50 | Noise: 0.98 | Time: 1865s
Ep 750 | Avg Score: 36.27 | Noise: 0.97 | Time: 1990s
Ep 800 | Avg Score: 33.17 | Noise: 0.97 | Time: 2114s
Ep 850 | Avg Score: 31.68 | Noise: 0.97 | Time: 2238s
Ep 900 | Avg Score: 24.48 | Noise: 0.97 | Time: 2362s
Ep 950 | Avg Score: 25.32 | Noise: 0.97 | Time: 2486s
Ep 1000 | Avg Score: 27.67 | Noise: 0.97 | Time: 2610s
Models saved to ./runs/simple_tag_v3/dag_tag_60k/model.pt
Ep 1050 | Avg Score: 29.47 | Noise: 0.96 | Time: 2733s
Ep 1100 | Avg Score: 28.34 | Noise: 0.96 | Time: 2857s
Ep 1150 | Avg Score: 18.55 | Noise: 0.96 | Time: 2982s
Ep 1200 | Avg Score: 17.86 | Noise: 0.96 | Time: 3107s
Ep 1250 | Avg Score: 19.96 | Noise: 0.96 | Time: 3232s
Ep 1300 | Avg Score: 14.55 | Noise: 0.96 | Time: 3358s
Ep 1350 | Avg Score: 17.29 | Noise: 0.95 | Time: 3483s
Ep 1400 | Avg Score: 16.00 | Noise: 0.95 | Time: 3609s
Ep 1450 | Avg Score: 15.51 | Noise: 0.95 | Time: 3736s
Ep 1500 | Avg Score: 18.37 | Noise: 0.95 | Time: 3864s
Ep 1550 | Avg Score: 13.58 | Noise: 0.95 | Time: 3991s
Ep 1600 | Avg Score: 14.46 | Noise: 0.95 | Time: 4118s
Ep 1650 | Avg Score: 14.50 | Noise: 0.94 | Time: 4244s
Ep 1700 | Avg Score: 14.17 | Noise: 0.94 | Time: 4370s
Ep 1750 | Avg Score: 15.83 | Noise: 0.94 | Time: 4497s
Ep 1800 | Avg Score: 12.46 | Noise: 0.94 | Time: 4627s
Ep 1850 | Avg Score: 9.69 | Noise: 0.94 | Time: 4754s
Ep 1900 | Avg Score: 14.12 | Noise: 0.94 | Time: 4882s
Ep 1950 | Avg Score: 15.41 | Noise: 0.94 | Time: 5010s
Ep 2000 | Avg Score: 12.65 | Noise: 0.93 | Time: 5137s
Models saved to ./runs/simple_tag_v3/dag_tag_60k/model.pt
Ep 2050 | Avg Score: 8.95 | Noise: 0.93 | Time: 5264s
Ep 2100 | Avg Score: 13.29 | Noise: 0.93 | Time: 5391s
Ep 2150 | Avg Score: 12.29 | Noise: 0.93 | Time: 5517s
Ep 2200 | Avg Score: 5.10 | Noise: 0.93 | Time: 5644s
Ep 2250 | Avg Score: 7.37 | Noise: 0.93 | Time: 5771s
Ep 2300 | Avg Score: 5.16 | Noise: 0.92 | Time: 5898s
Ep 2350 | Avg Score: 7.93 | Noise: 0.92 | Time: 6026s
Ep 2400 | Avg Score: 11.03 | Noise: 0.92 | Time: 6153s
Ep 2450 | Avg Score: 5.90 | Noise: 0.92 | Time: 6281s
Ep 2500 | Avg Score: 7.53 | Noise: 0.92 | Time: 6406s
Ep 2550 | Avg Score: 7.18 | Noise: 0.92 | Time: 6530s
Ep 2600 | Avg Score: 8.61 | Noise: 0.91 | Time: 6655s
Ep 2650 | Avg Score: 13.41 | Noise: 0.91 | Time: 6782s
Ep 2700 | Avg Score: 11.19 | Noise: 0.91 | Time: 6910s
Ep 2750 | Avg Score: 8.51 | Noise: 0.91 | Time: 7035s
Ep 2800 | Avg Score: 7.25 | Noise: 0.91 | Time: 7161s
Ep 2850 | Avg Score: 8.38 | Noise: 0.91 | Time: 7287s
Ep 2900 | Avg Score: 8.41 | Noise: 0.90 | Time: 7413s
Ep 2950 | Avg Score: 5.27 | Noise: 0.90 | Time: 7540s
Ep 3000 | Avg Score: 6.68 | Noise: 0.90 | Time: 7671s
Models saved to ./runs/simple_tag_v3/dag_tag_60k/model.pt
Ep 3050 | Avg Score: 6.60 | Noise: 0.90 | Time: 7790s
Ep 3100 | Avg Score: 5.09 | Noise: 0.90 | Time: 7909s
Ep 3150 | Avg Score: 7.33 | Noise: 0.90 | Time: 8027s
Ep 3200 | Avg Score: 9.72 | Noise: 0.89 | Time: 8147s
Ep 3250 | Avg Score: 7.82 | Noise: 0.89 | Time: 8266s
Ep 3300 | Avg Score: 6.39 | Noise: 0.89 | Time: 8386s
Ep 3350 | Avg Score: 9.48 | Noise: 0.89 | Time: 8504s
Ep 3400 | Avg Score: 4.34 | Noise: 0.89 | Time: 8623s
Ep 3450 | Avg Score: 0.93 | Noise: 0.89 | Time: 8741s
Ep 3500 | Avg Score: 6.55 | Noise: 0.88 | Time: 8860s
Ep 3550 | Avg Score: 7.22 | Noise: 0.88 | Time: 8980s
Ep 3600 | Avg Score: 4.14 | Noise: 0.88 | Time: 9098s
Ep 3650 | Avg Score: 1.52 | Noise: 0.88 | Time: 9216s
Ep 3700 | Avg Score: 0.62 | Noise: 0.88 | Time: 9336s
Ep 3750 | Avg Score: 3.59 | Noise: 0.88 | Time: 9455s
Ep 3800 | Avg Score: 3.96 | Noise: 0.87 | Time: 9573s
Ep 3850 | Avg Score: 2.04 | Noise: 0.87 | Time: 9693s
Ep 3900 | Avg Score: -0.05 | Noise: 0.87 | Time: 9812s
Ep 3950 | Avg Score: -1.70 | Noise: 0.87 | Time: 9932s
Ep 4000 | Avg Score: 0.97 | Noise: 0.87 | Time: 10051s
Models saved to ./runs/simple_tag_v3/dag_tag_60k/model.pt
Ep 4050 | Avg Score: 5.14 | Noise: 0.86 | Time: 10170s
Ep 4100 | Avg Score: 5.80 | Noise: 0.86 | Time: 10288s
Ep 4150 | Avg Score: 3.25 | Noise: 0.86 | Time: 10408s
Ep 4200 | Avg Score: 7.01 | Noise: 0.86 | Time: 10539s
Ep 4250 | Avg Score: 8.13 | Noise: 0.86 | Time: 10674s
Ep 4300 | Avg Score: 7.16 | Noise: 0.86 | Time: 10808s
Ep 4350 | Avg Score: 11.14 | Noise: 0.85 | Time: 10942s
Ep 4400 | Avg Score: 9.21 | Noise: 0.85 | Time: 11075s
Ep 4450 | Avg Score: 3.43 | Noise: 0.85 | Time: 11212s
Ep 4500 | Avg Score: 2.19 | Noise: 0.85 | Time: 11345s
Ep 4550 | Avg Score: 3.97 | Noise: 0.85 | Time: 11463s
Ep 4600 | Avg Score: 3.65 | Noise: 0.85 | Time: 11582s
Ep 4650 | Avg Score: 1.64 | Noise: 0.84 | Time: 11701s
Ep 4700 | Avg Score: 6.47 | Noise: 0.84 | Time: 11820s
Ep 4750 | Avg Score: 11.02 | Noise: 0.84 | Time: 11938s
Ep 4800 | Avg Score: 5.73 | Noise: 0.84 | Time: 12057s
Ep 4850 | Avg Score: 6.60 | Noise: 0.84 | Time: 12175s
Ep 4900 | Avg Score: 13.58 | Noise: 0.84 | Time: 12293s
Ep 4950 | Avg Score: 10.48 | Noise: 0.83 | Time: 12412s
Ep 5000 | Avg Score: 4.98 | Noise: 0.83 | Time: 12527s
Models saved to ./runs/simple_tag_v3/dag_tag_60k/model.pt
Ep 5050 | Avg Score: 3.61 | Noise: 0.83 | Time: 12646s
Ep 5100 | Avg Score: 4.29 | Noise: 0.83 | Time: 12764s
Ep 5150 | Avg Score: 3.03 | Noise: 0.83 | Time: 12885s
Ep 5200 | Avg Score: -0.54 | Noise: 0.83 | Time: 13004s
Ep 5250 | Avg Score: 0.61 | Noise: 0.82 | Time: 13123s
Ep 5300 | Avg Score: 3.05 | Noise: 0.82 | Time: 13243s
Ep 5350 | Avg Score: 4.59 | Noise: 0.82 | Time: 13363s
Ep 5400 | Avg Score: 2.84 | Noise: 0.82 | Time: 13483s
Ep 5450 | Avg Score: 5.95 | Noise: 0.82 | Time: 13604s
Ep 5500 | Avg Score: 12.60 | Noise: 0.82 | Time: 13726s
Ep 5550 | Avg Score: 6.26 | Noise: 0.81 | Time: 13847s
Ep 5600 | Avg Score: 5.18 | Noise: 0.81 | Time: 13968s
Ep 5650 | Avg Score: 9.72 | Noise: 0.81 | Time: 14087s
Ep 5700 | Avg Score: 7.51 | Noise: 0.81 | Time: 14206s
Ep 5750 | Avg Score: 5.27 | Noise: 0.81 | Time: 14324s
Ep 5800 | Avg Score: 5.61 | Noise: 0.81 | Time: 14443s
Ep 5850 | Avg Score: 11.19 | Noise: 0.80 | Time: 14561s
Ep 5900 | Avg Score: 11.94 | Noise: 0.80 | Time: 14679s
Ep 5950 | Avg Score: 11.79 | Noise: 0.80 | Time: 14797s
Ep 6000 | Avg Score: 10.73 | Noise: 0.80 | Time: 14916s
Models saved to ./runs/simple_tag_v3/dag_tag_60k/model.pt
Ep 6050 | Avg Score: 12.02 | Noise: 0.80 | Time: 15036s
Ep 6100 | Avg Score: 8.86 | Noise: 0.80 | Time: 15155s
Ep 6150 | Avg Score: 5.03 | Noise: 0.80 | Time: 15274s
Ep 6200 | Avg Score: 7.38 | Noise: 0.79 | Time: 15392s
Ep 6250 | Avg Score: 4.75 | Noise: 0.79 | Time: 15511s
Ep 6300 | Avg Score: 5.35 | Noise: 0.79 | Time: 15628s
Ep 6350 | Avg Score: 13.39 | Noise: 0.79 | Time: 15747s
Ep 6400 | Avg Score: 17.35 | Noise: 0.79 | Time: 15865s
Ep 6450 | Avg Score: 10.41 | Noise: 0.79 | Time: 15982s
Ep 6500 | Avg Score: 5.25 | Noise: 0.78 | Time: 16100s
Ep 6550 | Avg Score: 5.51 | Noise: 0.78 | Time: 16218s
Ep 6600 | Avg Score: 5.79 | Noise: 0.78 | Time: 16336s
Ep 6650 | Avg Score: 7.18 | Noise: 0.78 | Time: 16455s
Ep 6700 | Avg Score: 9.78 | Noise: 0.78 | Time: 16574s
Ep 6750 | Avg Score: 7.64 | Noise: 0.78 | Time: 16693s
Ep 6800 | Avg Score: 7.33 | Noise: 0.77 | Time: 16823s
Ep 6850 | Avg Score: 8.38 | Noise: 0.77 | Time: 17081s
Ep 6900 | Avg Score: 9.45 | Noise: 0.77 | Time: 17357s
Ep 6950 | Avg Score: 12.07 | Noise: 0.77 | Time: 17629s
Ep 7000 | Avg Score: 14.90 | Noise: 0.77 | Time: 17926s
Models saved to ./runs/simple_tag_v3/dag_tag_60k/model.pt
Ep 7050 | Avg Score: 16.20 | Noise: 0.77 | Time: 18146s
Ep 7100 | Avg Score: 11.09 | Noise: 0.76 | Time: 18277s
Ep 7150 | Avg Score: 14.37 | Noise: 0.76 | Time: 18508s
Ep 7200 | Avg Score: 22.09 | Noise: 0.76 | Time: 18790s
Ep 7250 | Avg Score: 21.28 | Noise: 0.76 | Time: 19091s
Ep 7300 | Avg Score: 14.85 | Noise: 0.76 | Time: 19386s
Ep 7350 | Avg Score: 11.88 | Noise: 0.76 | Time: 19682s
Ep 7400 | Avg Score: 13.70 | Noise: 0.75 | Time: 19972s
Ep 7450 | Avg Score: 10.64 | Noise: 0.75 | Time: 20256s
Ep 7500 | Avg Score: 11.29 | Noise: 0.75 | Time: 20541s
Ep 7550 | Avg Score: 16.35 | Noise: 0.75 | Time: 20831s
Ep 7600 | Avg Score: 23.60 | Noise: 0.75 | Time: 21119s
Ep 7650 | Avg Score: 23.76 | Noise: 0.74 | Time: 21415s
Ep 7700 | Avg Score: 14.41 | Noise: 0.74 | Time: 21653s
Ep 7750 | Avg Score: 8.77 | Noise: 0.74 | Time: 21773s
Ep 7800 | Avg Score: 12.99 | Noise: 0.74 | Time: 21891s
Ep 7850 | Avg Score: 15.60 | Noise: 0.74 | Time: 22008s
Ep 7900 | Avg Score: 17.45 | Noise: 0.74 | Time: 22127s
Ep 7950 | Avg Score: 19.74 | Noise: 0.73 | Time: 22244s
Ep 8000 | Avg Score: 21.79 | Noise: 0.73 | Time: 22362s
Models saved to ./runs/simple_tag_v3/dag_tag_60k/model.pt
Ep 8050 | Avg Score: 29.45 | Noise: 0.73 | Time: 22480s
Ep 8100 | Avg Score: 32.05 | Noise: 0.73 | Time: 22598s
Ep 8150 | Avg Score: 25.87 | Noise: 0.73 | Time: 22715s
Ep 8200 | Avg Score: 27.22 | Noise: 0.73 | Time: 22833s
Ep 8250 | Avg Score: 36.51 | Noise: 0.72 | Time: 22951s
Ep 8300 | Avg Score: 28.93 | Noise: 0.72 | Time: 23072s
Ep 8350 | Avg Score: 26.18 | Noise: 0.72 | Time: 23190s
Ep 8400 | Avg Score: 29.26 | Noise: 0.72 | Time: 23309s
Ep 8450 | Avg Score: 25.70 | Noise: 0.72 | Time: 23427s
Ep 8500 | Avg Score: 20.15 | Noise: 0.72 | Time: 23546s
Ep 8550 | Avg Score: 16.82 | Noise: 0.72 | Time: 23665s
Ep 8600 | Avg Score: 23.08 | Noise: 0.71 | Time: 23785s
Ep 8650 | Avg Score: 29.64 | Noise: 0.71 | Time: 23903s
Ep 8700 | Avg Score: 26.81 | Noise: 0.71 | Time: 24022s
Ep 8750 | Avg Score: 27.30 | Noise: 0.71 | Time: 24141s
Ep 8800 | Avg Score: 30.31 | Noise: 0.71 | Time: 24259s
Ep 8850 | Avg Score: 30.22 | Noise: 0.71 | Time: 24377s
Ep 8900 | Avg Score: 29.35 | Noise: 0.70 | Time: 24495s
Ep 8950 | Avg Score: 28.88 | Noise: 0.70 | Time: 24612s
Ep 9000 | Avg Score: 34.32 | Noise: 0.70 | Time: 24729s
Models saved to ./runs/simple_tag_v3/dag_tag_60k/model.pt
Ep 9050 | Avg Score: 31.87 | Noise: 0.70 | Time: 24847s
Ep 9100 | Avg Score: 26.61 | Noise: 0.70 | Time: 24964s
Ep 9150 | Avg Score: 26.82 | Noise: 0.70 | Time: 25082s
Ep 9200 | Avg Score: 24.68 | Noise: 0.69 | Time: 25200s
Ep 9250 | Avg Score: 22.27 | Noise: 0.69 | Time: 25319s
Ep 9300 | Avg Score: 23.94 | Noise: 0.69 | Time: 25437s
Ep 9350 | Avg Score: 27.82 | Noise: 0.69 | Time: 25555s
Ep 9400 | Avg Score: 30.37 | Noise: 0.69 | Time: 25674s
Ep 9450 | Avg Score: 32.05 | Noise: 0.69 | Time: 25792s
Ep 9500 | Avg Score: 31.40 | Noise: 0.68 | Time: 25910s
Ep 9550 | Avg Score: 30.88 | Noise: 0.68 | Time: 26030s
Ep 9600 | Avg Score: 35.85 | Noise: 0.68 | Time: 26149s
Ep 9650 | Avg Score: 35.51 | Noise: 0.68 | Time: 26267s
Ep 9700 | Avg Score: 28.49 | Noise: 0.68 | Time: 26386s
Ep 9750 | Avg Score: 20.98 | Noise: 0.68 | Time: 26504s
Ep 9800 | Avg Score: 23.39 | Noise: 0.67 | Time: 26621s
Ep 9850 | Avg Score: 29.56 | Noise: 0.67 | Time: 26741s
Ep 9900 | Avg Score: 31.30 | Noise: 0.67 | Time: 26859s
Ep 9950 | Avg Score: 26.87 | Noise: 0.67 | Time: 26978s
Ep 10000 | Avg Score: 31.44 | Noise: 0.67 | Time: 27097s
Models saved to ./runs/simple_tag_v3/dag_tag_60k/model.pt
Ep 10050 | Avg Score: 34.62 | Noise: 0.67 | Time: 27217s
Ep 10100 | Avg Score: 30.02 | Noise: 0.66 | Time: 27336s
Ep 10150 | Avg Score: 34.56 | Noise: 0.66 | Time: 27456s
Ep 10200 | Avg Score: 35.62 | Noise: 0.66 | Time: 27575s
Ep 10250 | Avg Score: 34.58 | Noise: 0.66 | Time: 27694s
Ep 10300 | Avg Score: 28.45 | Noise: 0.66 | Time: 27814s
Ep 10350 | Avg Score: 24.87 | Noise: 0.66 | Time: 27934s
Ep 10400 | Avg Score: 28.19 | Noise: 0.65 | Time: 28053s
Ep 10450 | Avg Score: 27.23 | Noise: 0.65 | Time: 28172s
Ep 10500 | Avg Score: 23.72 | Noise: 0.65 | Time: 28290s
Ep 10550 | Avg Score: 26.71 | Noise: 0.65 | Time: 28406s
Ep 10600 | Avg Score: 30.76 | Noise: 0.65 | Time: 28524s
Ep 10650 | Avg Score: 32.44 | Noise: 0.65 | Time: 28643s
Ep 10700 | Avg Score: 30.11 | Noise: 0.64 | Time: 28760s
Ep 10750 | Avg Score: 28.27 | Noise: 0.64 | Time: 28879s
Ep 10800 | Avg Score: 26.88 | Noise: 0.64 | Time: 28997s
Ep 10850 | Avg Score: 24.89 | Noise: 0.64 | Time: 29115s
Ep 10900 | Avg Score: 22.46 | Noise: 0.64 | Time: 29234s
Ep 10950 | Avg Score: 19.92 | Noise: 0.64 | Time: 29352s
Ep 11000 | Avg Score: 26.90 | Noise: 0.63 | Time: 29470s
Models saved to ./runs/simple_tag_v3/dag_tag_60k/model.pt
Ep 11050 | Avg Score: 39.65 | Noise: 0.63 | Time: 29588s
Ep 11100 | Avg Score: 48.07 | Noise: 0.63 | Time: 29707s
Ep 11150 | Avg Score: 38.84 | Noise: 0.63 | Time: 29826s
Ep 11200 | Avg Score: 33.36 | Noise: 0.63 | Time: 29944s
Ep 11250 | Avg Score: 35.29 | Noise: 0.62 | Time: 30064s
Ep 11300 | Avg Score: 36.75 | Noise: 0.62 | Time: 30183s
Ep 11350 | Avg Score: 44.93 | Noise: 0.62 | Time: 30296s
Ep 11400 | Avg Score: 36.61 | Noise: 0.62 | Time: 30405s
Ep 11450 | Avg Score: 33.38 | Noise: 0.62 | Time: 30523s
Ep 11500 | Avg Score: 35.55 | Noise: 0.62 | Time: 30642s
Ep 11550 | Avg Score: 27.97 | Noise: 0.61 | Time: 30761s
Ep 11600 | Avg Score: 30.79 | Noise: 0.61 | Time: 30881s
Ep 11650 | Avg Score: 40.65 | Noise: 0.61 | Time: 31002s
Ep 11700 | Avg Score: 40.38 | Noise: 0.61 | Time: 31122s
Ep 11750 | Avg Score: 43.46 | Noise: 0.61 | Time: 31242s
Ep 11800 | Avg Score: 51.90 | Noise: 0.61 | Time: 31360s
Ep 11850 | Avg Score: 47.01 | Noise: 0.60 | Time: 31477s
Ep 11900 | Avg Score: 44.11 | Noise: 0.60 | Time: 31588s
Ep 11950 | Avg Score: 42.92 | Noise: 0.60 | Time: 31706s
Ep 12000 | Avg Score: 38.37 | Noise: 0.60 | Time: 31824s
Models saved to ./runs/simple_tag_v3/dag_tag_60k/model.pt
Ep 12050 | Avg Score: 42.38 | Noise: 0.60 | Time: 31943s
Ep 12100 | Avg Score: 44.31 | Noise: 0.60 | Time: 32061s
Ep 12150 | Avg Score: 46.22 | Noise: 0.59 | Time: 32180s
Ep 12200 | Avg Score: 49.43 | Noise: 0.59 | Time: 32298s
Ep 12250 | Avg Score: 44.73 | Noise: 0.59 | Time: 32416s
Ep 12300 | Avg Score: 42.37 | Noise: 0.59 | Time: 32536s
Ep 12350 | Avg Score: 35.49 | Noise: 0.59 | Time: 32655s
Ep 12400 | Avg Score: 30.51 | Noise: 0.59 | Time: 32773s
Ep 12450 | Avg Score: 37.63 | Noise: 0.58 | Time: 32892s
Ep 12500 | Avg Score: 41.89 | Noise: 0.58 | Time: 33011s
Ep 12550 | Avg Score: 50.69 | Noise: 0.58 | Time: 33129s
Ep 12600 | Avg Score: 52.36 | Noise: 0.58 | Time: 33247s
Ep 12650 | Avg Score: 50.84 | Noise: 0.58 | Time: 33367s
Ep 12700 | Avg Score: 43.11 | Noise: 0.58 | Time: 33487s
Ep 12750 | Avg Score: 40.46 | Noise: 0.57 | Time: 33607s
Ep 12800 | Avg Score: 49.88 | Noise: 0.57 | Time: 33725s
Ep 12850 | Avg Score: 50.70 | Noise: 0.57 | Time: 33843s
Ep 12900 | Avg Score: 58.09 | Noise: 0.57 | Time: 33960s
Ep 12950 | Avg Score: 61.57 | Noise: 0.57 | Time: 34079s
Ep 13000 | Avg Score: 55.12 | Noise: 0.57 | Time: 34197s
Models saved to ./runs/simple_tag_v3/dag_tag_60k/model.pt
Ep 13050 | Avg Score: 50.39 | Noise: 0.56 | Time: 34316s
Ep 13100 | Avg Score: 54.43 | Noise: 0.56 | Time: 34434s
Ep 13150 | Avg Score: 56.34 | Noise: 0.56 | Time: 34553s
Ep 13200 | Avg Score: 55.48 | Noise: 0.56 | Time: 34671s
Ep 13250 | Avg Score: 49.95 | Noise: 0.56 | Time: 34789s
Ep 13300 | Avg Score: 41.86 | Noise: 0.56 | Time: 34907s
Ep 13350 | Avg Score: 40.71 | Noise: 0.55 | Time: 35026s
Ep 13400 | Avg Score: 41.16 | Noise: 0.55 | Time: 35144s
Ep 13450 | Avg Score: 49.45 | Noise: 0.55 | Time: 35261s
Ep 13500 | Avg Score: 49.48 | Noise: 0.55 | Time: 35378s
Ep 13550 | Avg Score: 42.37 | Noise: 0.55 | Time: 35495s
Ep 13600 | Avg Score: 51.46 | Noise: 0.55 | Time: 35614s
Ep 13650 | Avg Score: 49.35 | Noise: 0.54 | Time: 35732s
Ep 13700 | Avg Score: 46.67 | Noise: 0.54 | Time: 35851s
Ep 13750 | Avg Score: 58.90 | Noise: 0.54 | Time: 35970s
Ep 13800 | Avg Score: 57.97 | Noise: 0.54 | Time: 36089s
Ep 13850 | Avg Score: 54.99 | Noise: 0.54 | Time: 36209s
Ep 13900 | Avg Score: 54.75 | Noise: 0.54 | Time: 36328s
Ep 13950 | Avg Score: 52.52 | Noise: 0.53 | Time: 36448s
Ep 14000 | Avg Score: 56.49 | Noise: 0.53 | Time: 36567s
Models saved to ./runs/simple_tag_v3/dag_tag_60k/model.pt
Ep 14050 | Avg Score: 49.83 | Noise: 0.53 | Time: 36688s
Ep 14100 | Avg Score: 46.03 | Noise: 0.53 | Time: 36809s
Ep 14150 | Avg Score: 47.06 | Noise: 0.53 | Time: 36929s
Ep 14200 | Avg Score: 41.52 | Noise: 0.53 | Time: 37048s
Ep 14250 | Avg Score: 43.34 | Noise: 0.53 | Time: 37166s
Ep 14300 | Avg Score: 43.93 | Noise: 0.52 | Time: 37284s
Ep 14350 | Avg Score: 36.32 | Noise: 0.52 | Time: 37403s
Ep 14400 | Avg Score: 33.03 | Noise: 0.52 | Time: 37531s
Ep 14450 | Avg Score: 34.58 | Noise: 0.52 | Time: 37654s
Ep 14500 | Avg Score: 40.11 | Noise: 0.52 | Time: 37778s
Ep 14550 | Avg Score: 44.65 | Noise: 0.52 | Time: 37902s
Ep 14600 | Avg Score: 40.89 | Noise: 0.51 | Time: 38027s
Ep 14650 | Avg Score: 35.12 | Noise: 0.51 | Time: 38153s
Ep 14700 | Avg Score: 31.96 | Noise: 0.51 | Time: 38277s
Ep 14750 | Avg Score: 37.96 | Noise: 0.51 | Time: 38401s
Ep 14800 | Avg Score: 36.57 | Noise: 0.51 | Time: 38525s
Ep 14850 | Avg Score: 37.06 | Noise: 0.51 | Time: 38649s
Ep 14900 | Avg Score: 40.10 | Noise: 0.50 | Time: 38772s
Ep 14950 | Avg Score: 35.89 | Noise: 0.50 | Time: 38897s
Ep 15000 | Avg Score: 39.38 | Noise: 0.50 | Time: 39020s
Models saved to ./runs/simple_tag_v3/dag_tag_60k/model.pt
Ep 15050 | Avg Score: 35.88 | Noise: 0.50 | Time: 39144s
Ep 15100 | Avg Score: 32.61 | Noise: 0.50 | Time: 39268s
Ep 15150 | Avg Score: 28.67 | Noise: 0.49 | Time: 39393s
Ep 15200 | Avg Score: 32.14 | Noise: 0.49 | Time: 39517s
Ep 15250 | Avg Score: 38.15 | Noise: 0.49 | Time: 39636s
Ep 15300 | Avg Score: 36.71 | Noise: 0.49 | Time: 39752s
Ep 15350 | Avg Score: 41.87 | Noise: 0.49 | Time: 39875s
Ep 15400 | Avg Score: 47.71 | Noise: 0.49 | Time: 39999s
Ep 15450 | Avg Score: 52.96 | Noise: 0.48 | Time: 40124s
Ep 15500 | Avg Score: 52.30 | Noise: 0.48 | Time: 40249s
Ep 15550 | Avg Score: 38.84 | Noise: 0.48 | Time: 40374s
Ep 15600 | Avg Score: 38.75 | Noise: 0.48 | Time: 40500s
Ep 15650 | Avg Score: 52.74 | Noise: 0.48 | Time: 40625s
Ep 15700 | Avg Score: 47.70 | Noise: 0.48 | Time: 40748s
Ep 15750 | Avg Score: 45.12 | Noise: 0.47 | Time: 40873s
Ep 15800 | Avg Score: 34.55 | Noise: 0.47 | Time: 40997s
Ep 15850 | Avg Score: 26.27 | Noise: 0.47 | Time: 41122s
Ep 15900 | Avg Score: 39.15 | Noise: 0.47 | Time: 41246s
Ep 15950 | Avg Score: 51.57 | Noise: 0.47 | Time: 41371s
Ep 16000 | Avg Score: 52.74 | Noise: 0.47 | Time: 41495s
Models saved to ./runs/simple_tag_v3/dag_tag_60k/model.pt
Ep 16050 | Avg Score: 46.92 | Noise: 0.46 | Time: 41618s
Ep 16100 | Avg Score: 45.94 | Noise: 0.46 | Time: 41742s
Ep 16150 | Avg Score: 43.02 | Noise: 0.46 | Time: 41866s
Ep 16200 | Avg Score: 43.48 | Noise: 0.46 | Time: 41990s
Ep 16250 | Avg Score: 41.61 | Noise: 0.46 | Time: 42114s
Ep 16300 | Avg Score: 36.06 | Noise: 0.46 | Time: 42239s
Ep 16350 | Avg Score: 35.34 | Noise: 0.45 | Time: 42363s
Ep 16400 | Avg Score: 37.66 | Noise: 0.45 | Time: 42489s
Ep 16450 | Avg Score: 38.11 | Noise: 0.45 | Time: 42612s
Ep 16500 | Avg Score: 51.40 | Noise: 0.45 | Time: 42737s
Ep 16550 | Avg Score: 52.40 | Noise: 0.45 | Time: 42861s
Ep 16600 | Avg Score: 54.74 | Noise: 0.45 | Time: 42986s
Ep 16650 | Avg Score: 68.79 | Noise: 0.44 | Time: 43111s
Ep 16700 | Avg Score: 65.43 | Noise: 0.44 | Time: 43235s
Ep 16750 | Avg Score: 61.29 | Noise: 0.44 | Time: 43359s
Ep 16800 | Avg Score: 46.17 | Noise: 0.44 | Time: 43483s
Ep 16850 | Avg Score: 38.62 | Noise: 0.44 | Time: 43607s
Ep 16900 | Avg Score: 53.04 | Noise: 0.44 | Time: 43732s
Ep 16950 | Avg Score: 49.81 | Noise: 0.44 | Time: 43856s
Ep 17000 | Avg Score: 44.76 | Noise: 0.43 | Time: 43980s
Models saved to ./runs/simple_tag_v3/dag_tag_60k/model.pt
Ep 17050 | Avg Score: 44.62 | Noise: 0.43 | Time: 44105s
Ep 17100 | Avg Score: 47.82 | Noise: 0.43 | Time: 44229s
Ep 17150 | Avg Score: 55.99 | Noise: 0.43 | Time: 44353s
Ep 17200 | Avg Score: 59.04 | Noise: 0.43 | Time: 44478s
Ep 17250 | Avg Score: 54.64 | Noise: 0.43 | Time: 44602s
Ep 17300 | Avg Score: 48.39 | Noise: 0.42 | Time: 44726s
Ep 17350 | Avg Score: 50.93 | Noise: 0.42 | Time: 44851s
Ep 17400 | Avg Score: 49.54 | Noise: 0.42 | Time: 44975s
Ep 17450 | Avg Score: 43.03 | Noise: 0.42 | Time: 45100s
Ep 17500 | Avg Score: 50.42 | Noise: 0.42 | Time: 45225s
Ep 17550 | Avg Score: 54.81 | Noise: 0.42 | Time: 45349s
Ep 17600 | Avg Score: 53.57 | Noise: 0.41 | Time: 45475s
Ep 17650 | Avg Score: 64.13 | Noise: 0.41 | Time: 45599s
Ep 17700 | Avg Score: 59.52 | Noise: 0.41 | Time: 45724s
Ep 17750 | Avg Score: 49.91 | Noise: 0.41 | Time: 45848s
Ep 17800 | Avg Score: 47.10 | Noise: 0.41 | Time: 45974s
Ep 17850 | Avg Score: 54.36 | Noise: 0.41 | Time: 46102s
Ep 17900 | Avg Score: 57.90 | Noise: 0.40 | Time: 46229s
Ep 17950 | Avg Score: 51.25 | Noise: 0.40 | Time: 46356s
Ep 18000 | Avg Score: 48.77 | Noise: 0.40 | Time: 46483s
Models saved to ./runs/simple_tag_v3/dag_tag_60k/model.pt
Ep 18050 | Avg Score: 44.43 | Noise: 0.40 | Time: 46609s
Ep 18100 | Avg Score: 49.48 | Noise: 0.40 | Time: 46736s
Ep 18150 | Avg Score: 56.49 | Noise: 0.40 | Time: 46861s
Ep 18200 | Avg Score: 52.46 | Noise: 0.39 | Time: 46988s
Ep 18250 | Avg Score: 51.41 | Noise: 0.39 | Time: 47114s
Ep 18300 | Avg Score: 41.24 | Noise: 0.39 | Time: 47242s
Ep 18350 | Avg Score: 47.20 | Noise: 0.39 | Time: 47367s
Ep 18400 | Avg Score: 61.80 | Noise: 0.39 | Time: 47494s
Ep 18450 | Avg Score: 57.07 | Noise: 0.39 | Time: 47618s
Ep 18500 | Avg Score: 40.55 | Noise: 0.38 | Time: 47745s
Ep 18550 | Avg Score: 44.52 | Noise: 0.38 | Time: 47872s
Ep 18600 | Avg Score: 57.92 | Noise: 0.38 | Time: 47998s
Ep 18650 | Avg Score: 60.29 | Noise: 0.38 | Time: 48124s
Ep 18700 | Avg Score: 59.87 | Noise: 0.38 | Time: 48250s
Ep 18750 | Avg Score: 46.58 | Noise: 0.38 | Time: 48376s
Ep 18800 | Avg Score: 46.32 | Noise: 0.37 | Time: 48502s
Ep 18850 | Avg Score: 60.47 | Noise: 0.37 | Time: 48629s
Ep 18900 | Avg Score: 67.55 | Noise: 0.37 | Time: 48754s
Ep 18950 | Avg Score: 65.70 | Noise: 0.37 | Time: 48880s
Ep 19000 | Avg Score: 53.75 | Noise: 0.37 | Time: 49005s
Models saved to ./runs/simple_tag_v3/dag_tag_60k/model.pt
Ep 19050 | Avg Score: 57.78 | Noise: 0.36 | Time: 49130s
Ep 19100 | Avg Score: 69.42 | Noise: 0.36 | Time: 49257s
Ep 19150 | Avg Score: 66.79 | Noise: 0.36 | Time: 49382s
Ep 19200 | Avg Score: 66.14 | Noise: 0.36 | Time: 49507s
Ep 19250 | Avg Score: 59.92 | Noise: 0.36 | Time: 49630s
Ep 19300 | Avg Score: 55.81 | Noise: 0.36 | Time: 49756s
Ep 19350 | Avg Score: 63.44 | Noise: 0.35 | Time: 49882s
Ep 19400 | Avg Score: 64.63 | Noise: 0.35 | Time: 50009s
Ep 19450 | Avg Score: 53.23 | Noise: 0.35 | Time: 50135s
Ep 19500 | Avg Score: 65.82 | Noise: 0.35 | Time: 50260s
Ep 19550 | Avg Score: 74.08 | Noise: 0.35 | Time: 50385s
Ep 19600 | Avg Score: 67.45 | Noise: 0.35 | Time: 50509s
Ep 19650 | Avg Score: 70.75 | Noise: 0.34 | Time: 50633s
Ep 19700 | Avg Score: 67.18 | Noise: 0.34 | Time: 50759s
Ep 19750 | Avg Score: 57.71 | Noise: 0.34 | Time: 50887s
Ep 19800 | Avg Score: 51.23 | Noise: 0.34 | Time: 51012s
Ep 19850 | Avg Score: 53.21 | Noise: 0.34 | Time: 51138s
Ep 19900 | Avg Score: 58.38 | Noise: 0.34 | Time: 51258s
Ep 19950 | Avg Score: 57.79 | Noise: 0.33 | Time: 51382s
Ep 20000 | Avg Score: 54.72 | Noise: 0.33 | Time: 51506s
Models saved to ./runs/simple_tag_v3/dag_tag_60k/model.pt
Ep 20050 | Avg Score: 55.45 | Noise: 0.33 | Time: 51631s
Ep 20100 | Avg Score: 64.27 | Noise: 0.33 | Time: 51755s
Ep 20150 | Avg Score: 59.36 | Noise: 0.33 | Time: 51882s
Ep 20200 | Avg Score: 46.13 | Noise: 0.33 | Time: 52008s
Ep 20250 | Avg Score: 52.59 | Noise: 0.32 | Time: 52134s
Ep 20300 | Avg Score: 55.04 | Noise: 0.32 | Time: 52260s
Ep 20350 | Avg Score: 49.61 | Noise: 0.32 | Time: 52386s
Ep 20400 | Avg Score: 55.13 | Noise: 0.32 | Time: 52512s
Ep 20450 | Avg Score: 57.91 | Noise: 0.32 | Time: 52638s
Ep 20500 | Avg Score: 55.80 | Noise: 0.32 | Time: 52765s
Ep 20550 | Avg Score: 55.29 | Noise: 0.31 | Time: 52890s
Ep 20600 | Avg Score: 57.15 | Noise: 0.31 | Time: 53016s
Ep 20650 | Avg Score: 54.40 | Noise: 0.31 | Time: 53141s
Ep 20700 | Avg Score: 49.69 | Noise: 0.31 | Time: 53267s
Ep 20750 | Avg Score: 50.94 | Noise: 0.31 | Time: 53383s
Ep 20800 | Avg Score: 50.02 | Noise: 0.31 | Time: 53510s
Ep 20850 | Avg Score: 42.07 | Noise: 0.31 | Time: 53637s
Ep 20900 | Avg Score: 41.04 | Noise: 0.30 | Time: 53764s
Ep 20950 | Avg Score: 52.39 | Noise: 0.30 | Time: 53891s
Ep 21000 | Avg Score: 47.54 | Noise: 0.30 | Time: 54017s
Models saved to ./runs/simple_tag_v3/dag_tag_60k/model.pt
Ep 21050 | Avg Score: 45.30 | Noise: 0.30 | Time: 54142s
Ep 21100 | Avg Score: 40.60 | Noise: 0.30 | Time: 54267s
Ep 21150 | Avg Score: 37.15 | Noise: 0.30 | Time: 54392s
Ep 21200 | Avg Score: 47.06 | Noise: 0.29 | Time: 54518s
Ep 21250 | Avg Score: 56.81 | Noise: 0.29 | Time: 54643s
Ep 21300 | Avg Score: 56.58 | Noise: 0.29 | Time: 54769s
Ep 21350 | Avg Score: 51.85 | Noise: 0.29 | Time: 54894s
Ep 21400 | Avg Score: 62.25 | Noise: 0.29 | Time: 55020s
Ep 21450 | Avg Score: 55.10 | Noise: 0.29 | Time: 55144s
Ep 21500 | Avg Score: 45.47 | Noise: 0.28 | Time: 55269s
Ep 21550 | Avg Score: 42.90 | Noise: 0.28 | Time: 55394s
Ep 21600 | Avg Score: 45.14 | Noise: 0.28 | Time: 55518s
Ep 21650 | Avg Score: 52.74 | Noise: 0.28 | Time: 55643s
Ep 21700 | Avg Score: 65.10 | Noise: 0.28 | Time: 55768s
Ep 21750 | Avg Score: 84.70 | Noise: 0.28 | Time: 55894s
Ep 21800 | Avg Score: 77.87 | Noise: 0.27 | Time: 56019s
Ep 21850 | Avg Score: 67.26 | Noise: 0.27 | Time: 56145s
Ep 21900 | Avg Score: 62.16 | Noise: 0.27 | Time: 56272s
Ep 21950 | Avg Score: 54.34 | Noise: 0.27 | Time: 56399s
Ep 22000 | Avg Score: 55.22 | Noise: 0.27 | Time: 56525s
Models saved to ./runs/simple_tag_v3/dag_tag_60k/model.pt
Ep 22050 | Avg Score: 59.78 | Noise: 0.27 | Time: 56649s
Ep 22100 | Avg Score: 65.85 | Noise: 0.26 | Time: 56774s
Ep 22150 | Avg Score: 56.38 | Noise: 0.26 | Time: 56898s
Ep 22200 | Avg Score: 50.55 | Noise: 0.26 | Time: 57019s
Ep 22250 | Avg Score: 38.31 | Noise: 0.26 | Time: 57143s
Ep 22300 | Avg Score: 24.06 | Noise: 0.26 | Time: 57269s
Ep 22350 | Avg Score: 29.01 | Noise: 0.26 | Time: 57394s
Ep 22400 | Avg Score: 41.94 | Noise: 0.25 | Time: 57519s
Ep 22450 | Avg Score: 57.30 | Noise: 0.25 | Time: 57645s
Ep 22500 | Avg Score: 41.44 | Noise: 0.25 | Time: 57769s
Ep 22550 | Avg Score: 34.60 | Noise: 0.25 | Time: 57895s
Ep 22600 | Avg Score: 51.90 | Noise: 0.25 | Time: 58019s
Ep 22650 | Avg Score: 61.90 | Noise: 0.24 | Time: 58144s
Ep 22700 | Avg Score: 57.62 | Noise: 0.24 | Time: 58270s
Ep 22750 | Avg Score: 45.38 | Noise: 0.24 | Time: 58395s
Ep 22800 | Avg Score: 45.24 | Noise: 0.24 | Time: 58520s
Ep 22850 | Avg Score: 43.09 | Noise: 0.24 | Time: 58645s
Ep 22900 | Avg Score: 37.66 | Noise: 0.24 | Time: 58771s
Ep 22950 | Avg Score: 29.42 | Noise: 0.23 | Time: 58897s
Ep 23000 | Avg Score: 32.75 | Noise: 0.23 | Time: 59022s
Models saved to ./runs/simple_tag_v3/dag_tag_60k/model.pt
Ep 23050 | Avg Score: 50.88 | Noise: 0.23 | Time: 59146s
Ep 23100 | Avg Score: 54.89 | Noise: 0.23 | Time: 59272s
Ep 23150 | Avg Score: 58.80 | Noise: 0.23 | Time: 59397s
Ep 23200 | Avg Score: 55.19 | Noise: 0.23 | Time: 59524s
Ep 23250 | Avg Score: 46.17 | Noise: 0.22 | Time: 59650s
Ep 23300 | Avg Score: 43.94 | Noise: 0.22 | Time: 59775s
Ep 23350 | Avg Score: 35.24 | Noise: 0.22 | Time: 59900s
Ep 23400 | Avg Score: 39.69 | Noise: 0.22 | Time: 60027s
Ep 23450 | Avg Score: 55.30 | Noise: 0.22 | Time: 60152s
Ep 23500 | Avg Score: 53.59 | Noise: 0.22 | Time: 60278s
Ep 23550 | Avg Score: 52.28 | Noise: 0.21 | Time: 60403s
Ep 23600 | Avg Score: 59.45 | Noise: 0.21 | Time: 60528s
Ep 23650 | Avg Score: 52.29 | Noise: 0.21 | Time: 60652s
Ep 23700 | Avg Score: 50.01 | Noise: 0.21 | Time: 60777s
Ep 23750 | Avg Score: 54.78 | Noise: 0.21 | Time: 60901s
Ep 23800 | Avg Score: 50.01 | Noise: 0.21 | Time: 61026s
Ep 23850 | Avg Score: 45.16 | Noise: 0.20 | Time: 61149s
Ep 23900 | Avg Score: 53.55 | Noise: 0.20 | Time: 61273s
Ep 23950 | Avg Score: 57.62 | Noise: 0.20 | Time: 61398s
Ep 24000 | Avg Score: 51.57 | Noise: 0.20 | Time: 61521s
Models saved to ./runs/simple_tag_v3/dag_tag_60k/model.pt
Ep 24050 | Avg Score: 46.84 | Noise: 0.20 | Time: 61645s
Ep 24100 | Avg Score: 46.57 | Noise: 0.20 | Time: 61768s
Ep 24150 | Avg Score: 45.25 | Noise: 0.19 | Time: 61894s
Ep 24200 | Avg Score: 46.14 | Noise: 0.19 | Time: 62018s
Ep 24250 | Avg Score: 52.76 | Noise: 0.19 | Time: 62142s
Ep 24300 | Avg Score: 38.62 | Noise: 0.19 | Time: 62266s
Ep 24350 | Avg Score: 29.14 | Noise: 0.19 | Time: 62390s
Ep 24400 | Avg Score: 47.91 | Noise: 0.19 | Time: 62515s
Ep 24450 | Avg Score: 53.08 | Noise: 0.19 | Time: 62637s
Ep 24500 | Avg Score: 44.55 | Noise: 0.18 | Time: 62753s
Ep 24550 | Avg Score: 50.59 | Noise: 0.18 | Time: 62869s
Ep 24600 | Avg Score: 44.33 | Noise: 0.18 | Time: 62985s
Ep 24650 | Avg Score: 41.20 | Noise: 0.18 | Time: 63100s
Ep 24700 | Avg Score: 51.38 | Noise: 0.18 | Time: 63216s
Ep 24750 | Avg Score: 47.36 | Noise: 0.18 | Time: 63332s
Ep 24800 | Avg Score: 39.64 | Noise: 0.17 | Time: 63449s
Ep 24850 | Avg Score: 45.25 | Noise: 0.17 | Time: 63573s
Ep 24900 | Avg Score: 41.52 | Noise: 0.17 | Time: 63698s
Ep 24950 | Avg Score: 33.23 | Noise: 0.17 | Time: 63823s
Ep 25000 | Avg Score: 38.33 | Noise: 0.17 | Time: 63948s
Models saved to ./runs/simple_tag_v3/dag_tag_60k/model.pt
Ep 25050 | Avg Score: 45.81 | Noise: 0.17 | Time: 64072s
Ep 25100 | Avg Score: 50.95 | Noise: 0.16 | Time: 64196s
Ep 25150 | Avg Score: 43.46 | Noise: 0.16 | Time: 64322s
Ep 25200 | Avg Score: 45.53 | Noise: 0.16 | Time: 64447s
Ep 25250 | Avg Score: 36.82 | Noise: 0.16 | Time: 64571s
Ep 25300 | Avg Score: 25.31 | Noise: 0.16 | Time: 64695s
Ep 25350 | Avg Score: 32.99 | Noise: 0.16 | Time: 64819s
Ep 25400 | Avg Score: 12.95 | Noise: 0.15 | Time: 64943s
Ep 25450 | Avg Score: -0.58 | Noise: 0.15 | Time: 65067s
Ep 25500 | Avg Score: 27.60 | Noise: 0.15 | Time: 65191s
Ep 25550 | Avg Score: 45.64 | Noise: 0.15 | Time: 65315s
Ep 25600 | Avg Score: 34.79 | Noise: 0.15 | Time: 65439s
Ep 25650 | Avg Score: 39.48 | Noise: 0.15 | Time: 65564s
Ep 25700 | Avg Score: 44.83 | Noise: 0.14 | Time: 65690s
Ep 25750 | Avg Score: 37.97 | Noise: 0.14 | Time: 65814s
Ep 25800 | Avg Score: 38.95 | Noise: 0.14 | Time: 65939s
Ep 25850 | Avg Score: 35.46 | Noise: 0.14 | Time: 66063s
Ep 25900 | Avg Score: 47.08 | Noise: 0.14 | Time: 66187s
Ep 25950 | Avg Score: 47.40 | Noise: 0.14 | Time: 66311s
Ep 26000 | Avg Score: 29.03 | Noise: 0.13 | Time: 66434s
Models saved to ./runs/simple_tag_v3/dag_tag_60k/model.pt
Ep 26050 | Avg Score: 26.03 | Noise: 0.13 | Time: 66558s
Ep 26100 | Avg Score: 36.78 | Noise: 0.13 | Time: 66682s
Ep 26150 | Avg Score: 44.90 | Noise: 0.13 | Time: 66805s
Ep 26200 | Avg Score: 44.35 | Noise: 0.13 | Time: 66928s
Ep 26250 | Avg Score: 38.67 | Noise: 0.12 | Time: 67053s
Ep 26300 | Avg Score: 27.01 | Noise: 0.12 | Time: 67178s
Ep 26350 | Avg Score: 25.92 | Noise: 0.12 | Time: 67301s
Ep 26400 | Avg Score: 26.53 | Noise: 0.12 | Time: 67427s
Ep 26450 | Avg Score: 35.91 | Noise: 0.12 | Time: 67546s
Ep 26500 | Avg Score: 47.19 | Noise: 0.12 | Time: 67668s
Ep 26550 | Avg Score: 48.32 | Noise: 0.11 | Time: 67793s
Ep 26600 | Avg Score: 41.18 | Noise: 0.11 | Time: 67917s
Ep 26650 | Avg Score: 42.94 | Noise: 0.11 | Time: 68043s
Ep 26700 | Avg Score: 47.24 | Noise: 0.11 | Time: 68168s
Ep 26750 | Avg Score: 41.25 | Noise: 0.11 | Time: 68295s
Ep 26800 | Avg Score: 63.49 | Noise: 0.11 | Time: 68421s
Ep 26850 | Avg Score: 71.92 | Noise: 0.10 | Time: 68547s
Ep 26900 | Avg Score: 50.46 | Noise: 0.10 | Time: 68672s
Ep 26950 | Avg Score: 45.50 | Noise: 0.10 | Time: 68796s
Ep 27000 | Avg Score: 59.16 | Noise: 0.10 | Time: 68922s
Models saved to ./runs/simple_tag_v3/dag_tag_60k/model.pt
Ep 27050 | Avg Score: 59.73 | Noise: 0.10 | Time: 69047s
Ep 27100 | Avg Score: 49.55 | Noise: 0.10 | Time: 69172s
Ep 27150 | Avg Score: 32.28 | Noise: 0.09 | Time: 69297s
Ep 27200 | Avg Score: 34.35 | Noise: 0.09 | Time: 69421s
Ep 27250 | Avg Score: 49.01 | Noise: 0.09 | Time: 69547s
Ep 27300 | Avg Score: 41.72 | Noise: 0.09 | Time: 69673s
Ep 27350 | Avg Score: 44.01 | Noise: 0.09 | Time: 69799s
Ep 27400 | Avg Score: 45.70 | Noise: 0.09 | Time: 69924s
Ep 27450 | Avg Score: 37.54 | Noise: 0.08 | Time: 70049s
Ep 27500 | Avg Score: 35.19 | Noise: 0.08 | Time: 70174s
Ep 27550 | Avg Score: 35.83 | Noise: 0.08 | Time: 70300s
Ep 27600 | Avg Score: 41.06 | Noise: 0.08 | Time: 70425s
Ep 27650 | Avg Score: 29.92 | Noise: 0.08 | Time: 70550s
Ep 27700 | Avg Score: 17.13 | Noise: 0.08 | Time: 70675s
Ep 27750 | Avg Score: 19.58 | Noise: 0.07 | Time: 70800s
Ep 27800 | Avg Score: 39.35 | Noise: 0.07 | Time: 70924s
Ep 27850 | Avg Score: 64.22 | Noise: 0.07 | Time: 71050s
Ep 27900 | Avg Score: 66.08 | Noise: 0.07 | Time: 71176s
Ep 27950 | Avg Score: 55.98 | Noise: 0.07 | Time: 71301s
Ep 28000 | Avg Score: 44.87 | Noise: 0.07 | Time: 71426s
Models saved to ./runs/simple_tag_v3/dag_tag_60k/model.pt
Ep 28050 | Avg Score: 38.06 | Noise: 0.06 | Time: 71552s
Ep 28100 | Avg Score: 36.44 | Noise: 0.06 | Time: 71679s
Ep 28150 | Avg Score: 39.85 | Noise: 0.06 | Time: 71805s
Ep 28200 | Avg Score: 53.00 | Noise: 0.06 | Time: 71930s
Ep 28250 | Avg Score: 59.28 | Noise: 0.06 | Time: 72055s
Ep 28300 | Avg Score: 55.04 | Noise: 0.06 | Time: 72179s
Ep 28350 | Avg Score: 66.37 | Noise: 0.06 | Time: 72303s
Ep 28400 | Avg Score: 54.84 | Noise: 0.05 | Time: 72427s
Ep 28450 | Avg Score: 36.82 | Noise: 0.05 | Time: 72550s
Ep 28500 | Avg Score: 32.35 | Noise: 0.05 | Time: 72674s
Ep 28550 | Avg Score: 30.71 | Noise: 0.05 | Time: 72799s
Ep 28600 | Avg Score: 42.94 | Noise: 0.05 | Time: 72924s
Ep 28650 | Avg Score: 47.57 | Noise: 0.05 | Time: 73049s
Ep 28700 | Avg Score: 48.18 | Noise: 0.05 | Time: 73174s
Ep 28750 | Avg Score: 49.08 | Noise: 0.05 | Time: 73300s
Ep 28800 | Avg Score: 47.47 | Noise: 0.05 | Time: 73424s
Ep 28850 | Avg Score: 43.56 | Noise: 0.05 | Time: 73546s
Ep 28900 | Avg Score: 49.34 | Noise: 0.05 | Time: 73671s
Ep 28950 | Avg Score: 61.61 | Noise: 0.05 | Time: 73796s
Ep 29000 | Avg Score: 58.78 | Noise: 0.05 | Time: 73922s
Models saved to ./runs/simple_tag_v3/dag_tag_60k/model.pt
Ep 29050 | Avg Score: 60.09 | Noise: 0.05 | Time: 74047s
Ep 29100 | Avg Score: 59.46 | Noise: 0.05 | Time: 74172s
Ep 29150 | Avg Score: 44.94 | Noise: 0.05 | Time: 74298s
Ep 29200 | Avg Score: 41.73 | Noise: 0.05 | Time: 74424s
Ep 29250 | Avg Score: 39.43 | Noise: 0.05 | Time: 74550s
Ep 29300 | Avg Score: 41.39 | Noise: 0.05 | Time: 74676s
Ep 29350 | Avg Score: 40.54 | Noise: 0.05 | Time: 74800s
Ep 29400 | Avg Score: 33.88 | Noise: 0.05 | Time: 74926s
Ep 29450 | Avg Score: 53.46 | Noise: 0.05 | Time: 75052s
Ep 29500 | Avg Score: 61.31 | Noise: 0.05 | Time: 75176s
Ep 29550 | Avg Score: 47.13 | Noise: 0.05 | Time: 75299s
Ep 29600 | Avg Score: 33.20 | Noise: 0.05 | Time: 75423s
Ep 29650 | Avg Score: 18.84 | Noise: 0.05 | Time: 75548s
Ep 29700 | Avg Score: 25.63 | Noise: 0.05 | Time: 75674s
Ep 29750 | Avg Score: 40.40 | Noise: 0.05 | Time: 75800s
Ep 29800 | Avg Score: 38.04 | Noise: 0.05 | Time: 75926s
Ep 29850 | Avg Score: 38.36 | Noise: 0.05 | Time: 76051s
Ep 29900 | Avg Score: 42.38 | Noise: 0.05 | Time: 76177s
Ep 29950 | Avg Score: 36.69 | Noise: 0.05 | Time: 76303s
Ep 30000 | Avg Score: 27.94 | Noise: 0.05 | Time: 76428s
Models saved to ./runs/simple_tag_v3/dag_tag_60k/model.pt
Ep 30050 | Avg Score: 34.75 | Noise: 0.05 | Time: 76553s
Ep 30100 | Avg Score: 26.46 | Noise: 0.05 | Time: 76678s
Ep 30150 | Avg Score: 26.24 | Noise: 0.05 | Time: 76802s
Ep 30200 | Avg Score: 44.00 | Noise: 0.05 | Time: 76927s
Ep 30250 | Avg Score: 42.45 | Noise: 0.05 | Time: 77051s
Ep 30300 | Avg Score: 39.35 | Noise: 0.05 | Time: 77177s
Ep 30350 | Avg Score: 34.84 | Noise: 0.05 | Time: 77302s
Ep 30400 | Avg Score: 32.57 | Noise: 0.05 | Time: 77427s
Ep 30450 | Avg Score: 32.71 | Noise: 0.05 | Time: 77551s
Ep 30500 | Avg Score: 31.02 | Noise: 0.05 | Time: 77676s
Ep 30550 | Avg Score: 42.86 | Noise: 0.05 | Time: 77800s
Ep 30600 | Avg Score: 49.09 | Noise: 0.05 | Time: 77924s
Ep 30650 | Avg Score: 41.36 | Noise: 0.05 | Time: 78048s
Ep 30700 | Avg Score: 39.18 | Noise: 0.05 | Time: 78173s
Ep 30750 | Avg Score: 29.06 | Noise: 0.05 | Time: 78299s
Ep 30800 | Avg Score: 23.62 | Noise: 0.05 | Time: 78424s
Ep 30850 | Avg Score: 22.90 | Noise: 0.05 | Time: 78549s
Ep 30900 | Avg Score: 23.79 | Noise: 0.05 | Time: 78674s
Ep 30950 | Avg Score: 26.78 | Noise: 0.05 | Time: 78799s
Ep 31000 | Avg Score: 30.03 | Noise: 0.05 | Time: 78924s
Models saved to ./runs/simple_tag_v3/dag_tag_60k/model.pt
Ep 31050 | Avg Score: 22.20 | Noise: 0.05 | Time: 79050s
Ep 31100 | Avg Score: 16.78 | Noise: 0.05 | Time: 79174s
Ep 31150 | Avg Score: 17.58 | Noise: 0.05 | Time: 79298s
Ep 31200 | Avg Score: 17.63 | Noise: 0.05 | Time: 79420s
Ep 31250 | Avg Score: 23.46 | Noise: 0.05 | Time: 79544s
Ep 31300 | Avg Score: 22.76 | Noise: 0.05 | Time: 79670s
Ep 31350 | Avg Score: 22.29 | Noise: 0.05 | Time: 79795s
Ep 31400 | Avg Score: 24.24 | Noise: 0.05 | Time: 79920s
Ep 31450 | Avg Score: 29.10 | Noise: 0.05 | Time: 80046s
Ep 31500 | Avg Score: 28.78 | Noise: 0.05 | Time: 80171s
Ep 31550 | Avg Score: 20.91 | Noise: 0.05 | Time: 80296s
Ep 31600 | Avg Score: 19.44 | Noise: 0.05 | Time: 80422s
Ep 31650 | Avg Score: 12.76 | Noise: 0.05 | Time: 80549s
Ep 31700 | Avg Score: 10.87 | Noise: 0.05 | Time: 80675s
Ep 31750 | Avg Score: 21.17 | Noise: 0.05 | Time: 80800s
Ep 31800 | Avg Score: 31.70 | Noise: 0.05 | Time: 80925s
Ep 31850 | Avg Score: 43.07 | Noise: 0.05 | Time: 81050s
Ep 31900 | Avg Score: 37.33 | Noise: 0.05 | Time: 81175s
Ep 31950 | Avg Score: 24.99 | Noise: 0.05 | Time: 81300s
Ep 32000 | Avg Score: 30.97 | Noise: 0.05 | Time: 81425s
Models saved to ./runs/simple_tag_v3/dag_tag_60k/model.pt
Ep 32050 | Avg Score: 37.24 | Noise: 0.05 | Time: 81550s
Ep 32100 | Avg Score: 35.25 | Noise: 0.05 | Time: 81675s
Ep 32150 | Avg Score: 38.84 | Noise: 0.05 | Time: 81801s
Ep 32200 | Avg Score: 40.75 | Noise: 0.05 | Time: 81926s
Ep 32250 | Avg Score: 36.71 | Noise: 0.05 | Time: 82051s
Ep 32300 | Avg Score: 41.62 | Noise: 0.05 | Time: 82176s
Ep 32350 | Avg Score: 48.58 | Noise: 0.05 | Time: 82302s
Ep 32400 | Avg Score: 45.40 | Noise: 0.05 | Time: 82429s
Ep 32450 | Avg Score: 46.86 | Noise: 0.05 | Time: 82551s
Ep 32500 | Avg Score: 52.78 | Noise: 0.05 | Time: 82672s
Ep 32550 | Avg Score: 59.30 | Noise: 0.05 | Time: 82797s
Ep 32600 | Avg Score: 53.44 | Noise: 0.05 | Time: 82921s
Ep 32650 | Avg Score: 49.26 | Noise: 0.05 | Time: 83046s
Ep 32700 | Avg Score: 51.68 | Noise: 0.05 | Time: 83170s
Ep 32750 | Avg Score: 57.62 | Noise: 0.05 | Time: 83295s
Ep 32800 | Avg Score: 57.81 | Noise: 0.05 | Time: 83420s
Ep 32850 | Avg Score: 44.39 | Noise: 0.05 | Time: 83544s
Ep 32900 | Avg Score: 29.00 | Noise: 0.05 | Time: 83668s
Ep 32950 | Avg Score: 15.38 | Noise: 0.05 | Time: 83794s
Ep 33000 | Avg Score: 29.30 | Noise: 0.05 | Time: 83919s
Models saved to ./runs/simple_tag_v3/dag_tag_60k/model.pt
Ep 33050 | Avg Score: 39.56 | Noise: 0.05 | Time: 84044s
Ep 33100 | Avg Score: 22.40 | Noise: 0.05 | Time: 84169s
Ep 33150 | Avg Score: 18.07 | Noise: 0.05 | Time: 84294s
Ep 33200 | Avg Score: 25.61 | Noise: 0.05 | Time: 84418s
Ep 33250 | Avg Score: 24.22 | Noise: 0.05 | Time: 84543s
Ep 33300 | Avg Score: 32.48 | Noise: 0.05 | Time: 84669s
Ep 33350 | Avg Score: 41.78 | Noise: 0.05 | Time: 84793s
Ep 33400 | Avg Score: 41.24 | Noise: 0.05 | Time: 84917s
Ep 33450 | Avg Score: 33.28 | Noise: 0.05 | Time: 85041s
Ep 33500 | Avg Score: 23.56 | Noise: 0.05 | Time: 85165s
Ep 33550 | Avg Score: 23.64 | Noise: 0.05 | Time: 85290s
Ep 33600 | Avg Score: 23.64 | Noise: 0.05 | Time: 85414s
Ep 33650 | Avg Score: 45.36 | Noise: 0.05 | Time: 85539s
Ep 33700 | Avg Score: 60.94 | Noise: 0.05 | Time: 85663s
Ep 33750 | Avg Score: 58.36 | Noise: 0.05 | Time: 85788s
Ep 33800 | Avg Score: 65.69 | Noise: 0.05 | Time: 85912s
Ep 33850 | Avg Score: 64.93 | Noise: 0.05 | Time: 86037s
Ep 33900 | Avg Score: 59.49 | Noise: 0.05 | Time: 86162s
Ep 33950 | Avg Score: 56.86 | Noise: 0.05 | Time: 86287s
Ep 34000 | Avg Score: 52.79 | Noise: 0.05 | Time: 86412s
Models saved to ./runs/simple_tag_v3/dag_tag_60k/model.pt
Ep 34050 | Avg Score: 39.85 | Noise: 0.05 | Time: 86537s
Ep 34100 | Avg Score: 28.98 | Noise: 0.05 | Time: 86660s
Ep 34150 | Avg Score: 32.13 | Noise: 0.05 | Time: 86785s
Ep 34200 | Avg Score: 40.59 | Noise: 0.05 | Time: 86910s
Ep 34250 | Avg Score: 35.99 | Noise: 0.05 | Time: 87034s
Ep 34300 | Avg Score: 35.00 | Noise: 0.05 | Time: 87159s
Ep 34350 | Avg Score: 32.37 | Noise: 0.05 | Time: 87284s
Ep 34400 | Avg Score: 34.97 | Noise: 0.05 | Time: 87409s
Ep 34450 | Avg Score: 44.95 | Noise: 0.05 | Time: 87535s
Ep 34500 | Avg Score: 43.08 | Noise: 0.05 | Time: 87660s
Ep 34550 | Avg Score: 38.44 | Noise: 0.05 | Time: 87786s
Ep 34600 | Avg Score: 27.64 | Noise: 0.05 | Time: 87911s
Ep 34650 | Avg Score: 32.48 | Noise: 0.05 | Time: 88037s
Ep 34700 | Avg Score: 46.23 | Noise: 0.05 | Time: 88163s
Ep 34750 | Avg Score: 56.32 | Noise: 0.05 | Time: 88288s
Ep 34800 | Avg Score: 55.98 | Noise: 0.05 | Time: 88413s
Ep 34850 | Avg Score: 44.76 | Noise: 0.05 | Time: 88538s
Ep 34900 | Avg Score: 46.22 | Noise: 0.05 | Time: 88663s
Ep 34950 | Avg Score: 53.01 | Noise: 0.05 | Time: 88788s
Ep 35000 | Avg Score: 47.66 | Noise: 0.05 | Time: 88912s
Models saved to ./runs/simple_tag_v3/dag_tag_60k/model.pt
Ep 35050 | Avg Score: 42.68 | Noise: 0.05 | Time: 89035s
Ep 35100 | Avg Score: 30.12 | Noise: 0.05 | Time: 89161s
Ep 35150 | Avg Score: 30.58 | Noise: 0.05 | Time: 89287s
Ep 35200 | Avg Score: 48.39 | Noise: 0.05 | Time: 89411s
Ep 35250 | Avg Score: 45.10 | Noise: 0.05 | Time: 89537s
Ep 35300 | Avg Score: 37.83 | Noise: 0.05 | Time: 89663s
Ep 35350 | Avg Score: 39.94 | Noise: 0.05 | Time: 89789s
Ep 35400 | Avg Score: 44.07 | Noise: 0.05 | Time: 89915s
Ep 35450 | Avg Score: 37.87 | Noise: 0.05 | Time: 90041s
Ep 35500 | Avg Score: 35.82 | Noise: 0.05 | Time: 90166s
Ep 35550 | Avg Score: 34.57 | Noise: 0.05 | Time: 90291s
Ep 35600 | Avg Score: 36.59 | Noise: 0.05 | Time: 90418s
Ep 35650 | Avg Score: 40.73 | Noise: 0.05 | Time: 90544s
Ep 35700 | Avg Score: 38.42 | Noise: 0.05 | Time: 90670s
Ep 35750 | Avg Score: 42.26 | Noise: 0.05 | Time: 90796s
Ep 35800 | Avg Score: 46.25 | Noise: 0.05 | Time: 90922s
Ep 35850 | Avg Score: 48.98 | Noise: 0.05 | Time: 91046s
Ep 35900 | Avg Score: 51.63 | Noise: 0.05 | Time: 91171s
Ep 35950 | Avg Score: 47.95 | Noise: 0.05 | Time: 91297s
Ep 36000 | Avg Score: 44.05 | Noise: 0.05 | Time: 91422s
Models saved to ./runs/simple_tag_v3/dag_tag_60k/model.pt
Ep 36050 | Avg Score: 38.73 | Noise: 0.05 | Time: 91548s
Ep 36100 | Avg Score: 28.99 | Noise: 0.05 | Time: 91674s
Ep 36150 | Avg Score: 28.66 | Noise: 0.05 | Time: 91799s
Ep 36200 | Avg Score: 28.68 | Noise: 0.05 | Time: 91924s
Ep 36250 | Avg Score: 20.04 | Noise: 0.05 | Time: 92050s
Ep 36300 | Avg Score: 26.67 | Noise: 0.05 | Time: 92172s
Ep 36350 | Avg Score: 34.38 | Noise: 0.05 | Time: 92290s
Ep 36400 | Avg Score: 32.46 | Noise: 0.05 | Time: 92413s
Ep 36450 | Avg Score: 38.14 | Noise: 0.05 | Time: 92532s
Ep 36500 | Avg Score: 35.85 | Noise: 0.05 | Time: 92656s
Ep 36550 | Avg Score: 38.09 | Noise: 0.05 | Time: 92782s
Ep 36600 | Avg Score: 46.56 | Noise: 0.05 | Time: 92907s
Ep 36650 | Avg Score: 43.02 | Noise: 0.05 | Time: 93031s
Ep 36700 | Avg Score: 28.09 | Noise: 0.05 | Time: 93156s
Ep 36750 | Avg Score: 29.34 | Noise: 0.05 | Time: 93280s
Ep 36800 | Avg Score: 36.49 | Noise: 0.05 | Time: 93400s
Ep 36850 | Avg Score: 30.42 | Noise: 0.05 | Time: 93527s
Ep 36900 | Avg Score: 27.05 | Noise: 0.05 | Time: 93652s
Ep 36950 | Avg Score: 30.27 | Noise: 0.05 | Time: 93777s
Ep 37000 | Avg Score: 39.78 | Noise: 0.05 | Time: 93904s
Models saved to ./runs/simple_tag_v3/dag_tag_60k/model.pt
Ep 37050 | Avg Score: 48.23 | Noise: 0.05 | Time: 94031s
Ep 37100 | Avg Score: 60.35 | Noise: 0.05 | Time: 94157s
Ep 37150 | Avg Score: 62.59 | Noise: 0.05 | Time: 94283s
Ep 37200 | Avg Score: 44.99 | Noise: 0.05 | Time: 94408s
Ep 37250 | Avg Score: 33.51 | Noise: 0.05 | Time: 94535s
Ep 37300 | Avg Score: 41.09 | Noise: 0.05 | Time: 94660s
Ep 37350 | Avg Score: 50.22 | Noise: 0.05 | Time: 94786s
Ep 37400 | Avg Score: 43.94 | Noise: 0.05 | Time: 94912s
Ep 37450 | Avg Score: 34.55 | Noise: 0.05 | Time: 95038s
Ep 37500 | Avg Score: 36.57 | Noise: 0.05 | Time: 95164s
Ep 37550 | Avg Score: 43.05 | Noise: 0.05 | Time: 95292s
Ep 37600 | Avg Score: 53.88 | Noise: 0.05 | Time: 95418s
Ep 37650 | Avg Score: 55.87 | Noise: 0.05 | Time: 95544s
Ep 37700 | Avg Score: 44.62 | Noise: 0.05 | Time: 95670s
Ep 37750 | Avg Score: 36.67 | Noise: 0.05 | Time: 95796s
Ep 37800 | Avg Score: 35.48 | Noise: 0.05 | Time: 95922s
Ep 37850 | Avg Score: 33.61 | Noise: 0.05 | Time: 96048s
Ep 37900 | Avg Score: 44.20 | Noise: 0.05 | Time: 96175s
Ep 37950 | Avg Score: 44.45 | Noise: 0.05 | Time: 96301s
Ep 38000 | Avg Score: 43.92 | Noise: 0.05 | Time: 96425s
Models saved to ./runs/simple_tag_v3/dag_tag_60k/model.pt
Ep 38050 | Avg Score: 42.39 | Noise: 0.05 | Time: 96551s
Ep 38100 | Avg Score: 29.31 | Noise: 0.05 | Time: 96677s
Ep 38150 | Avg Score: 16.39 | Noise: 0.05 | Time: 96802s
Ep 38200 | Avg Score: 5.04 | Noise: 0.05 | Time: 96928s
Ep 38250 | Avg Score: 4.67 | Noise: 0.05 | Time: 97054s
Ep 38300 | Avg Score: 7.08 | Noise: 0.05 | Time: 97179s
Ep 38350 | Avg Score: 23.31 | Noise: 0.05 | Time: 97303s
Ep 38400 | Avg Score: 35.18 | Noise: 0.05 | Time: 97429s
Ep 38450 | Avg Score: 43.46 | Noise: 0.05 | Time: 97555s
Ep 38500 | Avg Score: 44.23 | Noise: 0.05 | Time: 97680s
Ep 38550 | Avg Score: 40.06 | Noise: 0.05 | Time: 97805s
Ep 38600 | Avg Score: 42.57 | Noise: 0.05 | Time: 97930s
Ep 38650 | Avg Score: 43.38 | Noise: 0.05 | Time: 98054s
Ep 38700 | Avg Score: 45.54 | Noise: 0.05 | Time: 98179s
Ep 38750 | Avg Score: 41.60 | Noise: 0.05 | Time: 98304s
Ep 38800 | Avg Score: 45.90 | Noise: 0.05 | Time: 98428s
Ep 38850 | Avg Score: 47.24 | Noise: 0.05 | Time: 98552s
Ep 38900 | Avg Score: 40.73 | Noise: 0.05 | Time: 98676s
Ep 38950 | Avg Score: 45.06 | Noise: 0.05 | Time: 98800s
Ep 39000 | Avg Score: 37.80 | Noise: 0.05 | Time: 98924s
Models saved to ./runs/simple_tag_v3/dag_tag_60k/model.pt
Ep 39050 | Avg Score: 28.50 | Noise: 0.05 | Time: 99049s
Ep 39100 | Avg Score: 33.10 | Noise: 0.05 | Time: 99175s
Ep 39150 | Avg Score: 33.35 | Noise: 0.05 | Time: 99300s
Ep 39200 | Avg Score: 23.85 | Noise: 0.05 | Time: 99423s
Ep 39250 | Avg Score: 27.20 | Noise: 0.05 | Time: 99546s
Ep 39300 | Avg Score: 28.78 | Noise: 0.05 | Time: 99669s
Ep 39350 | Avg Score: 28.24 | Noise: 0.05 | Time: 99792s
Ep 39400 | Avg Score: 35.64 | Noise: 0.05 | Time: 99918s
Ep 39450 | Avg Score: 29.05 | Noise: 0.05 | Time: 100044s
Ep 39500 | Avg Score: 27.32 | Noise: 0.05 | Time: 100171s
Ep 39550 | Avg Score: 28.48 | Noise: 0.05 | Time: 100297s
Ep 39600 | Avg Score: 22.52 | Noise: 0.05 | Time: 100423s
Ep 39650 | Avg Score: 35.37 | Noise: 0.05 | Time: 100549s
Ep 39700 | Avg Score: 33.66 | Noise: 0.05 | Time: 100674s
Ep 39750 | Avg Score: 26.80 | Noise: 0.05 | Time: 100797s
Ep 39800 | Avg Score: 33.31 | Noise: 0.05 | Time: 100918s
Ep 39850 | Avg Score: 24.65 | Noise: 0.05 | Time: 101045s
Ep 39900 | Avg Score: 22.45 | Noise: 0.05 | Time: 101170s
Ep 39950 | Avg Score: 26.73 | Noise: 0.05 | Time: 101295s
Ep 40000 | Avg Score: 23.68 | Noise: 0.05 | Time: 101420s
Models saved to ./runs/simple_tag_v3/dag_tag_60k/model.pt
Ep 40050 | Avg Score: 31.67 | Noise: 0.05 | Time: 101545s
Ep 40100 | Avg Score: 37.19 | Noise: 0.05 | Time: 101670s
Ep 40150 | Avg Score: 32.26 | Noise: 0.05 | Time: 101796s
Ep 40200 | Avg Score: 35.07 | Noise: 0.05 | Time: 101921s
Ep 40250 | Avg Score: 41.08 | Noise: 0.05 | Time: 102046s
Ep 40300 | Avg Score: 47.55 | Noise: 0.05 | Time: 102171s
Ep 40350 | Avg Score: 49.57 | Noise: 0.05 | Time: 102296s
Ep 40400 | Avg Score: 42.85 | Noise: 0.05 | Time: 102422s
Ep 40450 | Avg Score: 32.83 | Noise: 0.05 | Time: 102546s
Ep 40500 | Avg Score: 29.25 | Noise: 0.05 | Time: 102671s
Ep 40550 | Avg Score: 37.30 | Noise: 0.05 | Time: 102796s
Ep 40600 | Avg Score: 58.51 | Noise: 0.05 | Time: 102923s
Ep 40650 | Avg Score: 63.54 | Noise: 0.05 | Time: 103049s
Ep 40700 | Avg Score: 55.28 | Noise: 0.05 | Time: 103174s
Ep 40750 | Avg Score: 50.72 | Noise: 0.05 | Time: 103300s
Ep 40800 | Avg Score: 53.58 | Noise: 0.05 | Time: 103427s
Ep 40850 | Avg Score: 59.07 | Noise: 0.05 | Time: 103553s
Ep 40900 | Avg Score: 54.65 | Noise: 0.05 | Time: 103679s
Ep 40950 | Avg Score: 46.97 | Noise: 0.05 | Time: 103804s
Ep 41000 | Avg Score: 47.66 | Noise: 0.05 | Time: 103930s
Models saved to ./runs/simple_tag_v3/dag_tag_60k/model.pt
Ep 41050 | Avg Score: 53.71 | Noise: 0.05 | Time: 104056s
Ep 41100 | Avg Score: 48.02 | Noise: 0.05 | Time: 104181s
Ep 41150 | Avg Score: 48.25 | Noise: 0.05 | Time: 104306s
Ep 41200 | Avg Score: 48.05 | Noise: 0.05 | Time: 104431s
Ep 41250 | Avg Score: 46.21 | Noise: 0.05 | Time: 104557s
Ep 41300 | Avg Score: 43.01 | Noise: 0.05 | Time: 104681s
Ep 41350 | Avg Score: 32.92 | Noise: 0.05 | Time: 104807s
Ep 41400 | Avg Score: 37.38 | Noise: 0.05 | Time: 104931s
Ep 41450 | Avg Score: 46.39 | Noise: 0.05 | Time: 105057s
Ep 41500 | Avg Score: 39.22 | Noise: 0.05 | Time: 105179s
Ep 41550 | Avg Score: 32.20 | Noise: 0.05 | Time: 105301s
Ep 41600 | Avg Score: 31.27 | Noise: 0.05 | Time: 105426s
Ep 41650 | Avg Score: 30.02 | Noise: 0.05 | Time: 105550s
Ep 41700 | Avg Score: 33.06 | Noise: 0.05 | Time: 105676s
Ep 41750 | Avg Score: 34.00 | Noise: 0.05 | Time: 105801s
Ep 41800 | Avg Score: 27.59 | Noise: 0.05 | Time: 105924s
Ep 41850 | Avg Score: 37.04 | Noise: 0.05 | Time: 106050s
Ep 41900 | Avg Score: 55.23 | Noise: 0.05 | Time: 106175s
Ep 41950 | Avg Score: 55.80 | Noise: 0.05 | Time: 106301s
Ep 42000 | Avg Score: 42.69 | Noise: 0.05 | Time: 106426s
Models saved to ./runs/simple_tag_v3/dag_tag_60k/model.pt
Ep 42050 | Avg Score: 44.87 | Noise: 0.05 | Time: 106552s
Ep 42100 | Avg Score: 46.23 | Noise: 0.05 | Time: 106678s
Ep 42150 | Avg Score: 40.52 | Noise: 0.05 | Time: 106803s
Ep 42200 | Avg Score: 45.95 | Noise: 0.05 | Time: 106928s
Ep 42250 | Avg Score: 38.55 | Noise: 0.05 | Time: 107052s
Ep 42300 | Avg Score: 29.96 | Noise: 0.05 | Time: 107177s
Ep 42350 | Avg Score: 33.28 | Noise: 0.05 | Time: 107303s
Ep 42400 | Avg Score: 36.42 | Noise: 0.05 | Time: 107428s
Ep 42450 | Avg Score: 39.41 | Noise: 0.05 | Time: 107555s
Ep 42500 | Avg Score: 38.72 | Noise: 0.05 | Time: 107678s
Ep 42550 | Avg Score: 39.03 | Noise: 0.05 | Time: 107803s
Ep 42600 | Avg Score: 48.26 | Noise: 0.05 | Time: 107928s
Ep 42650 | Avg Score: 54.29 | Noise: 0.05 | Time: 108054s
Ep 42700 | Avg Score: 52.34 | Noise: 0.05 | Time: 108179s
Ep 42750 | Avg Score: 54.82 | Noise: 0.05 | Time: 108304s
Ep 42800 | Avg Score: 62.37 | Noise: 0.05 | Time: 108429s
Ep 42850 | Avg Score: 38.50 | Noise: 0.05 | Time: 108555s
Ep 42900 | Avg Score: 38.23 | Noise: 0.05 | Time: 108681s
Ep 42950 | Avg Score: 54.72 | Noise: 0.05 | Time: 108805s
Ep 43000 | Avg Score: 40.77 | Noise: 0.05 | Time: 108930s
Models saved to ./runs/simple_tag_v3/dag_tag_60k/model.pt
Ep 43050 | Avg Score: 48.34 | Noise: 0.05 | Time: 109055s
Ep 43100 | Avg Score: 54.94 | Noise: 0.05 | Time: 109179s
Ep 43150 | Avg Score: 51.03 | Noise: 0.05 | Time: 109302s
Ep 43200 | Avg Score: 51.66 | Noise: 0.05 | Time: 109427s
Ep 43250 | Avg Score: 41.12 | Noise: 0.05 | Time: 109554s
Ep 43300 | Avg Score: 40.79 | Noise: 0.05 | Time: 109679s
Ep 43350 | Avg Score: 47.06 | Noise: 0.05 | Time: 109806s
Ep 43400 | Avg Score: 44.70 | Noise: 0.05 | Time: 109933s
Ep 43450 | Avg Score: 41.48 | Noise: 0.05 | Time: 110059s
Ep 43500 | Avg Score: 27.94 | Noise: 0.05 | Time: 110185s
Ep 43550 | Avg Score: 26.12 | Noise: 0.05 | Time: 110311s
Ep 43600 | Avg Score: 31.40 | Noise: 0.05 | Time: 110438s
Ep 43650 | Avg Score: 26.66 | Noise: 0.05 | Time: 110564s
Ep 43700 | Avg Score: 34.69 | Noise: 0.05 | Time: 110691s
Ep 43750 | Avg Score: 51.72 | Noise: 0.05 | Time: 110819s
Ep 43800 | Avg Score: 54.59 | Noise: 0.05 | Time: 110945s
Ep 43850 | Avg Score: 41.07 | Noise: 0.05 | Time: 111067s
Ep 43900 | Avg Score: 39.58 | Noise: 0.05 | Time: 111187s
Ep 43950 | Avg Score: 46.35 | Noise: 0.05 | Time: 111314s
Ep 44000 | Avg Score: 38.15 | Noise: 0.05 | Time: 111440s
Models saved to ./runs/simple_tag_v3/dag_tag_60k/model.pt
Ep 44050 | Avg Score: 35.81 | Noise: 0.05 | Time: 111567s
Ep 44100 | Avg Score: 40.32 | Noise: 0.05 | Time: 111694s
Ep 44150 | Avg Score: 38.53 | Noise: 0.05 | Time: 111819s
Ep 44200 | Avg Score: 40.93 | Noise: 0.05 | Time: 111946s
Ep 44250 | Avg Score: 45.66 | Noise: 0.05 | Time: 112071s
Ep 44300 | Avg Score: 44.85 | Noise: 0.05 | Time: 112196s
Ep 44350 | Avg Score: 48.48 | Noise: 0.05 | Time: 112322s
Ep 44400 | Avg Score: 51.65 | Noise: 0.05 | Time: 112450s
Ep 44450 | Avg Score: 44.61 | Noise: 0.05 | Time: 112577s
Ep 44500 | Avg Score: 40.74 | Noise: 0.05 | Time: 112705s
Ep 44550 | Avg Score: 40.93 | Noise: 0.05 | Time: 112830s
Ep 44600 | Avg Score: 40.39 | Noise: 0.05 | Time: 112957s
Ep 44650 | Avg Score: 42.74 | Noise: 0.05 | Time: 113083s
Ep 44700 | Avg Score: 50.67 | Noise: 0.05 | Time: 113209s
Ep 44750 | Avg Score: 55.88 | Noise: 0.05 | Time: 113336s
Ep 44800 | Avg Score: 47.90 | Noise: 0.05 | Time: 113461s
Ep 44850 | Avg Score: 53.13 | Noise: 0.05 | Time: 113587s
Ep 44900 | Avg Score: 54.42 | Noise: 0.05 | Time: 113713s
Ep 44950 | Avg Score: 42.60 | Noise: 0.05 | Time: 113838s
Ep 45000 | Avg Score: 42.96 | Noise: 0.05 | Time: 113963s
Models saved to ./runs/simple_tag_v3/dag_tag_60k/model.pt
Ep 45050 | Avg Score: 42.69 | Noise: 0.05 | Time: 114087s
Ep 45100 | Avg Score: 31.13 | Noise: 0.05 | Time: 114212s
Ep 45150 | Avg Score: 33.01 | Noise: 0.05 | Time: 114337s
Ep 45200 | Avg Score: 43.59 | Noise: 0.05 | Time: 114462s
Ep 45250 | Avg Score: 39.62 | Noise: 0.05 | Time: 114587s
Ep 45300 | Avg Score: 45.35 | Noise: 0.05 | Time: 114713s
Ep 45350 | Avg Score: 52.57 | Noise: 0.05 | Time: 114838s
Ep 45400 | Avg Score: 50.38 | Noise: 0.05 | Time: 114964s
Ep 45450 | Avg Score: 50.41 | Noise: 0.05 | Time: 115090s
Ep 45500 | Avg Score: 44.73 | Noise: 0.05 | Time: 115215s
Ep 45550 | Avg Score: 57.25 | Noise: 0.05 | Time: 115342s
Ep 45600 | Avg Score: 51.99 | Noise: 0.05 | Time: 115466s
Ep 45650 | Avg Score: 43.43 | Noise: 0.05 | Time: 115592s
Ep 45700 | Avg Score: 56.29 | Noise: 0.05 | Time: 115716s
Ep 45750 | Avg Score: 47.18 | Noise: 0.05 | Time: 115842s
Ep 45800 | Avg Score: 40.74 | Noise: 0.05 | Time: 115968s
Ep 45850 | Avg Score: 51.02 | Noise: 0.05 | Time: 116095s
Ep 45900 | Avg Score: 46.85 | Noise: 0.05 | Time: 116223s
Ep 45950 | Avg Score: 34.04 | Noise: 0.05 | Time: 116351s
Ep 46000 | Avg Score: 38.19 | Noise: 0.05 | Time: 116478s
Models saved to ./runs/simple_tag_v3/dag_tag_60k/model.pt
Ep 46050 | Avg Score: 56.81 | Noise: 0.05 | Time: 116603s
Ep 46100 | Avg Score: 71.53 | Noise: 0.05 | Time: 116728s
Ep 46150 | Avg Score: 51.75 | Noise: 0.05 | Time: 116853s
Ep 46200 | Avg Score: 39.22 | Noise: 0.05 | Time: 116978s
Ep 46250 | Avg Score: 49.34 | Noise: 0.05 | Time: 117104s
Ep 46300 | Avg Score: 44.01 | Noise: 0.05 | Time: 117229s
Ep 46350 | Avg Score: 19.30 | Noise: 0.05 | Time: 117356s
Ep 46400 | Avg Score: 20.66 | Noise: 0.05 | Time: 117482s
Ep 46450 | Avg Score: 40.64 | Noise: 0.05 | Time: 117607s
Ep 46500 | Avg Score: 43.93 | Noise: 0.05 | Time: 117730s
Ep 46550 | Avg Score: 43.60 | Noise: 0.05 | Time: 117855s
Ep 46600 | Avg Score: 30.11 | Noise: 0.05 | Time: 117980s
Ep 46650 | Avg Score: 23.48 | Noise: 0.05 | Time: 118106s
Ep 46700 | Avg Score: 29.56 | Noise: 0.05 | Time: 118230s
Ep 46750 | Avg Score: 26.08 | Noise: 0.05 | Time: 118356s
Ep 46800 | Avg Score: 29.83 | Noise: 0.05 | Time: 118481s
Ep 46850 | Avg Score: 24.67 | Noise: 0.05 | Time: 118607s
Ep 46900 | Avg Score: 8.23 | Noise: 0.05 | Time: 118732s
Ep 46950 | Avg Score: -2.38 | Noise: 0.05 | Time: 118857s
Ep 47000 | Avg Score: 13.77 | Noise: 0.05 | Time: 118982s
Models saved to ./runs/simple_tag_v3/dag_tag_60k/model.pt
Ep 47050 | Avg Score: 38.06 | Noise: 0.05 | Time: 119107s
Ep 47100 | Avg Score: 37.07 | Noise: 0.05 | Time: 119233s
Ep 47150 | Avg Score: 20.38 | Noise: 0.05 | Time: 119358s
Ep 47200 | Avg Score: -10.85 | Noise: 0.05 | Time: 119482s
Ep 47250 | Avg Score: -5.50 | Noise: 0.05 | Time: 119605s
Ep 47300 | Avg Score: 16.28 | Noise: 0.05 | Time: 119729s
Ep 47350 | Avg Score: 11.63 | Noise: 0.05 | Time: 119855s
Ep 47400 | Avg Score: 13.53 | Noise: 0.05 | Time: 119981s
Ep 47450 | Avg Score: 20.49 | Noise: 0.05 | Time: 120107s
Ep 47500 | Avg Score: 17.35 | Noise: 0.05 | Time: 120231s
Ep 47550 | Avg Score: 12.95 | Noise: 0.05 | Time: 120357s
Ep 47600 | Avg Score: 20.76 | Noise: 0.05 | Time: 120479s
Ep 47650 | Avg Score: 49.43 | Noise: 0.05 | Time: 120601s
Ep 47700 | Avg Score: 60.80 | Noise: 0.05 | Time: 120726s
Ep 47750 | Avg Score: 47.98 | Noise: 0.05 | Time: 120851s
Ep 47800 | Avg Score: 37.88 | Noise: 0.05 | Time: 120975s
Ep 47850 | Avg Score: 34.54 | Noise: 0.05 | Time: 121099s
Ep 47900 | Avg Score: 35.18 | Noise: 0.05 | Time: 121225s
Ep 47950 | Avg Score: 24.15 | Noise: 0.05 | Time: 121351s
Ep 48000 | Avg Score: 10.22 | Noise: 0.05 | Time: 121477s
Models saved to ./runs/simple_tag_v3/dag_tag_60k/model.pt
Ep 48050 | Avg Score: 11.46 | Noise: 0.05 | Time: 121595s
Ep 48100 | Avg Score: 34.33 | Noise: 0.05 | Time: 121716s
Ep 48150 | Avg Score: 56.12 | Noise: 0.05 | Time: 121841s
Ep 48200 | Avg Score: 50.55 | Noise: 0.05 | Time: 121965s
Ep 48250 | Avg Score: 35.12 | Noise: 0.05 | Time: 122091s
Ep 48300 | Avg Score: 30.64 | Noise: 0.05 | Time: 122216s
Ep 48350 | Avg Score: 31.87 | Noise: 0.05 | Time: 122342s
Ep 48400 | Avg Score: 42.92 | Noise: 0.05 | Time: 122467s
Ep 48450 | Avg Score: 58.38 | Noise: 0.05 | Time: 122593s
Ep 48500 | Avg Score: 58.13 | Noise: 0.05 | Time: 122718s
Ep 48550 | Avg Score: 50.49 | Noise: 0.05 | Time: 122842s
Ep 48600 | Avg Score: 47.01 | Noise: 0.05 | Time: 122968s
Ep 48650 | Avg Score: 42.10 | Noise: 0.05 | Time: 123094s
Ep 48700 | Avg Score: 41.14 | Noise: 0.05 | Time: 123220s
Ep 48750 | Avg Score: 41.09 | Noise: 0.05 | Time: 123346s
Ep 48800 | Avg Score: 38.46 | Noise: 0.05 | Time: 123472s
Ep 48850 | Avg Score: 39.63 | Noise: 0.05 | Time: 123598s
Ep 48900 | Avg Score: 39.81 | Noise: 0.05 | Time: 123725s
Ep 48950 | Avg Score: 29.15 | Noise: 0.05 | Time: 123850s
Ep 49000 | Avg Score: 27.36 | Noise: 0.05 | Time: 123976s
Models saved to ./runs/simple_tag_v3/dag_tag_60k/model.pt
Ep 49050 | Avg Score: 37.44 | Noise: 0.05 | Time: 124102s
Ep 49100 | Avg Score: 31.10 | Noise: 0.05 | Time: 124229s
Ep 49150 | Avg Score: 17.38 | Noise: 0.05 | Time: 124354s
Ep 49200 | Avg Score: 20.64 | Noise: 0.05 | Time: 124480s
Ep 49250 | Avg Score: 27.02 | Noise: 0.05 | Time: 124604s
Ep 49300 | Avg Score: 25.54 | Noise: 0.05 | Time: 124728s
Ep 49350 | Avg Score: 12.48 | Noise: 0.05 | Time: 124853s
Ep 49400 | Avg Score: -1.16 | Noise: 0.05 | Time: 124980s
Ep 49450 | Avg Score: 0.27 | Noise: 0.05 | Time: 125106s
Ep 49500 | Avg Score: 20.76 | Noise: 0.05 | Time: 125233s
Ep 49550 | Avg Score: 31.60 | Noise: 0.05 | Time: 125360s
Ep 49600 | Avg Score: 36.52 | Noise: 0.05 | Time: 125485s
Ep 49650 | Avg Score: 52.97 | Noise: 0.05 | Time: 125610s
Ep 49700 | Avg Score: 49.63 | Noise: 0.05 | Time: 125736s
Ep 49750 | Avg Score: 39.08 | Noise: 0.05 | Time: 125860s
Ep 49800 | Avg Score: 35.22 | Noise: 0.05 | Time: 125985s
Ep 49850 | Avg Score: 41.25 | Noise: 0.05 | Time: 126110s
Ep 49900 | Avg Score: 31.55 | Noise: 0.05 | Time: 126236s
Ep 49950 | Avg Score: 25.44 | Noise: 0.05 | Time: 126362s
Ep 50000 | Avg Score: 28.61 | Noise: 0.05 | Time: 126488s
Models saved to ./runs/simple_tag_v3/dag_tag_60k/model.pt
Ep 50050 | Avg Score: 26.66 | Noise: 0.05 | Time: 126613s
Ep 50100 | Avg Score: 36.60 | Noise: 0.05 | Time: 126738s
Ep 50150 | Avg Score: 46.13 | Noise: 0.05 | Time: 126864s
Ep 50200 | Avg Score: 63.64 | Noise: 0.05 | Time: 126989s
Ep 50250 | Avg Score: 68.56 | Noise: 0.05 | Time: 127114s
Ep 50300 | Avg Score: 51.91 | Noise: 0.05 | Time: 127237s
Ep 50350 | Avg Score: 42.19 | Noise: 0.05 | Time: 127362s
Ep 50400 | Avg Score: 49.89 | Noise: 0.05 | Time: 127487s
Ep 50450 | Avg Score: 51.23 | Noise: 0.05 | Time: 127613s
Ep 50500 | Avg Score: 48.39 | Noise: 0.05 | Time: 127737s
Ep 50550 | Avg Score: 36.61 | Noise: 0.05 | Time: 127863s
Ep 50600 | Avg Score: 30.29 | Noise: 0.05 | Time: 127989s
Ep 50650 | Avg Score: 35.87 | Noise: 0.05 | Time: 128115s
Ep 50700 | Avg Score: 39.72 | Noise: 0.05 | Time: 128241s
Ep 50750 | Avg Score: 39.78 | Noise: 0.05 | Time: 128366s
Ep 50800 | Avg Score: 36.14 | Noise: 0.05 | Time: 128491s
Ep 50850 | Avg Score: 41.59 | Noise: 0.05 | Time: 128618s
Ep 50900 | Avg Score: 36.43 | Noise: 0.05 | Time: 128740s
Ep 50950 | Avg Score: 29.07 | Noise: 0.05 | Time: 128864s
Ep 51000 | Avg Score: 30.04 | Noise: 0.05 | Time: 128988s
Models saved to ./runs/simple_tag_v3/dag_tag_60k/model.pt
Ep 51050 | Avg Score: 28.86 | Noise: 0.05 | Time: 129109s
Ep 51100 | Avg Score: 30.47 | Noise: 0.05 | Time: 129234s
Ep 51150 | Avg Score: 39.75 | Noise: 0.05 | Time: 129358s
Ep 51200 | Avg Score: 40.98 | Noise: 0.05 | Time: 129482s
Ep 51250 | Avg Score: 34.71 | Noise: 0.05 | Time: 129609s
Ep 51300 | Avg Score: 28.54 | Noise: 0.05 | Time: 129735s
Ep 51350 | Avg Score: 32.63 | Noise: 0.05 | Time: 129859s
Ep 51400 | Avg Score: 31.19 | Noise: 0.05 | Time: 129984s
Ep 51450 | Avg Score: 33.24 | Noise: 0.05 | Time: 130108s
Ep 51500 | Avg Score: 50.15 | Noise: 0.05 | Time: 130232s
Ep 51550 | Avg Score: 42.31 | Noise: 0.05 | Time: 130357s
Ep 51600 | Avg Score: 38.64 | Noise: 0.05 | Time: 130484s
Ep 51650 | Avg Score: 38.79 | Noise: 0.05 | Time: 130610s
Ep 51700 | Avg Score: 32.13 | Noise: 0.05 | Time: 130736s
Ep 51750 | Avg Score: 23.81 | Noise: 0.05 | Time: 130863s
Ep 51800 | Avg Score: 14.80 | Noise: 0.05 | Time: 130989s
Ep 51850 | Avg Score: 24.69 | Noise: 0.05 | Time: 131114s
Ep 51900 | Avg Score: 38.03 | Noise: 0.05 | Time: 131241s
Ep 51950 | Avg Score: 42.39 | Noise: 0.05 | Time: 131365s
Ep 52000 | Avg Score: 40.28 | Noise: 0.05 | Time: 131490s
Models saved to ./runs/simple_tag_v3/dag_tag_60k/model.pt
Ep 52050 | Avg Score: 31.73 | Noise: 0.05 | Time: 131614s
Ep 52100 | Avg Score: 33.55 | Noise: 0.05 | Time: 131733s
Ep 52150 | Avg Score: 39.63 | Noise: 0.05 | Time: 131858s
Ep 52200 | Avg Score: 42.91 | Noise: 0.05 | Time: 131983s
Ep 52250 | Avg Score: 36.54 | Noise: 0.05 | Time: 132111s
Ep 52300 | Avg Score: 30.47 | Noise: 0.05 | Time: 132238s
Ep 52350 | Avg Score: 40.07 | Noise: 0.05 | Time: 132364s
Ep 52400 | Avg Score: 46.44 | Noise: 0.05 | Time: 132492s
Ep 52450 | Avg Score: 46.74 | Noise: 0.05 | Time: 132618s
Ep 52500 | Avg Score: 46.38 | Noise: 0.05 | Time: 132744s
Ep 52550 | Avg Score: 45.54 | Noise: 0.05 | Time: 132870s
Ep 52600 | Avg Score: 42.44 | Noise: 0.05 | Time: 132997s
Ep 52650 | Avg Score: 40.80 | Noise: 0.05 | Time: 133123s
Ep 52700 | Avg Score: 32.40 | Noise: 0.05 | Time: 133249s
Ep 52750 | Avg Score: 26.52 | Noise: 0.05 | Time: 133376s
Ep 52800 | Avg Score: 26.24 | Noise: 0.05 | Time: 133504s
Ep 52850 | Avg Score: 27.36 | Noise: 0.05 | Time: 133631s
Ep 52900 | Avg Score: 29.18 | Noise: 0.05 | Time: 133757s
Ep 52950 | Avg Score: 23.09 | Noise: 0.05 | Time: 133883s
Ep 53000 | Avg Score: 29.12 | Noise: 0.05 | Time: 134009s
Models saved to ./runs/simple_tag_v3/dag_tag_60k/model.pt
Ep 53050 | Avg Score: 39.33 | Noise: 0.05 | Time: 134135s
Ep 53100 | Avg Score: 27.67 | Noise: 0.05 | Time: 134260s
Ep 53150 | Avg Score: 21.55 | Noise: 0.05 | Time: 134385s
Ep 53200 | Avg Score: 26.07 | Noise: 0.05 | Time: 134512s
Ep 53250 | Avg Score: 22.48 | Noise: 0.05 | Time: 134638s
Ep 53300 | Avg Score: 21.34 | Noise: 0.05 | Time: 134764s
Ep 53350 | Avg Score: 24.39 | Noise: 0.05 | Time: 134889s
Ep 53400 | Avg Score: 23.06 | Noise: 0.05 | Time: 135015s
Ep 53450 | Avg Score: 22.65 | Noise: 0.05 | Time: 135143s
Ep 53500 | Avg Score: 18.25 | Noise: 0.05 | Time: 135271s
Ep 53550 | Avg Score: 15.00 | Noise: 0.05 | Time: 135397s
Ep 53600 | Avg Score: 23.01 | Noise: 0.05 | Time: 135524s
Ep 53650 | Avg Score: 28.53 | Noise: 0.05 | Time: 135650s
Ep 53700 | Avg Score: 33.66 | Noise: 0.05 | Time: 135777s
Ep 53750 | Avg Score: 43.15 | Noise: 0.05 | Time: 135905s
Ep 53800 | Avg Score: 29.26 | Noise: 0.05 | Time: 136032s
Ep 53850 | Avg Score: 24.12 | Noise: 0.05 | Time: 136158s
Ep 53900 | Avg Score: 23.06 | Noise: 0.05 | Time: 136284s
Ep 53950 | Avg Score: 5.54 | Noise: 0.05 | Time: 136409s
Ep 54000 | Avg Score: 14.16 | Noise: 0.05 | Time: 136536s
Models saved to ./runs/simple_tag_v3/dag_tag_60k/model.pt
Ep 54050 | Avg Score: 36.87 | Noise: 0.05 | Time: 136663s
Ep 54100 | Avg Score: 41.21 | Noise: 0.05 | Time: 136789s
Ep 54150 | Avg Score: 40.51 | Noise: 0.05 | Time: 136917s
Ep 54200 | Avg Score: 42.43 | Noise: 0.05 | Time: 137043s
Ep 54250 | Avg Score: 27.93 | Noise: 0.05 | Time: 137170s
Ep 54300 | Avg Score: 16.85 | Noise: 0.05 | Time: 137296s
Ep 54350 | Avg Score: 25.83 | Noise: 0.05 | Time: 137421s
Ep 54400 | Avg Score: 35.12 | Noise: 0.05 | Time: 137546s
Ep 54450 | Avg Score: 32.87 | Noise: 0.05 | Time: 137671s
Ep 54500 | Avg Score: 22.97 | Noise: 0.05 | Time: 137796s
Ep 54550 | Avg Score: 22.83 | Noise: 0.05 | Time: 137921s
Ep 54600 | Avg Score: 30.00 | Noise: 0.05 | Time: 138047s
Ep 54650 | Avg Score: 34.09 | Noise: 0.05 | Time: 138172s
Ep 54700 | Avg Score: 30.18 | Noise: 0.05 | Time: 138297s
Ep 54750 | Avg Score: 28.28 | Noise: 0.05 | Time: 138423s
Ep 54800 | Avg Score: 31.14 | Noise: 0.05 | Time: 138549s
Ep 54850 | Avg Score: 30.50 | Noise: 0.05 | Time: 138675s
Ep 54900 | Avg Score: 28.81 | Noise: 0.05 | Time: 138800s
Ep 54950 | Avg Score: 24.98 | Noise: 0.05 | Time: 138924s
Ep 55000 | Avg Score: 30.68 | Noise: 0.05 | Time: 139050s
Models saved to ./runs/simple_tag_v3/dag_tag_60k/model.pt
Ep 55050 | Avg Score: 45.89 | Noise: 0.05 | Time: 139175s
Ep 55100 | Avg Score: 45.70 | Noise: 0.05 | Time: 139299s
Ep 55150 | Avg Score: 54.86 | Noise: 0.05 | Time: 139425s
Ep 55200 | Avg Score: 68.28 | Noise: 0.05 | Time: 139551s
Ep 55250 | Avg Score: 61.62 | Noise: 0.05 | Time: 139678s
Ep 55300 | Avg Score: 70.46 | Noise: 0.05 | Time: 139804s
Ep 55350 | Avg Score: 68.00 | Noise: 0.05 | Time: 139929s
Ep 55400 | Avg Score: 44.78 | Noise: 0.05 | Time: 140055s
Ep 55450 | Avg Score: 28.93 | Noise: 0.05 | Time: 140181s
Ep 55500 | Avg Score: 23.83 | Noise: 0.05 | Time: 140307s
Ep 55550 | Avg Score: 25.82 | Noise: 0.05 | Time: 140434s
Ep 55600 | Avg Score: 29.42 | Noise: 0.05 | Time: 140560s
Ep 55650 | Avg Score: 35.52 | Noise: 0.05 | Time: 140686s
Ep 55700 | Avg Score: 38.07 | Noise: 0.05 | Time: 140811s
Ep 55750 | Avg Score: 54.35 | Noise: 0.05 | Time: 140936s
Ep 55800 | Avg Score: 66.03 | Noise: 0.05 | Time: 141062s
Ep 55850 | Avg Score: 51.14 | Noise: 0.05 | Time: 141187s
Ep 55900 | Avg Score: 45.12 | Noise: 0.05 | Time: 141311s
Ep 55950 | Avg Score: 54.44 | Noise: 0.05 | Time: 141438s
Ep 56000 | Avg Score: 38.48 | Noise: 0.05 | Time: 141563s
Models saved to ./runs/simple_tag_v3/dag_tag_60k/model.pt
Ep 56050 | Avg Score: 20.46 | Noise: 0.05 | Time: 141688s
Ep 56100 | Avg Score: 37.32 | Noise: 0.05 | Time: 141815s
Ep 56150 | Avg Score: 34.93 | Noise: 0.05 | Time: 141943s
Ep 56200 | Avg Score: 29.83 | Noise: 0.05 | Time: 142060s
Ep 56250 | Avg Score: 38.36 | Noise: 0.05 | Time: 142182s
Ep 56300 | Avg Score: 27.16 | Noise: 0.05 | Time: 142307s
Ep 56350 | Avg Score: 22.35 | Noise: 0.05 | Time: 142433s
Ep 56400 | Avg Score: 39.91 | Noise: 0.05 | Time: 142559s
Ep 56450 | Avg Score: 41.15 | Noise: 0.05 | Time: 142681s
Ep 56500 | Avg Score: 30.95 | Noise: 0.05 | Time: 142807s
Ep 56550 | Avg Score: 32.53 | Noise: 0.05 | Time: 142934s
Ep 56600 | Avg Score: 38.45 | Noise: 0.05 | Time: 143060s
Ep 56650 | Avg Score: 38.95 | Noise: 0.05 | Time: 143187s
Ep 56700 | Avg Score: 35.44 | Noise: 0.05 | Time: 143313s
Ep 56750 | Avg Score: 43.02 | Noise: 0.05 | Time: 143439s
Ep 56800 | Avg Score: 48.27 | Noise: 0.05 | Time: 143565s
Ep 56850 | Avg Score: 44.97 | Noise: 0.05 | Time: 143691s
Ep 56900 | Avg Score: 43.67 | Noise: 0.05 | Time: 143816s
Ep 56950 | Avg Score: 42.62 | Noise: 0.05 | Time: 143941s
Ep 57000 | Avg Score: 34.27 | Noise: 0.05 | Time: 144067s
Models saved to ./runs/simple_tag_v3/dag_tag_60k/model.pt
Ep 57050 | Avg Score: 35.44 | Noise: 0.05 | Time: 144193s
Ep 57100 | Avg Score: 41.14 | Noise: 0.05 | Time: 144319s
Ep 57150 | Avg Score: 32.22 | Noise: 0.05 | Time: 144445s
Ep 57200 | Avg Score: 40.28 | Noise: 0.05 | Time: 144571s
Ep 57250 | Avg Score: 43.79 | Noise: 0.05 | Time: 144695s
Ep 57300 | Avg Score: 43.74 | Noise: 0.05 | Time: 144820s
Ep 57350 | Avg Score: 43.69 | Noise: 0.05 | Time: 144945s
Ep 57400 | Avg Score: 35.01 | Noise: 0.05 | Time: 145071s
Ep 57450 | Avg Score: 35.02 | Noise: 0.05 | Time: 145198s
Ep 57500 | Avg Score: 35.38 | Noise: 0.05 | Time: 145324s
Ep 57550 | Avg Score: 30.98 | Noise: 0.05 | Time: 145449s
Ep 57600 | Avg Score: 32.07 | Noise: 0.05 | Time: 145574s
Ep 57650 | Avg Score: 39.00 | Noise: 0.05 | Time: 145701s
Ep 57700 | Avg Score: 37.01 | Noise: 0.05 | Time: 145827s
Ep 57750 | Avg Score: 35.98 | Noise: 0.05 | Time: 145953s
Ep 57800 | Avg Score: 43.87 | Noise: 0.05 | Time: 146079s
Ep 57850 | Avg Score: 42.94 | Noise: 0.05 | Time: 146206s
Ep 57900 | Avg Score: 39.74 | Noise: 0.05 | Time: 146332s
Ep 57950 | Avg Score: 48.39 | Noise: 0.05 | Time: 146457s
Ep 58000 | Avg Score: 49.74 | Noise: 0.05 | Time: 146582s
Models saved to ./runs/simple_tag_v3/dag_tag_60k/model.pt
Ep 58050 | Avg Score: 42.90 | Noise: 0.05 | Time: 146707s
Ep 58100 | Avg Score: 36.05 | Noise: 0.05 | Time: 146831s
Ep 58150 | Avg Score: 33.61 | Noise: 0.05 | Time: 146957s
Ep 58200 | Avg Score: 34.67 | Noise: 0.05 | Time: 147083s
Ep 58250 | Avg Score: 31.12 | Noise: 0.05 | Time: 147209s
Ep 58300 | Avg Score: 29.12 | Noise: 0.05 | Time: 147334s
Ep 58350 | Avg Score: 34.06 | Noise: 0.05 | Time: 147460s
Ep 58400 | Avg Score: 35.47 | Noise: 0.05 | Time: 147585s
Ep 58450 | Avg Score: 28.59 | Noise: 0.05 | Time: 147711s
Ep 58500 | Avg Score: 20.38 | Noise: 0.05 | Time: 147837s
Ep 58550 | Avg Score: 27.74 | Noise: 0.05 | Time: 147963s
Ep 58600 | Avg Score: 36.44 | Noise: 0.05 | Time: 148089s
Ep 58650 | Avg Score: 53.83 | Noise: 0.05 | Time: 148217s
Ep 58700 | Avg Score: 69.70 | Noise: 0.05 | Time: 148342s
Ep 58750 | Avg Score: 55.96 | Noise: 0.05 | Time: 148467s
Ep 58800 | Avg Score: 41.43 | Noise: 0.05 | Time: 148591s
Ep 58850 | Avg Score: 36.05 | Noise: 0.05 | Time: 148715s
Ep 58900 | Avg Score: 41.16 | Noise: 0.05 | Time: 148840s
Ep 58950 | Avg Score: 48.63 | Noise: 0.05 | Time: 148966s
Ep 59000 | Avg Score: 47.73 | Noise: 0.05 | Time: 149092s
Models saved to ./runs/simple_tag_v3/dag_tag_60k/model.pt
Ep 59050 | Avg Score: 54.12 | Noise: 0.05 | Time: 149219s
Ep 59100 | Avg Score: 65.49 | Noise: 0.05 | Time: 149345s
Ep 59150 | Avg Score: 52.21 | Noise: 0.05 | Time: 149472s
Ep 59200 | Avg Score: 41.72 | Noise: 0.05 | Time: 149597s
Ep 59250 | Avg Score: 41.48 | Noise: 0.05 | Time: 149722s
Ep 59300 | Avg Score: 32.18 | Noise: 0.05 | Time: 149847s
Ep 59350 | Avg Score: 33.26 | Noise: 0.05 | Time: 149972s
Ep 59400 | Avg Score: 43.48 | Noise: 0.05 | Time: 150098s
Ep 59450 | Avg Score: 44.70 | Noise: 0.05 | Time: 150223s
Ep 59500 | Avg Score: 44.64 | Noise: 0.05 | Time: 150347s
Ep 59550 | Avg Score: 40.74 | Noise: 0.05 | Time: 150472s
Ep 59600 | Avg Score: 29.05 | Noise: 0.05 | Time: 150598s
Ep 59650 | Avg Score: 32.10 | Noise: 0.05 | Time: 150723s
Ep 59700 | Avg Score: 39.63 | Noise: 0.05 | Time: 150848s
Ep 59750 | Avg Score: 40.86 | Noise: 0.05 | Time: 150975s
Ep 59800 | Avg Score: 27.16 | Noise: 0.05 | Time: 151100s
Ep 59850 | Avg Score: 21.49 | Noise: 0.05 | Time: 151227s
Ep 59900 | Avg Score: 29.45 | Noise: 0.05 | Time: 151352s
Ep 59950 | Avg Score: 32.18 | Noise: 0.05 | Time: 151477s
Ep 60000 | Avg Score: 31.37 | Noise: 0.05 | Time: 151602s
Models saved to ./runs/simple_tag_v3/dag_tag_60k/model.pt
Models saved to ./runs/simple_tag_v3/dag_tag_60k/final_model.pt
